[18:10:36] [main/INFO]: Using primary tweak class name optifine.OptiFineTweaker
[18:10:36] [main/INFO]: Loading tweak class name org.tlauncher.tweaker.Tweaker
[18:10:36] [main/INFO]: Calling tweak class optifine.OptiFineTweaker
[18:10:36] [main/INFO]: Calling tweak class org.tlauncher.tweaker.Tweaker
[18:10:37] [main/INFO]: Launching wrapped minecraft {net.minecraft.client.main.Main}
[18:10:38] [main/INFO]: [OptiFine] (Reflector) Field not found: World.tileEntitiesToBeRemoved
[18:10:38] [main/INFO]: [OptiFine] (Reflector) Class not present: net.minecraftforge.eventbus.api.Event$Result
[18:10:38] [main/INFO]: [OptiFine] (Reflector) Method not present: net.minecraftforge.common.extensions.IForgeBlockState.hasTileEntity
[18:10:38] [main/INFO]: [OptiFine] (Reflector) Class not present: net.minecraftforge.common.extensions.IForgeEntity
[18:10:38] [main/INFO]: [OptiFine] (Reflector) Class not present: net.minecraftforge.fml.CrashReportExtender
[18:10:39] [main/INFO]: [OptiFine] (Reflector) Method not present: aeg.createOptional
[18:11:14] [main/INFO]: [OptiFine] (Reflector) Class not present: net.minecraftforge.client.ForgeHooksClient
[18:11:18] [main/INFO]: Environment: authHost='https://authserver.mojang.com', accountsHost='https://api.mojang.com', sessionHost='https://sessionserver.mojang.com', servicesHost='https://api.minecraftservices.com', name='PROD'
[18:11:19] [main/INFO]: Setting user: WeirdCat
[18:11:26] [main/INFO]: [OptiFine] (Reflector) Class not present: net.minecraftforge.client.settings.KeyConflictContext
[18:11:28] [main/INFO]: [OptiFine] (Reflector) Class not present: net.minecraftforge.client.settings.KeyModifier
[18:11:30] [main/INFO]: Backend library: LWJGL version 3.2.2 build 10
[18:11:35] [main/INFO]: [OptiFine] (Reflector) Method not present: net.minecraftforge.fml.loading.progress.EarlyProgressVisualization.handOffWindow
[18:11:48] [main/INFO]: [OptiFine] 
[18:11:48] [main/INFO]: [OptiFine] OptiFine_1.16.5_HD_U_G8
[18:11:48] [main/INFO]: [OptiFine] Build: 20210515-161946
[18:11:48] [main/INFO]: [OptiFine] OS: Windows 10 (amd64) version 10.0
[18:11:48] [main/INFO]: [OptiFine] Java: 1.8.0_51, Oracle Corporation
[18:11:48] [main/INFO]: [OptiFine] VM: Java HotSpot(TM) 64-Bit Server VM (mixed mode), Oracle Corporation
[18:11:48] [main/INFO]: [OptiFine] LWJGL: 3.3.0 Win32 WGL EGL OSMesa VisualC DLL
[18:11:48] [main/INFO]: [OptiFine] OpenGL: AMD 15D8:C8, version 4.6.13596 Compatibility Profile Context 20.10.20 27.20.1020.1, ATI Technologies Inc.
[18:11:48] [main/INFO]: [OptiFine] OpenGL Version: 4.6.13596
[18:11:48] [main/INFO]: [OptiFine] OpenGL Fancy fog: Not available (GL_NV_fog_distance)
[18:11:49] [main/INFO]: [OptiFine] Maximum texture size: 16384x16384
[18:11:49] [VersionCheck/INFO]: [OptiFine] Checking for new version
[18:11:49] [main/INFO]: [Shaders] OpenGL Version: 4.6.13596 Compatibility Profile Context 20.10.20 27.20.1020.1
[18:11:49] [main/INFO]: [Shaders] Vendor:  ATI Technologies Inc.
[18:11:49] [main/INFO]: [Shaders] Renderer: AMD 15D8:C8
[18:11:49] [main/INFO]: [Shaders] Capabilities:  2.0  2.1  3.0  3.2  4.0 
[18:11:49] [main/INFO]: [Shaders] GL_MAX_DRAW_BUFFERS: 8
[18:11:49] [main/INFO]: [Shaders] GL_MAX_COLOR_ATTACHMENTS_EXT: 8
[18:11:49] [main/INFO]: [Shaders] GL_MAX_TEXTURE_IMAGE_UNITS: 32
[18:11:49] [main/INFO]: [Shaders] Load shaders configuration.
[18:11:49] [main/INFO]: [Shaders] Save shaders configuration.
[18:11:49] [main/INFO]: [Shaders] No shaderpack loaded.
[18:11:49] [main/INFO]: [OptiFine] (Reflector) Class not present: net.minecraftforge.fml.common.Loader
[18:11:52] [VersionCheck/INFO]: [OptiFine] Version found: G7
[18:11:54] [main/INFO]: [OptiFine] (Reflector) Class not present: net.minecraftforge.client.ItemModelMesherForge
[18:11:55] [main/INFO]: [OptiFine] (Reflector) Class not present: net.minecraftforge.client.model.pipeline.ForgeBlockModelRenderer
[18:11:57] [main/INFO]: Narrator library for x64 successfully loaded
[18:11:58] [main/INFO]: [OptiFine] (Reflector) Class not present: net.minecraftforge.fml.client.gui.screen.ModListScreen
[18:11:58] [main/INFO]: [OptiFine] (Reflector) Class not present: net.minecraftforge.client.gui.NotificationModUpdateScreen
[18:11:58] [main/INFO]: Reloading ResourceManager: Default
[18:11:58] [main/INFO]: [OptiFine] *** Reloading textures ***
[18:11:58] [main/INFO]: [OptiFine] Resource packs: Default
[18:11:59] [Worker-Main-9/INFO]: [OptiFine] (Reflector) Class not present: net.minecraftforge.client.model.ModelLoaderRegistry
[18:11:59] [Worker-Main-14/INFO]: [OptiFine] Multitexture: false
[18:11:59] [Worker-Main-11/INFO]: [OptiFine] Multitexture: false
[18:11:59] [Worker-Main-13/INFO]: [OptiFine] Multitexture: false
[18:11:59] [main/INFO]: [OptiFine] (Reflector) Method not present: eab.canRenderInLayer
[18:11:59] [main/INFO]: [OptiFine] *** Reflector Forge ***
[18:11:59] [main/INFO]: [OptiFine] (Reflector) Class not present: mods.betterfoliage.client.BetterFoliageClient
[18:11:59] [main/INFO]: [OptiFine] (Reflector) Class not present: net.minecraftforge.fml.BrandingControl
[18:11:59] [main/INFO]: [OptiFine] (Reflector) Class not present: net.minecraftforge.common.capabilities.ICapabilityProvider
[18:11:59] [main/INFO]: [OptiFine] (Reflector) Class not present: net.minecraftforge.common.capabilities.CapabilityProvider
[18:11:59] [main/INFO]: [OptiFine] (Reflector) Class not present: net.minecraftforge.fml.client.ClientModLoader
[18:11:59] [main/INFO]: [OptiFine] (Reflector) Class not present: net.minecraftforge.event.world.ChunkDataEvent$Save
[18:11:59] [main/INFO]: [OptiFine] (Reflector) Class not present: net.minecraftforge.event.world.ChunkEvent$Load
[18:11:59] [main/INFO]: [OptiFine] (Reflector) Class not present: net.minecraftforge.event.world.ChunkEvent$Unload
[18:11:59] [main/INFO]: [OptiFine] (Reflector) Class not present: net.minecraftforge.fml.client.ClientHooks
[18:11:59] [main/INFO]: [OptiFine] (Reflector) Class not present: net.minecraftforge.client.event.GuiScreenEvent$DrawScreenEvent$Pre
[18:11:59] [main/INFO]: [OptiFine] (Reflector) Class not present: net.minecraftforge.client.event.GuiScreenEvent$DrawScreenEvent$Post
[18:11:59] [main/INFO]: [OptiFine] (Reflector) Class not present: net.minecraftforge.event.entity.EntityLeaveWorldEvent
[18:11:59] [main/INFO]: [OptiFine] (Reflector) Class not present: net.minecraftforge.client.event.EntityViewRenderEvent$CameraSetup
[18:11:59] [main/INFO]: [OptiFine] (Reflector) Class not present: net.minecraftforge.client.event.EntityViewRenderEvent$FogColors
[18:11:59] [main/INFO]: [OptiFine] (Reflector) Class not present: net.minecraftforge.client.event.EntityViewRenderEvent$RenderFogEvent
[18:11:59] [main/INFO]: [OptiFine] (Reflector) Class not present: net.minecraftforge.event.entity.EntityJoinWorldEvent
[18:11:59] [main/INFO]: [OptiFine] (Reflector) Method not present: net.minecraftforge.eventbus.api.Event.isCanceled
[18:11:59] [main/INFO]: [OptiFine] (Reflector) Method not present: net.minecraftforge.eventbus.api.Event.getResult
[18:11:59] [main/INFO]: [OptiFine] (Reflector) Class not present: net.minecraftforge.eventbus.api.IEventBus
[18:11:59] [main/INFO]: [OptiFine] (Reflector) Class not present: net.minecraftforge.common.extensions.IForgeBlock
[18:11:59] [main/INFO]: [OptiFine] (Reflector) Method not present: eaw.getTexture
[18:11:59] [main/INFO]: [OptiFine] (Reflector) Method not present: net.minecraftforge.common.extensions.IForgeBlockState.addDestroyEffects
[18:11:59] [main/INFO]: [OptiFine] (Reflector) Method not present: net.minecraftforge.common.extensions.IForgeBlockState.addHitEffects
[18:11:59] [main/INFO]: [OptiFine] (Reflector) Method not present: net.minecraftforge.common.extensions.IForgeBlockState.getLightValue
[18:11:59] [main/INFO]: [OptiFine] (Reflector) Method not present: net.minecraftforge.common.extensions.IForgeBlockState.getSoundType
[18:11:59] [main/INFO]: [OptiFine] (Reflector) Method not present: net.minecraftforge.common.extensions.IForgeBlockState.getStateAtViewpoint
[18:11:59] [main/INFO]: [OptiFine] (Reflector) Method not present: net.minecraftforge.common.extensions.IForgeBlockState.isAir
[18:11:59] [main/INFO]: [OptiFine] (Reflector) Method not present: net.minecraftforge.common.extensions.IForgeBlockState.shouldDisplayFluidOverlay
[18:11:59] [main/INFO]: [OptiFine] (Reflector) Class not present: net.minecraftforge.common.extensions.IForgeFluid
[18:11:59] [main/INFO]: [OptiFine] (Reflector) Class not present: net.minecraftforge.fluids.FluidAttributes
[18:11:59] [main/INFO]: [OptiFine] (Reflector) Method not present: aqe.getTags
[18:11:59] [main/INFO]: [OptiFine] (Reflector) Class not present: net.minecraftforge.event.ForgeEventFactory
[18:11:59] [main/INFO]: [OptiFine] (Reflector) Method not present: cuw.getTags
[18:11:59] [main/INFO]: [OptiFine] (Reflector) Class not present: net.minecraftforge.common.ForgeHooks
[18:11:59] [main/INFO]: [OptiFine] (Reflector) Class not present: net.minecraftforge.common.ForgeConfig
[18:11:59] [main/INFO]: [OptiFine] (Reflector) Class not present: net.minecraftforge.common.ForgeConfig$Client
[18:11:59] [main/INFO]: [OptiFine] (Reflector) Class not present: net.minecraftforge.common.ForgeConfigSpec
[18:11:59] [main/INFO]: [OptiFine] (Reflector) Class not present: net.minecraftforge.common.ForgeConfigSpec$ConfigValue
[18:11:59] [main/INFO]: [OptiFine] (Reflector) Method not present: cfw.getWorldForge
[18:11:59] [main/INFO]: [OptiFine] (Reflector) Class not present: net.minecraftforge.common.extensions.IForgeItem
[18:12:00] [main/INFO]: [OptiFine] (Reflector) Class not present: net.minecraftforge.common.extensions.IForgeItemStack
[18:12:00] [main/INFO]: [OptiFine] (Reflector) Class not present: net.minecraftforge.fml.ForgeI18n
[18:12:00] [main/INFO]: [OptiFine] (Reflector) Method not present: djw.setKeyConflictContext
[18:12:00] [main/INFO]: [OptiFine] (Reflector) Method not present: djw.setKeyModifierAndCode
[18:12:00] [main/INFO]: [OptiFine] (Reflector) Method not present: djw.getKeyModifier
[18:12:00] [main/INFO]: [OptiFine] (Reflector) Class not present: net.minecraftforge.common.extensions.IForgeEffectInstance
[18:12:00] [main/INFO]: [OptiFine] (Reflector) Class not present: net.minecraftforge.registries.ForgeRegistryEntry
[18:12:00] [main/INFO]: [OptiFine] (Reflector) Method not present: eab.canRenderInLayer
[18:12:00] [main/INFO]: [OptiFine] (Reflector) Constructor not present: aak, params: class aal, int, class java.lang.Object, boolean
[18:12:00] [main/INFO]: [OptiFine] (Reflector) Method not present: aak.isForceTicks
[18:12:00] [main/INFO]: [OptiFine] (Reflector) Class not present: net.minecraftforge.common.extensions.IForgeTileEntity
[18:12:00] [main/INFO]: [OptiFine] (Reflector) Method not present: dzv.getCloudRenderHandler
[18:12:00] [main/INFO]: [OptiFine] (Reflector) Method not present: dzv.getSkyRenderHandler
[18:12:00] [main/INFO]: [OptiFine] (Reflector) Method not present: dzv.getWeatherParticleRenderHandler
[18:12:00] [main/INFO]: [OptiFine] (Reflector) Method not present: dzv.getWeatherRenderHandler
[18:12:00] [main/INFO]: [OptiFine] (Reflector) Class not present: net.minecraftforge.client.IRenderHandler
[18:12:00] [main/INFO]: [OptiFine] (Reflector) Class not present: net.minecraftforge.client.model.pipeline.LightUtil
[18:12:00] [main/INFO]: [OptiFine] (Reflector) Class not present: net.minecraftforge.common.MinecraftForge
[18:12:00] [main/INFO]: [OptiFine] (Reflector) Class not present: net.minecraftforge.client.MinecraftForgeClient
[18:12:00] [main/INFO]: [OptiFine] (Reflector) Class not present: net.minecraftforge.fml.common.ModContainer
[18:12:00] [main/INFO]: [OptiFine] (Reflector) Class not present: net.minecraftforge.entity.PartEntity
[18:12:00] [main/INFO]: [OptiFine] (Reflector) Class not present: net.minecraftforge.event.entity.PlaySoundAtEntityEvent
[18:12:00] [main/INFO]: [OptiFine] (Reflector) Class not present: net.minecraftforge.client.event.RenderBlockOverlayEvent$OverlayType
[18:12:00] [main/INFO]: [OptiFine] (Reflector) Class not present: net.minecraftforge.fml.client.registry.RenderingRegistry
[18:12:00] [main/INFO]: [OptiFine] (Reflector) Class not present: net.minecraftforge.client.event.RenderGameOverlayEvent$BossInfo
[18:12:00] [main/INFO]: [OptiFine] (Reflector) Class not present: net.minecraftforge.client.event.RenderItemInFrameEvent
[18:12:00] [main/INFO]: [OptiFine] (Reflector) Class not present: net.minecraftforge.client.event.RenderLivingEvent$Pre
[18:12:00] [main/INFO]: [OptiFine] (Reflector) Class not present: net.minecraftforge.client.event.RenderLivingEvent$Post
[18:12:00] [main/INFO]: [OptiFine] (Reflector) Class not present: net.minecraftforge.client.event.RenderNameplateEvent
[18:12:00] [main/INFO]: [OptiFine] (Reflector) Class not present: net.minecraftforge.client.event.ScreenshotEvent
[18:12:00] [main/INFO]: [OptiFine] (Reflector) Class not present: net.minecraftforge.fml.server.ServerLifecycleHooks
[18:12:00] [main/INFO]: [OptiFine] (Reflector) Class not present: net.minecraftforge.event.world.WorldEvent$Load
[18:12:00] [main/INFO]: [OptiFine] *** Reflector Vanilla ***
[18:12:08] [Realms Notification Availability checker #1/INFO]: Could not authorize you against Realms server: Invalid session id
[18:12:13] [Worker-Main-9/INFO]: [OptiFine] Multitexture: false
[18:12:14] [Worker-Main-9/INFO]: [OptiFine] ConnectedTextures: optifine/ctm/default/00_glass_white/glass_pane_white.properties
[18:12:14] [Worker-Main-9/INFO]: [OptiFine] ConnectedTextures: optifine/ctm/default/00_glass_white/glass_white.properties
[18:12:14] [Worker-Main-9/INFO]: [OptiFine] ConnectedTextures: optifine/ctm/default/01_glass_orange/glass_orange.properties
[18:12:14] [Worker-Main-9/INFO]: [OptiFine] ConnectedTextures: optifine/ctm/default/01_glass_orange/glass_pane_orange.properties
[18:12:14] [Worker-Main-9/INFO]: [OptiFine] ConnectedTextures: optifine/ctm/default/02_glass_magenta/glass_magenta.properties
[18:12:14] [Worker-Main-9/INFO]: [OptiFine] ConnectedTextures: optifine/ctm/default/02_glass_magenta/glass_pane_magenta.properties
[18:12:14] [Worker-Main-9/INFO]: [OptiFine] ConnectedTextures: optifine/ctm/default/03_glass_light_blue/glass_light_blue.properties
[18:12:14] [Worker-Main-9/INFO]: [OptiFine] ConnectedTextures: optifine/ctm/default/03_glass_light_blue/glass_pane_light_blue.properties
[18:12:14] [Worker-Main-9/INFO]: [OptiFine] ConnectedTextures: optifine/ctm/default/04_glass_yellow/glass_pane_yellow.properties
[18:12:14] [Worker-Main-9/INFO]: [OptiFine] ConnectedTextures: optifine/ctm/default/04_glass_yellow/glass_yellow.properties
[18:12:14] [Worker-Main-9/INFO]: [OptiFine] ConnectedTextures: optifine/ctm/default/05_glass_lime/glass_lime.properties
[18:12:14] [Worker-Main-9/INFO]: [OptiFine] ConnectedTextures: optifine/ctm/default/05_glass_lime/glass_pane_lime.properties
[18:12:14] [Worker-Main-9/INFO]: [OptiFine] ConnectedTextures: optifine/ctm/default/06_glass_pink/glass_pane_pink.properties
[18:12:14] [Worker-Main-9/INFO]: [OptiFine] ConnectedTextures: optifine/ctm/default/06_glass_pink/glass_pink.properties
[18:12:14] [Worker-Main-9/INFO]: [OptiFine] ConnectedTextures: optifine/ctm/default/07_glass_gray/glass_gray.properties
[18:12:14] [Worker-Main-9/INFO]: [OptiFine] ConnectedTextures: optifine/ctm/default/07_glass_gray/glass_pane_gray.properties
[18:12:14] [Worker-Main-9/INFO]: [OptiFine] ConnectedTextures: optifine/ctm/default/08_glass_light_gray/glass_light_gray.properties
[18:12:14] [Worker-Main-9/INFO]: [OptiFine] ConnectedTextures: optifine/ctm/default/08_glass_light_gray/glass_pane_light_gray.properties
[18:12:14] [Worker-Main-9/INFO]: [OptiFine] ConnectedTextures: optifine/ctm/default/09_glass_cyan/glass_cyan.properties
[18:12:14] [Worker-Main-9/INFO]: [OptiFine] ConnectedTextures: optifine/ctm/default/09_glass_cyan/glass_pane_cyan.properties
[18:12:14] [Worker-Main-9/INFO]: [OptiFine] ConnectedTextures: optifine/ctm/default/10_glass_purple/glass_pane_purple.properties
[18:12:14] [Worker-Main-9/INFO]: [OptiFine] ConnectedTextures: optifine/ctm/default/10_glass_purple/glass_purple.properties
[18:12:14] [Worker-Main-9/INFO]: [OptiFine] ConnectedTextures: optifine/ctm/default/11_glass_blue/glass_blue.properties
[18:12:14] [Worker-Main-9/INFO]: [OptiFine] ConnectedTextures: optifine/ctm/default/11_glass_blue/glass_pane_blue.properties
[18:12:14] [Worker-Main-9/INFO]: [OptiFine] ConnectedTextures: optifine/ctm/default/12_glass_brown/glass_brown.properties
[18:12:14] [Worker-Main-9/INFO]: [OptiFine] ConnectedTextures: optifine/ctm/default/12_glass_brown/glass_pane_brown.properties
[18:12:14] [Worker-Main-9/INFO]: [OptiFine] ConnectedTextures: optifine/ctm/default/13_glass_green/glass_green.properties
[18:12:14] [Worker-Main-9/INFO]: [OptiFine] ConnectedTextures: optifine/ctm/default/13_glass_green/glass_pane_green.properties
[18:12:14] [Worker-Main-9/INFO]: [OptiFine] ConnectedTextures: optifine/ctm/default/14_glass_red/glass_pane_red.properties
[18:12:14] [Worker-Main-9/INFO]: [OptiFine] ConnectedTextures: optifine/ctm/default/14_glass_red/glass_red.properties
[18:12:14] [Worker-Main-9/INFO]: [OptiFine] ConnectedTextures: optifine/ctm/default/15_glass_black/glass_black.properties
[18:12:14] [Worker-Main-9/INFO]: [OptiFine] ConnectedTextures: optifine/ctm/default/15_glass_black/glass_pane_black.properties
[18:12:14] [Worker-Main-9/INFO]: [OptiFine] ConnectedTextures: optifine/ctm/default/20_glass/glass.properties
[18:12:14] [Worker-Main-9/INFO]: [OptiFine] ConnectedTextures: optifine/ctm/default/20_glass/glass_pane.properties
[18:12:14] [Worker-Main-9/INFO]: [OptiFine] ConnectedTextures: optifine/ctm/default/30_bookshelf/bookshelf.properties
[18:12:14] [Worker-Main-9/INFO]: [OptiFine] ConnectedTextures: optifine/ctm/default/40_sandstone/sandstone.properties
[18:12:14] [Worker-Main-9/INFO]: [OptiFine] ConnectedTextures: optifine/ctm/default/41_red_sandstone/red_sandstone.properties
[18:12:14] [Worker-Main-9/INFO]: [OptiFine] Multipass connected textures: false
[18:12:14] [Worker-Main-9/INFO]: [OptiFine] BetterGrass: Parsing default configuration optifine/bettergrass.properties
[18:12:23] [Worker-Main-9/INFO]: [OptiFine] Mipmap levels: 4
[18:12:24] [Worker-Main-9/INFO]: [OptiFine] Multitexture: false
[18:12:24] [Worker-Main-9/INFO]: [OptiFine] Sprite size: 64
[18:12:24] [Worker-Main-9/INFO]: [OptiFine] Mipmap levels: 6
[18:12:24] [Worker-Main-9/INFO]: [OptiFine] Multitexture: false
[18:12:25] [Worker-Main-9/INFO]: [OptiFine] Sprite size: 64
[18:12:25] [Worker-Main-9/INFO]: [OptiFine] Mipmap levels: 6
[18:12:25] [Worker-Main-9/INFO]: [OptiFine] Multitexture: false
[18:12:26] [Worker-Main-9/INFO]: [OptiFine] Sprite size: 64
[18:12:26] [Worker-Main-9/INFO]: [OptiFine] Mipmap levels: 6
[18:12:26] [Worker-Main-9/INFO]: [OptiFine] Multitexture: false
[18:12:26] [Worker-Main-9/INFO]: [OptiFine] Sprite size: 64
[18:12:26] [Worker-Main-9/INFO]: [OptiFine] Mipmap levels: 6
[18:12:26] [Worker-Main-9/INFO]: [OptiFine] Multitexture: false
[18:12:26] [Worker-Main-9/INFO]: [OptiFine] Sprite size: 64
[18:12:26] [Worker-Main-9/INFO]: [OptiFine] Mipmap levels: 6
[18:12:26] [Worker-Main-9/INFO]: [OptiFine] Multitexture: false
[18:12:26] [Worker-Main-9/INFO]: [OptiFine] Sprite size: 64
[18:12:26] [Worker-Main-9/INFO]: [OptiFine] Mipmap levels: 6
[18:12:30] [main/INFO]: OpenAL initialized.
[18:12:30] [main/INFO]: Sound engine started
[18:12:30] [main/INFO]: Created: 1024x512x4 minecraft:textures/atlas/blocks.png-atlas
[18:12:30] [main/INFO]: [OptiFine] Animated sprites: 43
[18:12:30] [main/INFO]: Created: 256x128x4 minecraft:textures/atlas/signs.png-atlas
[18:12:30] [main/INFO]: [OptiFine] Animated sprites: 0
[18:12:30] [main/INFO]: Created: 512x512x4 minecraft:textures/atlas/banner_patterns.png-atlas
[18:12:30] [main/INFO]: [OptiFine] Animated sprites: 0
[18:12:30] [main/INFO]: Created: 512x512x4 minecraft:textures/atlas/shield_patterns.png-atlas
[18:12:30] [main/INFO]: [OptiFine] Animated sprites: 0
[18:12:30] [main/INFO]: Created: 256x256x4 minecraft:textures/atlas/chest.png-atlas
[18:12:30] [main/INFO]: [OptiFine] Animated sprites: 0
[18:12:30] [main/INFO]: Created: 512x256x4 minecraft:textures/atlas/beds.png-atlas
[18:12:30] [main/INFO]: [OptiFine] Animated sprites: 0
[18:12:30] [main/INFO]: Created: 512x256x4 minecraft:textures/atlas/shulker_boxes.png-atlas
[18:12:30] [main/INFO]: [OptiFine] Animated sprites: 0
[18:12:32] [main/INFO]: Created: 256x256x0 minecraft:textures/atlas/particles.png-atlas
[18:12:32] [main/INFO]: [OptiFine] Animated sprites: 0
[18:12:32] [main/INFO]: Created: 256x256x0 minecraft:textures/atlas/paintings.png-atlas
[18:12:32] [main/INFO]: [OptiFine] Animated sprites: 0
[18:12:32] [main/INFO]: Created: 128x128x0 minecraft:textures/atlas/mob_effects.png-atlas
[18:12:32] [main/INFO]: [OptiFine] Animated sprites: 0
[18:12:32] [main/INFO]: [OptiFine] *** Reloading custom textures ***
[18:12:34] [main/INFO]: [OptiFine] Disable Forge light pipeline
[18:14:28] [main/WARN]: Ambiguity between arguments [teleport, destination] and [teleport, targets] with inputs: [Player, 0123, @e, dd12be42-52a9-4a91-a8a1-11c01849e498]
[18:14:28] [main/WARN]: Ambiguity between arguments [teleport, location] and [teleport, destination] with inputs: [0.1 -0.5 .9, 0 0 0]
[18:14:28] [main/WARN]: Ambiguity between arguments [teleport, location] and [teleport, targets] with inputs: [0.1 -0.5 .9, 0 0 0]
[18:14:28] [main/WARN]: Ambiguity between arguments [teleport, targets] and [teleport, destination] with inputs: [Player, 0123, dd12be42-52a9-4a91-a8a1-11c01849e498]
[18:14:28] [main/WARN]: Ambiguity between arguments [teleport, targets, location] and [teleport, targets, destination] with inputs: [0.1 -0.5 .9, 0 0 0]
[18:14:28] [main/INFO]: Reloading ResourceManager: Default
[18:14:29] [main/INFO]: Loaded 7 recipes
[18:14:30] [main/INFO]: Loaded 927 advancements
[18:14:32] [main/INFO]: Environment: authHost='https://authserver.mojang.com', accountsHost='https://api.mojang.com', sessionHost='https://sessionserver.mojang.com', servicesHost='https://api.minecraftservices.com', name='PROD'
[18:14:32] [Server thread/INFO]: Starting integrated minecraft server version 1.16.5
[18:14:32] [Server thread/INFO]: Generating keypair
[18:14:33] [Server thread/INFO]: Preparing start region for dimension minecraft:overworld
[18:14:41] [main/INFO]: Preparando área de nascimento: 0%
[18:14:41] [main/INFO]: Preparando área de nascimento: 0%
[18:14:41] [main/INFO]: Preparando área de nascimento: 0%
[18:14:41] [main/INFO]: Preparando área de nascimento: 0%
[18:14:41] [main/INFO]: Preparando área de nascimento: 0%
[18:14:41] [main/INFO]: Preparando área de nascimento: 0%
[18:14:41] [main/INFO]: Preparando área de nascimento: 0%
[18:14:41] [main/INFO]: Preparando área de nascimento: 0%
[18:14:41] [main/INFO]: Preparando área de nascimento: 0%
[18:14:41] [main/INFO]: Preparando área de nascimento: 0%
[18:14:41] [main/INFO]: Preparando área de nascimento: 0%
[18:14:41] [main/INFO]: Preparando área de nascimento: 0%
[18:14:41] [main/INFO]: Preparando área de nascimento: 0%
[18:14:41] [main/INFO]: Preparando área de nascimento: 0%
[18:14:41] [main/INFO]: Preparando área de nascimento: 0%
[18:14:41] [main/INFO]: Preparando área de nascimento: 0%
[18:14:41] [main/INFO]: Preparando área de nascimento: 0%
[18:14:42] [main/INFO]: Preparando área de nascimento: 0%
[18:14:42] [main/INFO]: Preparando área de nascimento: 83%
[18:14:42] [main/INFO]: Time elapsed: 9364 ms
[18:14:42] [Server thread/INFO]: Changing view distance to 11, from 10
[18:14:44] [Server thread/INFO]: WeirdCat[local:E:9f39aa7c] logged in with entity id 123 at (-389.56285126497767, 71.0, -122.30638306717074)
[18:14:44] [Server thread/INFO]: WeirdCat entrou na partida
[18:14:45] [Server thread/INFO]: Saving and pausing game...
[18:14:45] [Server thread/INFO]: Saving chunks for level 'ServerLevel[Só na Brotheragem]'/minecraft:overworld
[18:14:46] [Server thread/INFO]: Saving chunks for level 'ServerLevel[Só na Brotheragem]'/minecraft:the_nether
[18:14:46] [Server thread/INFO]: Saving chunks for level 'ServerLevel[Só na Brotheragem]'/minecraft:the_end
[18:14:47] [Server thread/WARN]: Can't keep up! Is the server overloaded? Running 2639ms or 52 ticks behind
[18:14:47] [main/INFO]: Loaded 232 advancements
[18:14:47] [main/INFO]: calculated cape performance:TEXTURE_272, middle time: 6.666666666666667
[18:14:48] [main/INFO]: textures 'elitra_test_272' was added, skin: false,cape: true, max waiting: 248 ,during : 250517 
[18:14:48] [main/INFO]: can use texture size:TEXTURE_136, middle time: 72.9
[18:14:51] [main/WARN]: Received passengers for unknown entity
[18:14:55] [Server thread/INFO]: Saving and pausing game...
[18:14:55] [Server thread/INFO]: Saving chunks for level 'ServerLevel[Só na Brotheragem]'/minecraft:overworld
[18:14:56] [Server thread/INFO]: Saving chunks for level 'ServerLevel[Só na Brotheragem]'/minecraft:the_nether
[18:14:56] [Server thread/INFO]: Saving chunks for level 'ServerLevel[Só na Brotheragem]'/minecraft:the_end
[18:14:57] [Server thread/INFO]: WeirdCat lost connection: Desconectado
[18:14:57] [Server thread/INFO]: WeirdCat saiu da partida
[18:14:57] [Server thread/INFO]: Stopping singleplayer server as player logged out
[18:14:57] [Server thread/INFO]: Stopping server
[18:14:57] [Server thread/INFO]: Saving players
[18:14:57] [Server thread/INFO]: Saving worlds
[18:14:57] [Server thread/INFO]: Saving chunks for level 'ServerLevel[Só na Brotheragem]'/minecraft:overworld
[18:14:58] [Server thread/INFO]: ThreadedAnvilChunkStorage (Suturn&Lunamiibunny): All chunks are saved
[18:14:58] [Server thread/INFO]: Saving chunks for level 'ServerLevel[Só na Brotheragem]'/minecraft:the_nether
[18:14:58] [Server thread/INFO]: ThreadedAnvilChunkStorage (DIM-1): All chunks are saved
[18:14:58] [Server thread/INFO]: Saving chunks for level 'ServerLevel[Só na Brotheragem]'/minecraft:the_end
[18:14:58] [Server thread/INFO]: ThreadedAnvilChunkStorage (DIM1): All chunks are saved
[18:14:58] [Server thread/INFO]: ThreadedAnvilChunkStorage (Suturn&Lunamiibunny): All chunks are saved
[18:14:58] [Server thread/INFO]: ThreadedAnvilChunkStorage (DIM-1): All chunks are saved
[18:14:58] [Server thread/INFO]: ThreadedAnvilChunkStorage (DIM1): All chunks are saved
[18:17:07] [main/WARN]: Ambiguity between arguments [teleport, destination] and [teleport, targets] with inputs: [Player, 0123, @e, dd12be42-52a9-4a91-a8a1-11c01849e498]
[18:17:07] [main/WARN]: Ambiguity between arguments [teleport, location] and [teleport, destination] with inputs: [0.1 -0.5 .9, 0 0 0]
[18:17:07] [main/WARN]: Ambiguity between arguments [teleport, location] and [teleport, targets] with inputs: [0.1 -0.5 .9, 0 0 0]
[18:17:07] [main/WARN]: Ambiguity between arguments [teleport, targets] and [teleport, destination] with inputs: [Player, 0123, dd12be42-52a9-4a91-a8a1-11c01849e498]
[18:17:07] [main/WARN]: Ambiguity between arguments [teleport, targets, location] and [teleport, targets, destination] with inputs: [0.1 -0.5 .9, 0 0 0]
[18:17:07] [main/INFO]: Reloading ResourceManager: Default
[18:17:08] [main/INFO]: Loaded 7 recipes
[18:17:08] [main/INFO]: Loaded 927 advancements
[18:17:09] [main/INFO]: Environment: authHost='https://authserver.mojang.com', accountsHost='https://api.mojang.com', sessionHost='https://sessionserver.mojang.com', servicesHost='https://api.minecraftservices.com', name='PROD'
[18:17:09] [Server thread/INFO]: Starting integrated minecraft server version 1.16.5
[18:17:09] [Server thread/INFO]: Generating keypair
[18:17:13] [Server thread/INFO]: Preparing start region for dimension minecraft:overworld
[18:17:13] [main/INFO]: Preparando área de nascimento: 0%
[18:17:14] [main/INFO]: Preparando área de nascimento: 0%
[18:17:14] [main/INFO]: Preparando área de nascimento: 0%
[18:17:14] [main/INFO]: Preparando área de nascimento: 0%
[18:17:15] [main/INFO]: Preparando área de nascimento: 1%
[18:17:15] [main/INFO]: Preparando área de nascimento: 3%
[18:17:16] [main/INFO]: Preparando área de nascimento: 5%
[18:17:16] [main/INFO]: Preparando área de nascimento: 8%
[18:17:17] [main/INFO]: Preparando área de nascimento: 11%
[18:17:17] [main/INFO]: Preparando área de nascimento: 12%
[18:17:18] [main/INFO]: Preparando área de nascimento: 15%
[18:17:18] [main/INFO]: Preparando área de nascimento: 17%
[18:17:19] [main/INFO]: Preparando área de nascimento: 17%
[18:17:19] [main/INFO]: Preparando área de nascimento: 22%
[18:17:20] [main/INFO]: Preparando área de nascimento: 24%
[18:17:20] [main/INFO]: Preparando área de nascimento: 24%
[18:17:21] [main/INFO]: Preparando área de nascimento: 36%
[18:17:21] [main/INFO]: Preparando área de nascimento: 36%
[18:17:22] [main/INFO]: Preparando área de nascimento: 43%
[18:17:22] [main/INFO]: Preparando área de nascimento: 43%
[18:17:23] [main/INFO]: Preparando área de nascimento: 55%
[18:17:23] [main/INFO]: Preparando área de nascimento: 60%
[18:17:24] [main/INFO]: Preparando área de nascimento: 60%
[18:17:24] [main/INFO]: Preparando área de nascimento: 73%
[18:17:25] [main/INFO]: Preparando área de nascimento: 78%
[18:17:25] [main/INFO]: Preparando área de nascimento: 84%
[18:17:26] [main/INFO]: Preparando área de nascimento: 90%
[18:17:26] [main/INFO]: Preparando área de nascimento: 98%
[18:17:26] [main/INFO]: Time elapsed: 13633 ms
[18:17:27] [Server thread/INFO]: Changing view distance to 11, from 10
[18:17:27] [Server thread/INFO]: WeirdCat[local:E:ec5bb274] logged in with entity id 667 at (-150.5, 67.0, -193.5)
[18:17:27] [Server thread/INFO]: WeirdCat entrou na partida
[18:17:28] [Server thread/INFO]: Saving and pausing game...
[18:17:28] [Server thread/INFO]: Saving chunks for level 'ServerLevel[Só na brotheragem]'/minecraft:overworld
[18:17:28] [main/INFO]: Loaded 0 advancements
[18:17:32] [Server thread/INFO]: Saving chunks for level 'ServerLevel[Só na brotheragem]'/minecraft:the_nether
[18:17:32] [Server thread/INFO]: Saving chunks for level 'ServerLevel[Só na brotheragem]'/minecraft:the_end
[18:17:32] [Server thread/WARN]: Can't keep up! Is the server overloaded? Running 5249ms or 104 ticks behind
[18:17:41] [Server thread/INFO]: Saving and pausing game...
[18:17:41] [Server thread/INFO]: Saving chunks for level 'ServerLevel[Só na brotheragem]'/minecraft:overworld
[18:17:42] [Server thread/INFO]: Saving chunks for level 'ServerLevel[Só na brotheragem]'/minecraft:the_nether
[18:17:42] [Server thread/INFO]: Saving chunks for level 'ServerLevel[Só na brotheragem]'/minecraft:the_end
[18:17:46] [main/INFO]: Using default channel type
[18:17:46] [main/INFO]: Started serving on 49393
[18:17:46] [main/INFO]: [CHAT] A partida local foi hospedada na porta 49393
[18:18:23] [main/INFO]: Loaded 4 advancements
[18:19:00] [User Authenticator #1/WARN]: Failed to verify username but will let them in anyway!
[18:19:00] [Server thread/INFO]: xadumTt[/26.168.74.204:54964] logged in with entity id 1505 at (-158.5, 67.0, -195.5)
[18:19:00] [Server thread/INFO]: xadumTt entrou na partida
[18:19:00] [main/INFO]: [CHAT] xadumTt entrou na partida
[18:19:14] [Server thread/WARN]: WeirdCat moved wrongly!
[18:20:05] [main/INFO]: Loaded 16 advancements
[18:20:08] [main/INFO]: Loaded 19 advancements
[18:20:09] [main/INFO]: Loaded 28 advancements
[18:20:43] [User Authenticator #2/WARN]: Failed to verify username but will let them in anyway!
[18:20:43] [Server thread/INFO]: lepskaleps[/26.105.170.195:57665] logged in with entity id 2203 at (-160.5, 64.0, -182.5)
[18:20:43] [Server thread/INFO]: lepskaleps entrou na partida
[18:20:43] [main/INFO]: [CHAT] lepskaleps entrou na partida
[18:20:45] [main/INFO]: Loaded 34 advancements
[18:20:50] [Server thread/INFO]: WeirdCat conquistou o progresso [A Idade da Pedra]
[18:20:50] [main/INFO]: [CHAT] WeirdCat conquistou o progresso [A Idade da Pedra]
[18:20:50] [main/INFO]: Loaded 49 advancements
[18:22:02] [Server thread/INFO]: WeirdCat conquistou o progresso [Salto de qualidade]
[18:22:02] [main/INFO]: [CHAT] WeirdCat conquistou o progresso [Salto de qualidade]
[18:22:02] [main/INFO]: Loaded 54 advancements
[18:22:31] [main/INFO]: Loaded 56 advancements
[18:23:15] [main/INFO]: Loaded 57 advancements
[18:24:39] [main/INFO]: Loaded 71 advancements
[18:24:40] [main/INFO]: Loaded 90 advancements
[18:24:40] [main/INFO]: Loaded 93 advancements
[18:25:04] [main/INFO]: Loaded 93 advancements
[18:25:11] [Server thread/WARN]: Fetching packet for removed entity bcv['Muda de carvalho'/3677, l='ServerLevel[Só na brotheragem]', x=-156.29, y=70.00, z=-232.13]
[18:25:13] [main/INFO]: Loaded 93 advancements
[18:25:27] [main/INFO]: Loaded 102 advancements
[18:26:03] [main/INFO]: Loaded 105 advancements
[18:27:08] [main/INFO]: Loaded 106 advancements
[18:27:18] [User Authenticator #3/WARN]: Failed to verify username but will let them in anyway!
[18:27:18] [Server thread/INFO]: lunamiibunny[/26.252.3.25:60419] logged in with entity id 5806 at (-157.5, 67.0, -194.5)
[18:27:18] [Server thread/INFO]: lunamiibunny entrou na partida
[18:27:18] [main/INFO]: [CHAT] lunamiibunny entrou na partida
[18:29:03] [Server thread/INFO]: lepskaleps conquistou o progresso [A Idade da Pedra]
[18:29:03] [main/INFO]: [CHAT] lepskaleps conquistou o progresso [A Idade da Pedra]
[18:29:11] [main/INFO]: Loaded 118 advancements
[18:30:04] [User Authenticator #4/WARN]: Failed to verify username but will let them in anyway!
[18:30:04] [Server thread/INFO]: felpspintudo[/26.130.119.113:49782] logged in with entity id 6761 at (-152.5, 64.0, -186.5)
[18:30:04] [Server thread/INFO]: felpspintudo entrou na partida
[18:30:04] [main/INFO]: [CHAT] felpspintudo entrou na partida
[18:31:22] [Server thread/INFO]: <xadumTt> genmte temn un fenboy aq socoror
[18:31:22] [main/INFO]: [CHAT] <xadumTt> genmte temn un fenboy aq socoror
[18:31:46] [main/INFO]: Loaded 119 advancements
[18:32:15] [Server thread/INFO]: <xadumTt> -141 69 -212
[18:32:15] [main/INFO]: [CHAT] <xadumTt> -141 69 -212
[18:32:17] [Server thread/INFO]: WeirdCat conquistou o progresso [Caçador de monstros]
[18:32:17] [main/INFO]: [CHAT] WeirdCat conquistou o progresso [Caçador de monstros]
[18:32:17] [main/INFO]: Loaded 122 advancements
[18:32:33] [main/INFO]: Loaded 122 advancements
[18:32:50] [Server thread/INFO]: xadumTt conquistou o progresso [Bons sonhos]
[18:32:50] [main/INFO]: [CHAT] xadumTt conquistou o progresso [Bons sonhos]
[18:32:59] [Server thread/INFO]: lunamiibunny conquistou o progresso [Bons sonhos]
[18:32:59] [main/INFO]: [CHAT] lunamiibunny conquistou o progresso [Bons sonhos]
[18:33:17] [main/INFO]: [CHAT] O ponto de renascimento foi definido
[18:33:19] [main/INFO]: Loaded 124 advancements
[18:33:30] [Server thread/INFO]: WeirdCat conquistou o progresso [Bons sonhos]
[18:33:30] [main/INFO]: [CHAT] WeirdCat conquistou o progresso [Bons sonhos]
[18:33:30] [main/INFO]: Loaded 124 advancements
[18:33:32] [Server thread/INFO]: lunamiibunny conquistou o progresso [A Idade da Pedra]
[18:33:32] [main/INFO]: [CHAT] lunamiibunny conquistou o progresso [A Idade da Pedra]
[18:33:39] [Server thread/INFO]: lepskaleps conquistou o progresso [Salto de qualidade]
[18:33:40] [main/INFO]: [CHAT] lepskaleps conquistou o progresso [Salto de qualidade]
[18:34:09] [Server thread/INFO]: <xadumTt> BETONEIRA
[18:34:09] [main/INFO]: [CHAT] <xadumTt> BETONEIRA
[18:34:12] [main/INFO]: Loaded 124 advancements
[18:34:24] [Server thread/INFO]: lunamiibunny conquistou o progresso [Salto de qualidade]
[18:34:24] [main/INFO]: [CHAT] lunamiibunny conquistou o progresso [Salto de qualidade]
[18:35:51] [Server thread/INFO]: xadumTt lost connection: Desconectado
[18:35:51] [Server thread/INFO]: xadumTt saiu da partida
[18:35:51] [main/INFO]: [CHAT] xadumTt saiu da partida
[18:36:44] [User Authenticator #5/WARN]: Failed to verify username but will let them in anyway!
[18:36:44] [Server thread/INFO]: xadumTt[/26.168.74.204:55038] logged in with entity id 13042 at (-142.07851824859839, 67.0, -210.60450111439303)
[18:36:44] [Server thread/INFO]: xadumTt entrou na partida
[18:36:44] [main/INFO]: [CHAT] xadumTt entrou na partida
[18:36:52] [Server thread/INFO]: lunamiibunny conquistou o progresso [Caçador de monstros]
[18:36:52] [main/INFO]: [CHAT] lunamiibunny conquistou o progresso [Caçador de monstros]
[18:37:31] [Server thread/INFO]: xadumTt conquistou o progresso [Caçador de monstros]
[18:37:31] [main/INFO]: [CHAT] xadumTt conquistou o progresso [Caçador de monstros]
[18:39:55] [main/INFO]: Loaded 124 advancements
[18:40:04] [main/INFO]: Loaded 125 advancements
[18:40:45] [Server thread/INFO]: felpspintudo conquistou o progresso [A Idade da Pedra]
[18:40:45] [main/INFO]: [CHAT] felpspintudo conquistou o progresso [A Idade da Pedra]
[18:40:53] [Server thread/INFO]: xadumTt conquistou o progresso [A Idade da Pedra]
[18:40:53] [main/INFO]: [CHAT] xadumTt conquistou o progresso [A Idade da Pedra]
[18:41:03] [main/INFO]: Loaded 127 advancements
[18:41:45] [Server thread/INFO]: xadumTt conquistou o progresso [Salto de qualidade]
[18:41:45] [main/INFO]: [CHAT] xadumTt conquistou o progresso [Salto de qualidade]
[18:42:40] [Server thread/INFO]: WeirdCat conquistou o progresso [A Idade do Ferro]
[18:42:40] [main/INFO]: [CHAT] WeirdCat conquistou o progresso [A Idade do Ferro]
[18:42:40] [main/INFO]: Loaded 153 advancements
[18:42:59] [Server thread/INFO]: WeirdCat conquistou o progresso [Ferrou!]
[18:42:59] [main/INFO]: [CHAT] WeirdCat conquistou o progresso [Ferrou!]
[18:42:59] [main/INFO]: Loaded 157 advancements
[18:43:01] [Server thread/INFO]: felpspintudo conquistou o progresso [Salto de qualidade]
[18:43:01] [main/INFO]: [CHAT] felpspintudo conquistou o progresso [Salto de qualidade]
[18:43:11] [Server thread/INFO]: lepskaleps conquistou o progresso [Caçador de monstros]
[18:43:11] [main/INFO]: [CHAT] lepskaleps conquistou o progresso [Caçador de monstros]
[18:43:48] [Server thread/INFO]: Esqueleto atingiu lunamiibunny
[18:43:48] [main/INFO]: [CHAT] Esqueleto atingiu lunamiibunny
[18:44:05] [Server thread/INFO]: WeirdCat conquistou o progresso [Hoje não, valeu]
[18:44:05] [main/INFO]: [CHAT] WeirdCat conquistou o progresso [Hoje não, valeu]
[18:44:05] [main/INFO]: Loaded 157 advancements
[18:45:23] [Server thread/WARN]: Mismatch in destroy block pos: fx{x=-78, y=57, z=-186} fx{x=-78, y=56, z=-186}
[18:45:24] [Server thread/WARN]: Mismatch in destroy block pos: fx{x=-78, y=60, z=-186} fx{x=-78, y=59, z=-186}
[18:46:21] [main/INFO]: Loaded 167 advancements
[18:47:25] [main/INFO]: Loaded 167 advancements
[18:47:26] [main/INFO]: Loaded 184 advancements
[18:47:52] [Server thread/INFO]: lunamiibunny conquistou o progresso [A Idade do Ferro]
[18:47:52] [main/INFO]: [CHAT] lunamiibunny conquistou o progresso [A Idade do Ferro]
[18:48:04] [Server thread/INFO]: lunamiibunny conquistou o progresso [Ferrou!]
[18:48:04] [main/INFO]: [CHAT] lunamiibunny conquistou o progresso [Ferrou!]
[18:48:08] [Server thread/INFO]: felpspintudo conquistou o progresso [Caçador de monstros]
[18:48:08] [main/INFO]: [CHAT] felpspintudo conquistou o progresso [Caçador de monstros]
[18:48:19] [main/INFO]: Loaded 185 advancements
[18:48:57] [Server thread/INFO]: felpspintudo conquistou o progresso [A Idade do Ferro]
[18:48:57] [main/INFO]: [CHAT] felpspintudo conquistou o progresso [A Idade do Ferro]
[18:49:47] [Server thread/INFO]: lepskaleps conquistou o progresso [A Idade do Ferro]
[18:49:47] [main/INFO]: [CHAT] lepskaleps conquistou o progresso [A Idade do Ferro]
[18:50:26] [Server thread/INFO]: WeirdCat conquistou o progresso [Quem com ferro fere...]
[18:50:26] [main/INFO]: [CHAT] WeirdCat conquistou o progresso [Quem com ferro fere...]
[18:50:26] [main/INFO]: Loaded 185 advancements
[18:52:23] [Server thread/INFO]: felpspintudo conquistou o progresso [Ferrou!]
[18:52:23] [main/INFO]: [CHAT] felpspintudo conquistou o progresso [Ferrou!]
[18:53:53] [main/INFO]: Loaded 186 advancements
[18:54:10] [Server thread/INFO]: lunamiibunny conquistou o progresso [Diamantes!]
[18:54:11] [main/INFO]: [CHAT] lunamiibunny conquistou o progresso [Diamantes!]
[18:54:13] [Server thread/INFO]: xadumTt conquistou o progresso [A Idade do Ferro]
[18:54:13] [main/INFO]: [CHAT] xadumTt conquistou o progresso [A Idade do Ferro]
[18:54:39] [Server thread/INFO]: xadumTt conquistou o progresso [Ferrou!]
[18:54:40] [main/INFO]: [CHAT] xadumTt conquistou o progresso [Ferrou!]
[18:56:08] [main/INFO]: Loaded 196 advancements
[18:56:49] [Server thread/INFO]: lepskaleps conquistou o progresso [Diamantes!]
[18:56:49] [main/INFO]: [CHAT] lepskaleps conquistou o progresso [Diamantes!]
[18:58:57] [Server thread/INFO]: lepskaleps conquistou o progresso [Ferrou!]
[18:58:57] [main/INFO]: [CHAT] lepskaleps conquistou o progresso [Ferrou!]
[19:00:01] [main/INFO]: Loaded 201 advancements
[19:00:29] [Server thread/WARN]: Fetching packet for removed entity aqg['Esfera de experiência'/27223, l='ServerLevel[Só na brotheragem]', x=-155.65, y=12.65, z=-255.39]
[19:00:52] [Server thread/WARN]: Fetching packet for removed entity bcv['Pó de redstone'/27417, l='ServerLevel[Só na brotheragem]', x=-186.13, y=13.07, z=-234.13]
[19:00:52] [main/INFO]: Loaded 209 advancements
[19:02:01] [Server thread/INFO]: <xadumTt> gostariammama
[19:02:01] [main/INFO]: [CHAT] <xadumTt> gostariammama
[19:02:34] [Server thread/INFO]: Esqueleto atingiu lunamiibunny
[19:02:34] [main/INFO]: [CHAT] Esqueleto atingiu lunamiibunny
[19:02:36] [main/INFO]: Loaded 211 advancements
[19:03:59] [main/INFO]: Loaded 211 advancements
[19:04:06] [main/INFO]: Loaded 211 advancements
[19:04:25] [main/INFO]: Loaded 213 advancements
[19:05:03] [Server thread/INFO]: Esqueleto atingiu felpspintudo
[19:05:03] [main/INFO]: [CHAT] Esqueleto atingiu felpspintudo
[19:05:40] [Server thread/INFO]: Esqueleto atingiu xadumTt
[19:05:40] [main/INFO]: [CHAT] Esqueleto atingiu xadumTt
[19:06:54] [User Authenticator #6/WARN]: Failed to verify username but will let them in anyway!
[19:06:54] [Server thread/INFO]: Riskywinte[/26.126.204.53:49186] logged in with entity id 30751 at (-158.5, 66.0, -192.5)
[19:06:54] [Server thread/INFO]: Riskywinte entrou na partida
[19:06:54] [main/INFO]: [CHAT] Riskywinte entrou na partida
[19:07:14] [Server thread/INFO]: Riskywinte lost connection: Tempo esgotado
[19:07:14] [Server thread/INFO]: Riskywinte saiu da partida
[19:07:14] [main/INFO]: [CHAT] Riskywinte saiu da partida
[19:07:27] [User Authenticator #7/WARN]: Failed to verify username but will let them in anyway!
[19:07:27] [Server thread/INFO]: Riskywinte[/26.126.204.53:49200] logged in with entity id 30936 at (-158.5, 66.0, -192.5)
[19:07:27] [Server thread/INFO]: Riskywinte entrou na partida
[19:07:27] [main/INFO]: [CHAT] Riskywinte entrou na partida
[19:07:32] [Server thread/INFO]: felpspintudo conquistou o progresso [Quem com ferro fere...]
[19:07:32] [main/INFO]: [CHAT] felpspintudo conquistou o progresso [Quem com ferro fere...]
[19:07:40] [Server thread/INFO]: xadumTt conquistou o progresso [Quem com ferro fere...]
[19:07:40] [main/INFO]: [CHAT] xadumTt conquistou o progresso [Quem com ferro fere...]
[19:07:45] [Server thread/INFO]: Riskywinte lost connection: Tempo esgotado
[19:07:45] [Server thread/INFO]: Riskywinte saiu da partida
[19:07:45] [main/INFO]: [CHAT] Riskywinte saiu da partida
[19:07:58] [User Authenticator #8/WARN]: Failed to verify username but will let them in anyway!
[19:07:58] [Server thread/INFO]: Riskywinte[/26.126.204.53:49226] logged in with entity id 31124 at (-159.19964537099014, 67.0, -198.95859697166966)
[19:07:58] [Server thread/INFO]: Riskywinte entrou na partida
[19:07:58] [main/INFO]: [CHAT] Riskywinte entrou na partida
[19:08:04] [Server thread/INFO]: xadumTt lost connection: Desconectado
[19:08:04] [Server thread/INFO]: xadumTt saiu da partida
[19:08:04] [main/INFO]: [CHAT] xadumTt saiu da partida
[19:08:05] [User Authenticator #9/WARN]: Failed to verify username but will let them in anyway!
[19:08:12] [Server thread/INFO]: Riskywinte lost connection: Desconectado
[19:08:12] [Server thread/INFO]: Riskywinte saiu da partida
[19:08:12] [Server thread/INFO]: Riskywinte[/26.126.204.53:49229] logged in with entity id 31176 at (-159.19964537099014, 67.0, -198.95859697166966)
[19:08:12] [main/INFO]: [CHAT] Riskywinte saiu da partida
[19:08:12] [Server thread/INFO]: Riskywinte entrou na partida
[19:08:12] [main/INFO]: [CHAT] Riskywinte entrou na partida
[19:08:14] [Server thread/INFO]: Riskywinte lost connection: Desconectado
[19:08:14] [Server thread/INFO]: Riskywinte saiu da partida
[19:08:14] [main/INFO]: [CHAT] Riskywinte saiu da partida
[19:08:54] [main/INFO]: Loaded 214 advancements
[19:09:46] [User Authenticator #10/WARN]: Failed to verify username but will let them in anyway!
[19:09:46] [Server thread/INFO]: Riskywinte[/26.126.204.53:49540] logged in with entity id 32023 at (-159.19964537099014, 67.0, -198.95859697166966)
[19:09:46] [Server thread/INFO]: Riskywinte entrou na partida
[19:09:46] [main/INFO]: [CHAT] Riskywinte entrou na partida
[19:09:54] [Server thread/INFO]: Esqueleto atingiu felpspintudo
[19:09:54] [main/INFO]: [CHAT] Esqueleto atingiu felpspintudo
[19:10:05] [Server thread/INFO]: Riskywinte lost connection: Tempo esgotado
[19:10:05] [Server thread/INFO]: Riskywinte saiu da partida
[19:10:05] [main/INFO]: [CHAT] Riskywinte saiu da partida
[19:10:09] [Server thread/WARN]: felpspintudo moved too quickly! 9.255226013040982,-0.3693736602695026,-4.058997146355864
[19:10:17] [User Authenticator #11/WARN]: Failed to verify username but will let them in anyway!
[19:10:17] [Server thread/INFO]: Riskywinte[/26.126.204.53:49555] logged in with entity id 32245 at (-159.19964537099014, 67.0, -198.95859697166966)
[19:10:17] [Server thread/INFO]: Riskywinte entrou na partida
[19:10:17] [main/INFO]: [CHAT] Riskywinte entrou na partida
[19:10:17] [Server thread/WARN]: Fetching packet for removed entity aqg['Esfera de experiência'/32222, l='ServerLevel[Só na brotheragem]', x=-149.19, y=14.07, z=-188.72]
[19:10:35] [main/INFO]: Loaded 214 advancements
[19:10:36] [Server thread/INFO]: Riskywinte lost connection: Tempo esgotado
[19:10:36] [Server thread/INFO]: Riskywinte saiu da partida
[19:10:36] [main/INFO]: [CHAT] Riskywinte saiu da partida
[19:10:55] [Server thread/INFO]: Creeper explodiu felpspintudo
[19:10:55] [main/INFO]: [CHAT] Creeper explodiu felpspintudo
[19:10:55] [Server thread/WARN]: Fetching packet for removed entity bcv['Minério de ferro'/32540, l='ServerLevel[Só na brotheragem]', x=-154.58, y=12.04, z=-182.86]
[19:11:03] [User Authenticator #12/WARN]: Failed to verify username but will let them in anyway!
[19:11:03] [Server thread/INFO]: Riskywinte[/26.126.204.53:49659] logged in with entity id 32622 at (-158.30000001192093, 67.0, -199.9328508712199)
[19:11:03] [Server thread/INFO]: Riskywinte entrou na partida
[19:11:03] [main/INFO]: [CHAT] Riskywinte entrou na partida
[19:11:15] [Server thread/WARN]: felpspintudo moved too quickly! 8.958338346527881,1.0244240882136921,-4.734127667941948
[19:13:17] [Server thread/INFO]: WeirdCat conquistou o progresso [Diamantes!]
[19:13:17] [main/INFO]: [CHAT] WeirdCat conquistou o progresso [Diamantes!]
[19:13:17] [main/INFO]: Loaded 225 advancements
[19:14:29] [Server thread/INFO]: Riskywinte conquistou o progresso [A Idade da Pedra]
[19:14:29] [main/INFO]: [CHAT] Riskywinte conquistou o progresso [A Idade da Pedra]
[19:14:34] [main/WARN]: Received passengers for unknown entity
[19:15:01] [Server thread/INFO]: Riskywinte conquistou o progresso [Salto de qualidade]
[19:15:01] [main/INFO]: [CHAT] Riskywinte conquistou o progresso [Salto de qualidade]
[19:18:18] [Server thread/INFO]: Riskywinte conquistou o progresso [Caçador de monstros]
[19:18:18] [main/INFO]: [CHAT] Riskywinte conquistou o progresso [Caçador de monstros]
[19:18:38] [Server thread/INFO]: felpspintudo conquistou o progresso [O mar está para peixe]
[19:18:38] [main/INFO]: [CHAT] felpspintudo conquistou o progresso [O mar está para peixe]
[19:18:49] [main/INFO]: Loaded 238 advancements
[19:19:00] [Server thread/INFO]: Riskywinte conquistou o progresso [O mar está para peixe]
[19:19:00] [main/INFO]: [CHAT] Riskywinte conquistou o progresso [O mar está para peixe]
[19:21:20] [Server thread/INFO]: lunamiibunny conquistou o progresso [Quem com ferro fere...]
[19:21:20] [main/INFO]: [CHAT] lunamiibunny conquistou o progresso [Quem com ferro fere...]
[19:21:22] [Server thread/INFO]: lepskaleps conquistou o progresso [Quem com ferro fere...]
[19:21:22] [main/INFO]: [CHAT] lepskaleps conquistou o progresso [Quem com ferro fere...]
[19:22:33] [Server thread/INFO]: Riskywinte conquistou o progresso [A Idade do Ferro]
[19:22:33] [main/INFO]: [CHAT] Riskywinte conquistou o progresso [A Idade do Ferro]
[19:23:28] [Server thread/INFO]: Riskywinte conquistou o progresso [Quem com ferro fere...]
[19:23:28] [main/INFO]: [CHAT] Riskywinte conquistou o progresso [Quem com ferro fere...]
[19:23:50] [main/WARN]: Unable to play empty soundEvent: minecraft:entity.cod.ambient
[19:24:15] [main/INFO]: Loaded 239 advancements
[19:24:24] [Server thread/WARN]: Mismatch in destroy block pos: fx{x=-159, y=70, z=-238} fx{x=-161, y=70, z=-238}
[19:24:24] [Server thread/WARN]: Mismatch in destroy block pos: fx{x=-159, y=70, z=-238} fx{x=-161, y=70, z=-238}
[19:28:11] [main/INFO]: Loaded 240 advancements
[19:30:37] [main/INFO]: Loaded 240 advancements
[19:30:48] [main/INFO]: Loaded 240 advancements
[19:31:20] [Server thread/INFO]: Creeper explodiu lunamiibunny
[19:31:20] [main/INFO]: [CHAT] Creeper explodiu lunamiibunny
[19:31:35] [main/WARN]: Unable to play empty soundEvent: minecraft:entity.salmon.ambient
[19:32:17] [Server thread/INFO]: [lunamiibunny: lunamiibunny foi teletransportado(a) para WeirdCat]
[19:32:17] [main/INFO]: [CHAT] [lunamiibunny: lunamiibunny foi teletransportado(a) para WeirdCat]
[19:32:23] [Server thread/INFO]: Creeper explodiu lunamiibunny
[19:32:23] [main/INFO]: [CHAT] Creeper explodiu lunamiibunny
[19:32:47] [Server thread/WARN]: Can't keep up! Is the server overloaded? Running 2254ms or 45 ticks behind
[19:33:05] [Server thread/INFO]: [lunamiibunny: lunamiibunny foi teletransportado(a) para felpspintudo]
[19:33:05] [main/INFO]: [CHAT] [lunamiibunny: lunamiibunny foi teletransportado(a) para felpspintudo]
[19:33:18] [User Authenticator #13/WARN]: Failed to verify username but will let them in anyway!
[19:33:18] [Server thread/INFO]: xadumTt[/26.168.74.204:57721] logged in with entity id 56054 at (-85.30000001192094, 40.0, -266.40953861546336)
[19:33:18] [Server thread/INFO]: xadumTt entrou na partida
[19:33:18] [main/INFO]: [CHAT] xadumTt entrou na partida
[19:33:53] [Server thread/INFO]: [xadumTt: xadumTt foi teletransportado(a) para felpspintudo]
[19:33:53] [main/INFO]: [CHAT] [xadumTt: xadumTt foi teletransportado(a) para felpspintudo]
[19:34:59] [main/WARN]: Something's taking too long! 'root' took aprox 110.138 ms
[19:35:20] [Server thread/INFO]: Zumbi matou WeirdCat
[19:35:20] [main/INFO]: [CHAT] Zumbi matou WeirdCat
[19:35:21] [main/INFO]: [CHAT] Você não tem cama ou âncora de renascimento carregada, ou estão obstruídas
[19:35:37] [Server thread/INFO]: [WeirdCat: WeirdCat foi teletransportado(a) para Riskywinte]
[19:35:37] [main/INFO]: [CHAT] WeirdCat foi teletransportado(a) para Riskywinte
[19:35:38] [main/INFO]: Loaded 240 advancements
[19:35:46] [Server thread/INFO]: [WeirdCat: WeirdCat foi teletransportado(a) para xadumTt]
[19:35:46] [main/INFO]: [CHAT] WeirdCat foi teletransportado(a) para xadumTt
[19:35:47] [main/INFO]: Loaded 240 advancements
[19:36:21] [Server thread/INFO]: felpspintudo conquistou o progresso [Bons sonhos]
[19:36:21] [main/INFO]: [CHAT] felpspintudo conquistou o progresso [Bons sonhos]
[19:37:06] [Server thread/INFO]: <xadumTt> WILIAN LEMOS EU VOU TE ACHAR
[19:37:06] [main/INFO]: [CHAT] <xadumTt> WILIAN LEMOS EU VOU TE ACHAR
[19:37:08] [Server thread/INFO]: <xadumTt> WILIAN LEMOS EU VOU TE ACHAR
[19:37:08] [main/INFO]: [CHAT] <xadumTt> WILIAN LEMOS EU VOU TE ACHAR
[19:37:09] [Server thread/INFO]: <xadumTt> WILIAN LEMOS EU VOU TE ACHAR
[19:37:09] [main/INFO]: [CHAT] <xadumTt> WILIAN LEMOS EU VOU TE ACHAR
[19:37:10] [Server thread/INFO]: <xadumTt> WILIAN LEMOS EU VOU TE ACHAR
[19:37:10] [main/INFO]: [CHAT] <xadumTt> WILIAN LEMOS EU VOU TE ACHAR
[19:37:11] [Server thread/INFO]: <xadumTt> WILIAN LEMOS EU VOU TE ACHAR
[19:37:11] [main/INFO]: [CHAT] <xadumTt> WILIAN LEMOS EU VOU TE ACHAR
[19:37:11] [Server thread/INFO]: <xadumTt> WILIAN LEMOS EU VOU TE ACHAR
[19:37:11] [main/INFO]: [CHAT] <xadumTt> WILIAN LEMOS EU VOU TE ACHAR
[19:37:11] [Server thread/INFO]: <xadumTt> V
[19:37:11] [main/INFO]: [CHAT] <xadumTt> V
[19:37:12] [Server thread/INFO]: <xadumTt> WILIAN LEMOS EU VOU TE ACHAR
[19:37:12] [main/INFO]: [CHAT] <xadumTt> WILIAN LEMOS EU VOU TE ACHAR
[19:37:12] [Server thread/INFO]: <xadumTt> WILIAN LEMOS EU VOU TE ACHAR
[19:37:12] [main/INFO]: [CHAT] <xadumTt> WILIAN LEMOS EU VOU TE ACHAR
[19:37:12] [Server thread/INFO]: <xadumTt> WILIAN LEMOS EU VOU TE ACHAR
[19:37:12] [main/INFO]: [CHAT] <xadumTt> WILIAN LEMOS EU VOU TE ACHAR
[19:37:13] [Server thread/INFO]: <xadumTt> WILIAN LEMOS EU VOU TE ACHAR
[19:37:13] [main/INFO]: [CHAT] <xadumTt> WILIAN LEMOS EU VOU TE ACHAR
[19:37:49] [Server thread/WARN]: Can't keep up! Is the server overloaded? Running 2346ms or 46 ticks behind
[19:38:39] [Server thread/INFO]: [WeirdCat: WeirdCat foi teletransportado(a) para lunamiibunny]
[19:38:39] [main/INFO]: [CHAT] WeirdCat foi teletransportado(a) para lunamiibunny
[19:38:43] [main/INFO]: Loaded 240 advancements
[19:38:52] [Server thread/INFO]: <lepskaleps> da tp pls
[19:38:52] [main/INFO]: [CHAT] <lepskaleps> da tp pls
[19:38:58] [Server thread/INFO]: <xadumTt> onde
[19:38:58] [main/INFO]: [CHAT] <xadumTt> onde
[19:39:03] [Server thread/INFO]: [Riskywinte: lepskaleps foi teletransportado(a) para Riskywinte]
[19:39:03] [main/INFO]: [CHAT] [Riskywinte: lepskaleps foi teletransportado(a) para Riskywinte]
[19:39:13] [main/INFO]: Loaded 241 advancements
[19:39:15] [Server thread/INFO]: <Riskywinte> ajudou?
[19:39:15] [main/INFO]: [CHAT] <Riskywinte> ajudou?
[19:39:16] [main/INFO]: Loaded 241 advancements
[19:40:00] [Server thread/INFO]: [xadumTt: lunamiibunny foi teletransportado(a) para xadumTt]
[19:40:00] [main/INFO]: [CHAT] [xadumTt: lunamiibunny foi teletransportado(a) para xadumTt]
[19:40:24] [main/INFO]: [CHAT] O ponto de renascimento foi definido
[19:40:57] [Server thread/INFO]: xadumTt caiu fora do mundo
[19:40:57] [Server thread/INFO]: [xadumTt: xadumTt morreu]
[19:40:57] [main/INFO]: [CHAT] xadumTt caiu fora do mundo
[19:40:57] [main/INFO]: [CHAT] [xadumTt: xadumTt morreu]
[19:41:13] [Server thread/INFO]: [xadumTt: xadumTt foi teletransportado(a) para Riskywinte]
[19:41:13] [main/INFO]: [CHAT] [xadumTt: xadumTt foi teletransportado(a) para Riskywinte]
[19:41:32] [main/INFO]: Loaded 250 advancements
[19:42:27] [Server thread/INFO]: lepskaleps caiu de um lugar alto
[19:42:27] [main/INFO]: [CHAT] lepskaleps caiu de um lugar alto
[19:43:05] [Server thread/INFO]: Aranha matou xadumTt
[19:43:05] [main/INFO]: [CHAT] Aranha matou xadumTt
[19:43:14] [Server thread/INFO]: [xadumTt: xadumTt foi teletransportado(a) para lunamiibunny]
[19:43:14] [main/INFO]: [CHAT] [xadumTt: xadumTt foi teletransportado(a) para lunamiibunny]
[19:43:20] [main/INFO]: Loaded 259 advancements
[19:44:04] [Server thread/INFO]: Esqueleto atingiu xadumTt
[19:44:04] [main/INFO]: [CHAT] Esqueleto atingiu xadumTt
[19:44:22] [main/INFO]: Loaded 262 advancements
[19:45:03] [main/INFO]: Loaded 263 advancements
[19:45:20] [Server thread/INFO]: [xadumTt: xadumTt foi teletransportado(a) para felpspintudo]
[19:45:20] [main/INFO]: [CHAT] [xadumTt: xadumTt foi teletransportado(a) para felpspintudo]
[19:45:36] [main/INFO]: Loaded 265 advancements
[19:45:36] [Server thread/INFO]: xadumTt lost connection: Tempo esgotado
[19:45:36] [Server thread/INFO]: xadumTt saiu da partida
[19:45:36] [main/INFO]: [CHAT] xadumTt saiu da partida
[19:45:45] [User Authenticator #14/WARN]: Failed to verify username but will let them in anyway!
[19:45:45] [Server thread/INFO]: xadumTt[/26.168.74.204:50071] logged in with entity id 75187 at (-636.8146999619453, 78.0, 182.3495952801829)
[19:45:45] [Server thread/INFO]: xadumTt entrou na partida
[19:45:45] [main/INFO]: [CHAT] xadumTt entrou na partida
[19:45:45] [main/INFO]: Loaded 267 advancements
[19:46:02] [Server thread/WARN]: Fetching packet for removed entity aqg['Esfera de experiência'/75376, l='ServerLevel[Só na brotheragem]', x=-602.06, y=58.99, z=80.34]
[19:47:51] [Server thread/WARN]: Can't keep up! Is the server overloaded? Running 2032ms or 40 ticks behind
[19:47:55] [Server thread/WARN]: Fetching packet for removed entity bcv['Pedregulho'/76315, l='ServerLevel[Só na brotheragem]', x=-643.88, y=75.00, z=185.88]
[19:48:49] [Server thread/INFO]: Zumbi matou lunamiibunny
[19:48:49] [main/INFO]: [CHAT] Zumbi matou lunamiibunny
[19:49:53] [Server thread/WARN]: Mismatch in destroy block pos: fx{x=-628, y=89, z=215} fx{x=-630, y=87, z=217}
[19:50:16] [main/INFO]: Loaded 267 advancements
[19:51:25] [main/INFO]: Loaded 268 advancements
[19:52:33] [main/WARN]: Received passengers for unknown entity
[19:52:52] [main/WARN]: Received passengers for unknown entity
[19:52:57] [Server thread/INFO]: lepskaleps conquistou o progresso [Bons sonhos]
[19:52:57] [main/INFO]: [CHAT] lepskaleps conquistou o progresso [Bons sonhos]
[19:53:00] [Server thread/INFO]: <lepskaleps> zzz
[19:53:00] [main/INFO]: [CHAT] <lepskaleps> zzz
[19:53:14] [main/INFO]: [CHAT] O ponto de renascimento foi definido
[19:53:23] [Server thread/INFO]: <lunamiibunny> zzZzZzZzZzZzZzZzZ
[19:53:23] [main/INFO]: [CHAT] <lunamiibunny> zzZzZzZzZzZzZzZzZ
[19:53:25] [Server thread/INFO]: <WeirdCat> zzzzzzzzzzz
[19:53:25] [main/INFO]: [CHAT] <WeirdCat> zzzzzzzzzzz
[19:53:55] [Server thread/INFO]: <felpspintudo> az
[19:53:55] [main/INFO]: [CHAT] <felpspintudo> az
[19:53:55] [Server thread/INFO]: <felpspintudo> z
[19:53:55] [main/INFO]: [CHAT] <felpspintudo> z
[19:53:55] [Server thread/INFO]: <felpspintudo> z
[19:53:55] [main/INFO]: [CHAT] <felpspintudo> z
[19:53:56] [Server thread/INFO]: <felpspintudo> z
[19:53:56] [main/INFO]: [CHAT] <felpspintudo> z
[19:53:56] [Server thread/INFO]: <felpspintudo> z
[19:53:56] [main/INFO]: [CHAT] <felpspintudo> z
[19:53:56] [Server thread/INFO]: <felpspintudo> z
[19:53:56] [main/INFO]: [CHAT] <felpspintudo> z
[19:53:56] [Server thread/INFO]: <felpspintudo> z
[19:53:56] [main/INFO]: [CHAT] <felpspintudo> z
[19:53:56] [Server thread/INFO]: <felpspintudo> z
[19:53:56] [main/INFO]: [CHAT] <felpspintudo> z
[19:53:56] [Server thread/INFO]: <felpspintudo> z
[19:53:56] [main/INFO]: [CHAT] <felpspintudo> z
[19:53:56] [Server thread/INFO]: <felpspintudo> z
[19:53:56] [main/INFO]: [CHAT] <felpspintudo> z
[19:53:56] [Server thread/INFO]: <felpspintudo> z
[19:53:56] [main/INFO]: [CHAT] <felpspintudo> z
[19:53:57] [Server thread/INFO]: <felpspintudo> z
[19:53:57] [main/INFO]: [CHAT] <felpspintudo> z
[19:53:57] [Server thread/INFO]: <felpspintudo> zz
[19:53:57] [main/INFO]: [CHAT] <felpspintudo> zz
[19:53:57] [Server thread/INFO]: <felpspintudo> z
[19:53:57] [main/INFO]: [CHAT] <felpspintudo> z
[19:54:00] [Server thread/INFO]: <xadumTt> WILIAN LEMOS EU VOU TE ACHAR
[19:54:00] [main/INFO]: [CHAT] <xadumTt> WILIAN LEMOS EU VOU TE ACHAR
[19:54:01] [Server thread/INFO]: <felpspintudo> z
[19:54:01] [main/INFO]: [CHAT] <felpspintudo> z
[19:54:19] [Server thread/INFO]: Riskywinte conquistou o progresso [Bons sonhos]
[19:54:19] [main/INFO]: [CHAT] Riskywinte conquistou o progresso [Bons sonhos]
[19:54:43] [main/INFO]: Loaded 268 advancements
[19:55:11] [main/INFO]: Loaded 270 advancements
[19:57:41] [Server thread/WARN]: Fetching packet for removed entity bcv['Tronco de acácia'/82825, l='ServerLevel[Só na brotheragem]', x=-537.26, y=64.00, z=133.18]
[19:58:38] [Server thread/INFO]: WeirdCat conquistou o progresso [Amigos para sempre]
[19:58:39] [main/INFO]: [CHAT] WeirdCat conquistou o progresso [Amigos para sempre]
[19:58:39] [main/INFO]: Loaded 270 advancements
[19:58:57] [Server thread/WARN]: Can't keep up! Is the server overloaded? Running 2030ms or 40 ticks behind
[19:59:12] [main/INFO]: Loaded 279 advancements
[20:00:29] [main/INFO]: Loaded 280 advancements
[20:00:58] [main/WARN]: Received passengers for unknown entity
[20:02:09] [Server thread/INFO]: [xadumTt: xadumTt foi teletransportado(a) para Riskywinte]
[20:02:09] [main/INFO]: [CHAT] [xadumTt: xadumTt foi teletransportado(a) para Riskywinte]
[20:04:58] [Server thread/WARN]: Fetching packet for removed entity bcv['Pedregulho'/88720, l='ServerLevel[Só na brotheragem]', x=-583.86, y=41.00, z=193.13]
[20:07:07] [Server thread/INFO]: <lepskaleps> z
[20:07:07] [main/INFO]: [CHAT] <lepskaleps> z
[20:07:35] [Server thread/INFO]: <lunamiibunny> zZzZzZzZzZzZ
[20:07:35] [main/INFO]: [CHAT] <lunamiibunny> zZzZzZzZzZzZ
[20:07:57] [main/INFO]: [CHAT] O ponto de renascimento foi definido
[20:08:14] [Server thread/INFO]: <WeirdCat> zzzzzzzzzzzzz
[20:08:14] [main/INFO]: [CHAT] <WeirdCat> zzzzzzzzzzzzz
[20:09:50] [main/INFO]: Loaded 281 advancements
[20:10:00] [Server thread/INFO]: <Riskywinte> z
[20:10:00] [main/INFO]: [CHAT] <Riskywinte> z
[20:10:00] [Server thread/INFO]: <Riskywinte> z
[20:10:00] [main/INFO]: [CHAT] <Riskywinte> z
[20:10:00] [Server thread/INFO]: <Riskywinte> z
[20:10:00] [main/INFO]: [CHAT] <Riskywinte> z
[20:10:00] [Server thread/INFO]: <Riskywinte> z
[20:10:00] [main/INFO]: [CHAT] <Riskywinte> z
[20:10:00] [Server thread/INFO]: <Riskywinte> z
[20:10:00] [main/INFO]: [CHAT] <Riskywinte> z
[20:10:01] [Server thread/INFO]: <Riskywinte> z
[20:10:01] [main/INFO]: [CHAT] <Riskywinte> z
[20:10:01] [Server thread/INFO]: <Riskywinte> z
[20:10:01] [main/INFO]: [CHAT] <Riskywinte> z
[20:10:01] [Server thread/INFO]: <Riskywinte> z
[20:10:01] [main/INFO]: [CHAT] <Riskywinte> z
[20:10:01] [Server thread/INFO]: <Riskywinte> z
[20:10:01] [main/INFO]: [CHAT] <Riskywinte> z
[20:10:01] [Server thread/INFO]: <Riskywinte> z
[20:10:01] [main/INFO]: [CHAT] <Riskywinte> z
[20:10:01] [Server thread/INFO]: <Riskywinte> z
[20:10:01] [main/INFO]: [CHAT] <Riskywinte> z
[20:10:02] [Server thread/INFO]: <Riskywinte> zz
[20:10:02] [main/INFO]: [CHAT] <Riskywinte> zz
[20:10:02] [Server thread/INFO]: <Riskywinte> z
[20:10:02] [main/INFO]: [CHAT] <Riskywinte> z
[20:10:02] [Server thread/INFO]: <Riskywinte> z
[20:10:02] [main/INFO]: [CHAT] <Riskywinte> z
[20:10:02] [Server thread/INFO]: <Riskywinte> z
[20:10:02] [main/INFO]: [CHAT] <Riskywinte> z
[20:10:02] [Server thread/INFO]: <Riskywinte> z
[20:10:02] [main/INFO]: [CHAT] <Riskywinte> z
[20:10:02] [Server thread/INFO]: <Riskywinte> z
[20:10:02] [main/INFO]: [CHAT] <Riskywinte> z
[20:10:02] [Server thread/INFO]: <Riskywinte> z
[20:10:02] [main/INFO]: [CHAT] <Riskywinte> z
[20:10:03] [Server thread/INFO]: <Riskywinte> z
[20:10:03] [main/INFO]: [CHAT] <Riskywinte> z
[20:10:03] [Server thread/INFO]: <Riskywinte> zz
[20:10:03] [main/INFO]: [CHAT] <Riskywinte> zz
[20:10:03] [Server thread/INFO]: <Riskywinte> z
[20:10:03] [main/INFO]: [CHAT] <Riskywinte> z
[20:10:03] [Server thread/INFO]: <xadumTt> z
[20:10:03] [Server thread/INFO]: <Riskywinte> z
[20:10:03] [main/INFO]: [CHAT] <xadumTt> z
[20:10:03] [main/INFO]: [CHAT] <Riskywinte> z
[20:10:03] [Server thread/INFO]: <lunamiibunny> >:(
[20:10:03] [main/INFO]: [CHAT] <lunamiibunny> >:(
[20:10:03] [Server thread/INFO]: <xadumTt> z
[20:10:03] [main/INFO]: [CHAT] <xadumTt> z
[20:10:03] [Server thread/INFO]: <Riskywinte> z
[20:10:03] [main/INFO]: [CHAT] <Riskywinte> z
[20:10:03] [Server thread/INFO]: <xadumTt> z
[20:10:03] [Server thread/INFO]: <Riskywinte> z
[20:10:03] [main/INFO]: [CHAT] <xadumTt> z
[20:10:03] [main/INFO]: [CHAT] <Riskywinte> z
[20:10:03] [Server thread/INFO]: <Riskywinte> z
[20:10:03] [main/INFO]: [CHAT] <Riskywinte> z
[20:10:03] [Server thread/INFO]: <xadumTt> z
[20:10:04] [main/INFO]: [CHAT] <xadumTt> z
[20:10:04] [Server thread/INFO]: <Riskywinte> z
[20:10:04] [main/INFO]: [CHAT] <Riskywinte> z
[20:10:04] [Server thread/INFO]: <xadumTt> z
[20:10:04] [main/INFO]: [CHAT] <xadumTt> z
[20:10:04] [Server thread/INFO]: <Riskywinte> z
[20:10:04] [main/INFO]: [CHAT] <Riskywinte> z
[20:10:04] [Server thread/INFO]: <Riskywinte> z
[20:10:04] [main/INFO]: [CHAT] <Riskywinte> z
[20:10:04] [Server thread/INFO]: <xadumTt> z
[20:10:04] [Server thread/INFO]: <Riskywinte> z
[20:10:04] [main/INFO]: [CHAT] <xadumTt> z
[20:10:04] [main/INFO]: [CHAT] <Riskywinte> z
[20:10:04] [Server thread/INFO]: <Riskywinte> z
[20:10:04] [Server thread/INFO]: <xadumTt> z
[20:10:04] [main/INFO]: [CHAT] <Riskywinte> z
[20:10:04] [main/INFO]: [CHAT] <xadumTt> z
[20:10:04] [Server thread/INFO]: <Riskywinte> z
[20:10:04] [main/INFO]: [CHAT] <Riskywinte> z
[20:10:04] [Server thread/INFO]: <Riskywinte> z
[20:10:04] [main/INFO]: [CHAT] <Riskywinte> z
[20:10:05] [Server thread/INFO]: <Riskywinte> z
[20:10:05] [main/INFO]: [CHAT] <Riskywinte> z
[20:10:07] [Server thread/INFO]: <lepskaleps> zê
[20:10:07] [main/INFO]: [CHAT] <lepskaleps> zê
[20:10:07] [Server thread/INFO]: <felpspintudo> zz
[20:10:07] [main/INFO]: [CHAT] <felpspintudo> zz
[20:10:07] [Server thread/INFO]: <felpspintudo> zz
[20:10:07] [main/INFO]: [CHAT] <felpspintudo> zz
[20:10:08] [Server thread/INFO]: <felpspintudo> z
[20:10:08] [main/INFO]: [CHAT] <felpspintudo> z
[20:10:08] [Server thread/INFO]: <felpspintudo> z
[20:10:08] [main/INFO]: [CHAT] <felpspintudo> z
[20:10:08] [Server thread/INFO]: <felpspintudo> zz
[20:10:08] [main/INFO]: [CHAT] <felpspintudo> zz
[20:10:08] [Server thread/INFO]: <felpspintudo> z
[20:10:08] [main/INFO]: [CHAT] <felpspintudo> z
[20:10:09] [Server thread/INFO]: <felpspintudo> zz
[20:10:09] [main/INFO]: [CHAT] <felpspintudo> zz
[20:10:09] [Server thread/INFO]: <felpspintudo> z
[20:10:09] [main/INFO]: [CHAT] <felpspintudo> z
[20:10:09] [Server thread/INFO]: <felpspintudo> z
[20:10:09] [main/INFO]: [CHAT] <felpspintudo> z
[20:10:09] [Server thread/INFO]: <felpspintudo> z
[20:10:09] [main/INFO]: [CHAT] <felpspintudo> z
[20:10:15] [Server thread/INFO]: <lepskaleps> uwu
[20:10:15] [main/INFO]: [CHAT] <lepskaleps> uwu
[20:10:17] [Server thread/INFO]: <xadumTt> @jean
[20:10:17] [main/INFO]: [CHAT] <xadumTt> @jean
[20:10:25] [Server thread/INFO]: <felpspintudo> @jeanmeuamor
[20:10:25] [main/INFO]: [CHAT] <felpspintudo> @jeanmeuamor
[20:10:28] [Server thread/INFO]: <lepskaleps> @serthlyre
[20:10:28] [main/INFO]: [CHAT] <lepskaleps> @serthlyre
[20:10:50] [Server thread/INFO]: <Riskywinte> @cabeçadelampada
[20:10:50] [main/INFO]: [CHAT] <Riskywinte> @cabeçadelampada
[20:10:58] [Server thread/INFO]: <lepskaleps> @PMM
[20:10:58] [main/INFO]: [CHAT] <lepskaleps> @PMM
[20:11:09] [Server thread/INFO]: <xadumTt> @jairmessiasbolsonaro
[20:11:09] [main/INFO]: [CHAT] <xadumTt> @jairmessiasbolsonaro
[20:11:20] [main/INFO]: Loaded 282 advancements
[20:11:29] [Server thread/INFO]: <Riskywinte> @joirmessiasbonoro
[20:11:29] [main/INFO]: [CHAT] <Riskywinte> @joirmessiasbonoro
[20:12:08] [Server thread/INFO]: Aranha matou xadumTt
[20:12:08] [main/INFO]: [CHAT] Aranha matou xadumTt
[20:12:09] [Server thread/INFO]: <WeirdCat> meu microfone
[20:12:09] [main/INFO]: [CHAT] <WeirdCat> meu microfone
[20:12:10] [Server thread/INFO]: <WeirdCat> quebrou de vez
[20:12:10] [main/INFO]: [CHAT] <WeirdCat> quebrou de vez
[20:12:15] [Server thread/INFO]: Zumbi-múmia matou xadumTt
[20:12:15] [main/INFO]: [CHAT] Zumbi-múmia matou xadumTt
[20:12:24] [Server thread/WARN]: Fetching packet for removed entity bcv['Areia'/94957, l='ServerLevel[Só na brotheragem]', x=-679.80, y=70.18, z=162.13]
[20:12:33] [main/INFO]: Loaded 283 advancements
[20:12:34] [main/INFO]: Loaded 301 advancements
[20:12:34] [main/INFO]: Loaded 305 advancements
[20:12:36] [main/INFO]: Loaded 307 advancements
[20:12:45] [main/INFO]: Loaded 309 advancements
[20:13:41] [Server thread/INFO]: Aranha matou xadumTt
[20:13:41] [main/INFO]: [CHAT] Aranha matou xadumTt
[20:13:47] [Server thread/INFO]: Aranha matou xadumTt
[20:13:47] [main/INFO]: [CHAT] Aranha matou xadumTt
[20:16:34] [main/INFO]: Loaded 311 advancements
[20:17:02] [main/INFO]: Loaded 313 advancements
[20:18:05] [main/INFO]: Loaded 314 advancements
[20:18:30] [main/INFO]: Loaded 315 advancements
[20:18:35] [main/INFO]: Loaded 316 advancements
[20:19:44] [Server thread/INFO]: WeirdCat conquistou o progresso [Entrando numa fria]
[20:19:44] [main/INFO]: [CHAT] WeirdCat conquistou o progresso [Entrando numa fria]
[20:19:44] [main/INFO]: Loaded 321 advancements
[20:23:21] [main/INFO]: Loaded 322 advancements
[20:24:41] [Server thread/WARN]: Can't keep up! Is the server overloaded? Running 2012ms or 40 ticks behind
[20:24:51] [Server thread/WARN]: Fetching packet for removed entity bcv['Terra'/105253, l='ServerLevel[Só na brotheragem]', x=-641.36, y=75.16, z=180.64]
[20:24:59] [Server thread/WARN]: Can't keep up! Is the server overloaded? Running 2188ms or 43 ticks behind
[20:25:10] [Server thread/INFO]: <xadumTt> meuiten
[20:25:10] [main/INFO]: [CHAT] <xadumTt> meuiten
[20:25:13] [Server thread/INFO]: <xadumTt> :c
[20:25:13] [main/INFO]: [CHAT] <xadumTt> :c
[20:25:28] [main/INFO]: Loaded 323 advancements
[20:27:10] [Server thread/INFO]: <lepskaleps> \
[20:27:10] [main/INFO]: [CHAT] <lepskaleps> \
[20:27:11] [Server thread/INFO]: <lepskaleps> z
[20:27:11] [main/INFO]: [CHAT] <lepskaleps> z
[20:28:31] [Server thread/INFO]: Esqueleto atingiu lunamiibunny
[20:28:31] [main/INFO]: [CHAT] Esqueleto atingiu lunamiibunny
[20:28:42] [main/INFO]: Loaded 326 advancements
[20:29:00] [Server thread/INFO]: <xadumTt> kauan
[20:29:00] [main/INFO]: [CHAT] <xadumTt> kauan
[20:29:05] [Server thread/INFO]: <WeirdCat> vem dormir comigo
[20:29:05] [main/INFO]: [CHAT] <WeirdCat> vem dormir comigo
[20:30:20] [Server thread/INFO]: <WeirdCat> zzzzzzz
[20:30:20] [main/INFO]: [CHAT] <WeirdCat> zzzzzzz
[20:30:26] [Server thread/INFO]: <Riskywinte> VAi DERRUBAR A PORRA DO SUCO PO
[20:30:26] [main/INFO]: [CHAT] <Riskywinte> VAi DERRUBAR A PORRA DO SUCO PO
[20:30:30] [Server thread/INFO]: <Riskywinte> PORRA DO SUCO
[20:30:30] [main/INFO]: [CHAT] <Riskywinte> PORRA DO SUCO
[20:30:37] [Server thread/INFO]: <Riskywinte> PORRA DO SUCO
[20:30:37] [main/INFO]: [CHAT] <Riskywinte> PORRA DO SUCO
[20:30:43] [Server thread/INFO]: <felpspintudo> DORME DORME
[20:30:43] [main/INFO]: [CHAT] <felpspintudo> DORME DORME
[20:30:43] [Server thread/INFO]: <Riskywinte> PORRA DO SUCO
[20:30:43] [main/INFO]: [CHAT] <Riskywinte> PORRA DO SUCO
[20:30:44] [Server thread/INFO]: <Riskywinte> PORRA DO SUCO
[20:30:44] [main/INFO]: [CHAT] <Riskywinte> PORRA DO SUCO
[20:30:44] [Server thread/INFO]: <Riskywinte> PORRA DO SUCO
[20:30:44] [main/INFO]: [CHAT] <Riskywinte> PORRA DO SUCO
[20:30:45] [Server thread/INFO]: <Riskywinte> PORRA DO SUCO
[20:30:45] [main/INFO]: [CHAT] <Riskywinte> PORRA DO SUCO
[20:30:45] [Server thread/INFO]: <felpspintudo> DORME DORME
[20:30:45] [main/INFO]: [CHAT] <felpspintudo> DORME DORME
[20:30:45] [Server thread/INFO]: <Riskywinte> PORRA DO SUCO
[20:30:45] [main/INFO]: [CHAT] <Riskywinte> PORRA DO SUCO
[20:30:45] [Server thread/INFO]: <Riskywinte> PORRA DO SUCO
[20:30:45] [main/INFO]: [CHAT] <Riskywinte> PORRA DO SUCO
[20:30:47] [Server thread/INFO]: <felpspintudo> DORME DORME
[20:30:47] [main/INFO]: [CHAT] <felpspintudo> DORME DORME
[20:30:51] [Server thread/INFO]: <WeirdCat> quem que não ta dormindo
[20:30:51] [main/INFO]: [CHAT] <WeirdCat> quem que não ta dormindo
[20:30:58] [Server thread/INFO]: <xadumTt> xadumTt
[20:30:58] [main/INFO]: [CHAT] <xadumTt> xadumTt
[20:30:59] [Server thread/INFO]: <felpspintudo> PICA DE ESPONJA
[20:30:59] [main/INFO]: [CHAT] <felpspintudo> PICA DE ESPONJA
[20:31:01] [Server thread/INFO]: <WeirdCat> kaleps tá online?
[20:31:01] [main/INFO]: [CHAT] <WeirdCat> kaleps tá online?
[20:31:04] [Server thread/INFO]: Villager bfj['Agricultor'/49693, l='ServerLevel[Só na brotheragem]', x=-687.49, y=70.00, z=154.70] died, message: 'lepskaleps matou Agricultor'
[20:31:04] [main/INFO]: Villager bfj['Agricultor'/49693, l='ClientLevel', x=-687.49, y=70.00, z=155.24] died, message: 'Agricultor morreu'
[20:31:11] [Server thread/INFO]: <xadumTt> PAU DE TIRANOSSAURO DA DENGUE
[20:31:11] [main/INFO]: [CHAT] <xadumTt> PAU DE TIRANOSSAURO DA DENGUE
[20:31:39] [Server thread/WARN]: Mismatch in destroy block pos: fx{x=-647, y=70, z=57} fx{x=-645, y=70, z=56}
[20:31:39] [Server thread/INFO]: Villager bfj['Palerma'/52323, l='ServerLevel[Só na brotheragem]', x=-640.87, y=68.00, z=136.70] died, message: 'Zumbi-múmia matou Palerma'
[20:31:39] [main/INFO]: Villager bfj['Palerma'/52323, l='ClientLevel', x=-640.93, y=68.01, z=136.59] died, message: 'Palerma morreu'
[20:32:02] [Server thread/INFO]: xadumTt conquistou o progresso [Elas crescem tão rápido...]
[20:32:02] [main/INFO]: [CHAT] xadumTt conquistou o progresso [Elas crescem tão rápido...]
[20:32:09] [Server thread/INFO]: lepskaleps caiu de um lugar alto
[20:32:09] [main/INFO]: [CHAT] lepskaleps caiu de um lugar alto
[20:35:31] [main/INFO]: Loaded 328 advancements
[20:35:31] [main/INFO]: [CHAT] O ponto de renascimento foi definido
[20:35:57] [main/INFO]: Loaded 329 advancements
[20:35:57] [main/INFO]: Loaded 332 advancements
[20:36:19] [Server thread/WARN]: Mismatch in destroy block pos: fx{x=-619, y=70, z=49} fx{x=-618, y=68, z=49}
[20:37:40] [Server thread/INFO]: WeirdCat conquistou o progresso [Aprendiz de feiticeiro]
[20:37:40] [main/INFO]: [CHAT] WeirdCat conquistou o progresso [Aprendiz de feiticeiro]
[20:37:40] [main/INFO]: Loaded 332 advancements
[20:37:50] [Server thread/INFO]: lunamiibunny conquistou o progresso [O buraco é mais embaixo]
[20:37:50] [main/INFO]: [CHAT] lunamiibunny conquistou o progresso [O buraco é mais embaixo]
[20:37:50] [Server thread/WARN]: Can't keep up! Is the server overloaded? Running 3559ms or 71 ticks behind
[20:37:50] [Server thread/WARN]: Riskywinte moved too quickly! 7.026633438355475,-0.2046003784434305,7.253376169162237
[20:37:50] [Server thread/WARN]: lepskaleps moved too quickly! 4.812151319169516,-0.7531999805212024,8.95315491018234
[20:38:05] [Server thread/WARN]: lepskaleps moved too quickly! -5.285289305103333,0.2712241076924897,8.794552146444786
[20:38:05] [Server thread/WARN]: Riskywinte moved too quickly! 7.452417499161697,1.003967839911212,7.1240795429981745
[20:38:11] [Server thread/WARN]: Can't keep up! Is the server overloaded? Running 5363ms or 107 ticks behind
[20:38:17] [Server thread/INFO]: WeirdCat conquistou o progresso [O buraco é mais embaixo]
[20:38:17] [main/INFO]: [CHAT] WeirdCat conquistou o progresso [O buraco é mais embaixo]
[20:38:17] [main/INFO]: Loaded 350 advancements
[20:38:19] [main/INFO]: Loaded 350 advancements
[20:38:30] [Server thread/WARN]: Can't keep up! Is the server overloaded? Running 4283ms or 85 ticks behind
[20:38:33] [main/INFO]: Loaded 350 advancements
[20:38:35] [main/WARN]: Received passengers for unknown entity
[20:39:13] [main/WARN]: Received passengers for unknown entity
[20:39:29] [main/WARN]: Received passengers for unknown entity
[20:39:31] [Server thread/WARN]: Can't keep up! Is the server overloaded? Running 2007ms or 40 ticks behind
[20:39:34] [main/WARN]: Received passengers for unknown entity
[20:39:40] [main/INFO]: Loaded 351 advancements
[20:39:48] [Server thread/WARN]: Can't keep up! Is the server overloaded? Running 2401ms or 48 ticks behind
[20:40:01] [Server thread/INFO]: WeirdCat conquistou o progresso [Anos dourados]
[20:40:01] [main/INFO]: [CHAT] WeirdCat conquistou o progresso [Anos dourados]
[20:40:01] [main/INFO]: Loaded 351 advancements
[20:40:17] [main/WARN]: Received passengers for unknown entity
[20:40:27] [main/WARN]: Received passengers for unknown entity
[20:40:43] [main/WARN]: Received passengers for unknown entity
[20:40:44] [main/WARN]: Received passengers for unknown entity
[20:41:03] [Server thread/INFO]: lunamiibunny conquistou o progresso [Anos dourados]
[20:41:03] [main/INFO]: [CHAT] lunamiibunny conquistou o progresso [Anos dourados]
[20:41:17] [main/INFO]: Loaded 353 advancements
[20:41:17] [Server thread/WARN]: Can't keep up! Is the server overloaded? Running 2065ms or 41 ticks behind
[20:41:18] [main/INFO]: Loaded 360 advancements
[20:41:35] [Server thread/WARN]: Can't keep up! Is the server overloaded? Running 3234ms or 64 ticks behind
[20:41:58] [main/INFO]: Loaded 376 advancements
[20:42:17] [Server thread/WARN]: Can't keep up! Is the server overloaded? Running 2001ms or 40 ticks behind
[20:42:32] [main/WARN]: Received passengers for unknown entity
[20:42:33] [main/WARN]: Received passengers for unknown entity
[20:42:39] [main/WARN]: Received passengers for unknown entity
[20:42:40] [Server thread/WARN]: Can't keep up! Is the server overloaded? Running 2012ms or 40 ticks behind
[20:42:42] [Server thread/INFO]: Piglin bárbaro matou WeirdCat
[20:42:42] [main/INFO]: [CHAT] Piglin bárbaro matou WeirdCat
[20:43:06] [main/WARN]: Received passengers for unknown entity
[20:43:06] [main/WARN]: Received passengers for unknown entity
[20:43:06] [main/WARN]: Received passengers for unknown entity
[20:43:08] [main/WARN]: Received passengers for unknown entity
[20:43:28] [Server thread/WARN]: Can't keep up! Is the server overloaded? Running 4152ms or 83 ticks behind
[20:43:31] [main/WARN]: Received passengers for unknown entity
[20:43:35] [main/WARN]: Received passengers for unknown entity
[20:43:56] [main/WARN]: Received passengers for unknown entity
[20:44:00] [Server thread/INFO]: Piglin bárbaro matou WeirdCat
[20:44:01] [main/INFO]: [CHAT] Piglin bárbaro matou WeirdCat
[20:44:07] [main/INFO]: Loaded 377 advancements
[20:44:30] [Server thread/WARN]: Can't keep up! Is the server overloaded? Running 2005ms or 40 ticks behind
[20:44:39] [main/WARN]: Received passengers for unknown entity
[20:44:39] [main/WARN]: Received passengers for unknown entity
[20:44:39] [main/WARN]: Received passengers for unknown entity
[20:44:40] [main/WARN]: Received passengers for unknown entity
[20:45:14] [main/WARN]: Received passengers for unknown entity
[20:45:27] [Server thread/WARN]: Can't keep up! Is the server overloaded? Running 2017ms or 40 ticks behind
[20:45:49] [Server thread/WARN]: Can't keep up! Is the server overloaded? Running 6522ms or 130 ticks behind
[20:45:59] [main/WARN]: Received passengers for unknown entity
[20:46:08] [Server thread/WARN]: Can't keep up! Is the server overloaded? Running 2016ms or 40 ticks behind
[20:46:14] [main/WARN]: Received passengers for unknown entity
[20:46:16] [main/WARN]: Received passengers for unknown entity
[20:46:28] [Server thread/INFO]: <xadumTt> dropa areia kauan
[20:46:28] [main/INFO]: [CHAT] <xadumTt> dropa areia kauan
[20:46:30] [Server thread/INFO]: <xadumTt> pfv
[20:46:31] [main/INFO]: [CHAT] <xadumTt> pfv
[20:46:38] [main/INFO]: Loaded 378 advancements
[20:46:50] [Server thread/INFO]: lunamiibunny lost connection: Desconectado
[20:46:50] [Server thread/INFO]: lunamiibunny saiu da partida
[20:46:50] [main/INFO]: [CHAT] lunamiibunny saiu da partida
[20:46:52] [main/INFO]: [CHAT] O ponto de renascimento foi definido
[20:47:28] [Server thread/INFO]: Aranha matou WeirdCat
[20:47:28] [main/INFO]: [CHAT] Aranha matou WeirdCat
[20:48:17] [main/INFO]: [CHAT] O ponto de renascimento foi definido
[20:48:25] [main/INFO]: [CHAT] O ponto de renascimento foi definido
[20:49:07] [Server thread/INFO]: <felpspintudo> CAPADO PELA ARACNOIDE
[20:49:07] [main/INFO]: [CHAT] <felpspintudo> CAPADO PELA ARACNOIDE
[20:49:56] [Server thread/INFO]: <WeirdCat> zzzzzzzzzzzzzz
[20:49:56] [main/INFO]: [CHAT] <WeirdCat> zzzzzzzzzzzzzz
[20:49:59] [Server thread/INFO]: <xadumTt> zzzzzzzzzZZZz
[20:49:59] [main/INFO]: [CHAT] <xadumTt> zzzzzzzzzZZZz
[20:50:32] [main/INFO]: [CHAT] O ponto de renascimento foi definido
[20:52:01] [main/WARN]: Received passengers for unknown entity
[20:53:05] [main/INFO]: [CHAT] O ponto de renascimento foi definido
[20:53:08] [main/INFO]: Loaded 378 advancements
[20:53:44] [Server thread/INFO]: WeirdCat lost connection: Desconectado
[20:53:44] [Server thread/INFO]: WeirdCat saiu da partida
[20:53:44] [Server thread/INFO]: Stopping singleplayer server as player logged out
[20:53:44] [Server thread/INFO]: Stopping server
[20:53:44] [Server thread/INFO]: Saving players
[20:53:44] [Server thread/INFO]: Saving worlds
[20:53:44] [Server thread/INFO]: Saving chunks for level 'ServerLevel[Só na brotheragem]'/minecraft:overworld
[20:53:46] [Server thread/INFO]: ThreadedAnvilChunkStorage (Só na brotheragem): All chunks are saved
[20:53:46] [Server thread/INFO]: Saving chunks for level 'ServerLevel[Só na brotheragem]'/minecraft:the_nether
[20:53:46] [Server thread/INFO]: ThreadedAnvilChunkStorage (DIM-1): All chunks are saved
[20:53:46] [Server thread/INFO]: Saving chunks for level 'ServerLevel[Só na brotheragem]'/minecraft:the_end
[20:53:46] [Server thread/INFO]: ThreadedAnvilChunkStorage (DIM1): All chunks are saved
[20:53:46] [Server thread/INFO]: ThreadedAnvilChunkStorage (Só na brotheragem): All chunks are saved
[20:53:47] [Server thread/INFO]: ThreadedAnvilChunkStorage (DIM-1): All chunks are saved
[20:53:47] [Server thread/INFO]: ThreadedAnvilChunkStorage (DIM1): All chunks are saved
[20:53:53] [main/WARN]: Ambiguity between arguments [teleport, destination] and [teleport, targets] with inputs: [Player, 0123, @e, dd12be42-52a9-4a91-a8a1-11c01849e498]
[20:53:53] [main/WARN]: Ambiguity between arguments [teleport, location] and [teleport, destination] with inputs: [0.1 -0.5 .9, 0 0 0]
[20:53:53] [main/WARN]: Ambiguity between arguments [teleport, location] and [teleport, targets] with inputs: [0.1 -0.5 .9, 0 0 0]
[20:53:53] [main/WARN]: Ambiguity between arguments [teleport, targets] and [teleport, destination] with inputs: [Player, 0123, dd12be42-52a9-4a91-a8a1-11c01849e498]
[20:53:53] [main/WARN]: Ambiguity between arguments [teleport, targets, location] and [teleport, targets, destination] with inputs: [0.1 -0.5 .9, 0 0 0]
[20:53:53] [main/INFO]: Reloading ResourceManager: Default
[20:53:53] [main/INFO]: Loaded 7 recipes
[20:53:53] [main/INFO]: Loaded 927 advancements
[20:53:54] [main/INFO]: Environment: authHost='https://authserver.mojang.com', accountsHost='https://api.mojang.com', sessionHost='https://sessionserver.mojang.com', servicesHost='https://api.minecraftservices.com', name='PROD'
[20:53:54] [Server thread/INFO]: Starting integrated minecraft server version 1.16.5
[20:53:54] [Server thread/INFO]: Generating keypair
[20:53:54] [Server thread/INFO]: Preparing start region for dimension minecraft:overworld
[20:53:55] [main/INFO]: Preparando área de nascimento: 0%
[20:53:55] [main/INFO]: Preparando área de nascimento: 0%
[20:53:55] [main/INFO]: Preparando área de nascimento: 0%
[20:53:55] [main/INFO]: Time elapsed: 1508 ms
[20:53:55] [Server thread/INFO]: Changing view distance to 11, from 10
[20:53:56] [Server thread/INFO]: WeirdCat[local:E:cfdba87d] logged in with entity id 136040 at (-637.0522802130728, 71.0, 72.42239433028028)
[20:53:56] [Server thread/INFO]: WeirdCat entrou na partida
[20:53:56] [Server thread/INFO]: Saving and pausing game...
[20:53:56] [Server thread/INFO]: Saving chunks for level 'ServerLevel[Só na brotheragem]'/minecraft:overworld
[20:53:56] [Server thread/INFO]: Saving chunks for level 'ServerLevel[Só na brotheragem]'/minecraft:the_nether
[20:53:56] [Server thread/INFO]: Saving chunks for level 'ServerLevel[Só na brotheragem]'/minecraft:the_end
[20:53:56] [main/INFO]: Loaded 378 advancements
[20:53:58] [Server thread/INFO]: Saving and pausing game...
[20:53:58] [Server thread/INFO]: Saving chunks for level 'ServerLevel[Só na brotheragem]'/minecraft:overworld
[20:53:58] [Server thread/INFO]: Saving chunks for level 'ServerLevel[Só na brotheragem]'/minecraft:the_nether
[20:53:58] [Server thread/INFO]: Saving chunks for level 'ServerLevel[Só na brotheragem]'/minecraft:the_end
[20:54:02] [main/INFO]: Using default channel type
[20:54:02] [main/INFO]: Started serving on 59113
[20:54:02] [main/INFO]: [CHAT] A partida local foi hospedada na porta 59113
[20:54:08] [User Authenticator #15/WARN]: Failed to verify username but will let them in anyway!
[20:54:08] [Server thread/INFO]: lepskaleps[/26.105.170.195:57783] logged in with entity id 136569 at (-685.8055960897689, 70.0, 153.51836047584152)
[20:54:08] [Server thread/INFO]: lepskaleps entrou na partida
[20:54:08] [main/INFO]: [CHAT] lepskaleps entrou na partida
[20:54:14] [User Authenticator #16/WARN]: Failed to verify username but will let them in anyway!
[20:54:14] [Server thread/INFO]: xadumTt[/26.168.74.204:64864] logged in with entity id 136665 at (-676.0610207830942, 70.0, 152.94538445574847)
[20:54:14] [Server thread/INFO]: xadumTt entrou na partida
[20:54:14] [main/INFO]: [CHAT] xadumTt entrou na partida
[20:54:56] [User Authenticator #17/WARN]: Failed to verify username but will let them in anyway!
[20:54:57] [Server thread/INFO]: Riskywinte[/26.126.204.53:50171] logged in with entity id 136866 at (-629.5, 88.0, 218.5)
[20:54:57] [Server thread/INFO]: Riskywinte entrou na partida
[20:54:57] [main/INFO]: [CHAT] Riskywinte entrou na partida
[20:55:34] [User Authenticator #18/WARN]: Failed to verify username but will let them in anyway!
[20:55:34] [Server thread/INFO]: felpspintudo[/26.130.119.113:57912] logged in with entity id 137161 at (-640.0386711293944, 78.0, 184.87660039655057)
[20:55:34] [Server thread/INFO]: felpspintudo entrou na partida
[20:55:34] [main/INFO]: [CHAT] felpspintudo entrou na partida
[20:58:17] [Server thread/WARN]: Can't keep up! Is the server overloaded? Running 2002ms or 40 ticks behind
[21:10:44] [Server thread/INFO]: Creeper explodiu Riskywinte
[21:10:44] [main/INFO]: [CHAT] Creeper explodiu Riskywinte
[21:11:01] [Server thread/WARN]: Riskywinte moved too quickly! 10.47582612426686,0.41999998688697815,-1.5744321203138156
[21:11:13] [Server thread/INFO]: Riskywinte lost connection: Tempo esgotado
[21:11:13] [Server thread/INFO]: Riskywinte saiu da partida
[21:11:13] [main/INFO]: [CHAT] Riskywinte saiu da partida
[21:11:42] [User Authenticator #19/WARN]: Failed to verify username but will let them in anyway!
[21:11:42] [Server thread/INFO]: Riskywinte[/26.126.204.53:50262] logged in with entity id 160370 at (-614.4278297059334, 88.0, 206.99852040230283)
[21:11:42] [Server thread/INFO]: Riskywinte entrou na partida
[21:11:42] [main/INFO]: [CHAT] Riskywinte entrou na partida
[21:11:59] [Server thread/INFO]: Riskywinte lost connection: Tempo esgotado
[21:11:59] [Server thread/INFO]: Riskywinte saiu da partida
[21:11:59] [main/INFO]: [CHAT] Riskywinte saiu da partida
[21:12:02] [Server thread/WARN]: Fetching packet for removed entity bcv['Graveto'/159885, l='ServerLevel[Só na brotheragem]', x=-672.99, y=72.30, z=129.87]
[21:12:08] [User Authenticator #20/WARN]: Failed to verify username but will let them in anyway!
[21:12:08] [Server thread/INFO]: Riskywinte[/26.126.204.53:50272] logged in with entity id 160550 at (-614.4278297059334, 88.0, 206.99852040230283)
[21:12:08] [Server thread/INFO]: Riskywinte entrou na partida
[21:12:08] [main/INFO]: [CHAT] Riskywinte entrou na partida
[21:13:14] [Server thread/INFO]: Um cacto espetou lepskaleps até a morte
[21:13:14] [main/INFO]: [CHAT] Um cacto espetou lepskaleps até a morte
[21:14:48] [Server thread/WARN]: Cavalo (vehicle of WeirdCat) moved wrongly! 0.2573737737256323
[21:17:38] [Server thread/INFO]: xadumTt lost connection: Desconectado
[21:17:38] [Server thread/INFO]: xadumTt saiu da partida
[21:17:38] [main/INFO]: [CHAT] xadumTt saiu da partida
[21:17:52] [Server thread/WARN]: Can't keep up! Is the server overloaded? Running 2106ms or 42 ticks behind
[21:19:20] [Server thread/WARN]: Can't keep up! Is the server overloaded? Running 2058ms or 41 ticks behind
[21:19:38] [Server thread/WARN]: Can't keep up! Is the server overloaded? Running 2368ms or 47 ticks behind
[21:19:58] [Server thread/WARN]: Can't keep up! Is the server overloaded? Running 4946ms or 98 ticks behind
[21:22:08] [Server thread/WARN]: Can't keep up! Is the server overloaded? Running 2002ms or 40 ticks behind
[21:26:21] [Server thread/INFO]: [Riskywinte: O tempo foi definido para 1000 ciclos]
[21:26:21] [main/INFO]: [CHAT] [Riskywinte: O tempo foi definido para 1000 ciclos]
[21:26:54] [Server thread/INFO]: Creeper explodiu Riskywinte
[21:26:54] [main/INFO]: [CHAT] Creeper explodiu Riskywinte
[21:27:00] [Server thread/WARN]: Riskywinte moved too quickly! 10.182829869590591,0.41999998688697815,-1.6131802837137172
[21:27:10] [Server thread/INFO]: Riskywinte lost connection: Tempo esgotado
[21:27:10] [Server thread/INFO]: Riskywinte saiu da partida
[21:27:10] [main/INFO]: [CHAT] Riskywinte saiu da partida
[21:27:48] [User Authenticator #21/WARN]: Failed to verify username but will let them in anyway!
[21:27:48] [Server thread/INFO]: Riskywinte[/26.126.204.53:50358] logged in with entity id 181178 at (-614.7197771299765, 88.0, 206.83594770475375)
[21:27:48] [Server thread/INFO]: Riskywinte entrou na partida
[21:27:48] [main/INFO]: [CHAT] Riskywinte entrou na partida
[21:28:06] [Server thread/INFO]: Riskywinte lost connection: Tempo esgotado
[21:28:06] [Server thread/INFO]: Riskywinte saiu da partida
[21:28:06] [main/INFO]: [CHAT] Riskywinte saiu da partida
[21:28:24] [User Authenticator #22/WARN]: Failed to verify username but will let them in anyway!
[21:28:24] [Server thread/INFO]: Riskywinte[/26.126.204.53:50370] logged in with entity id 181459 at (-614.7197771299765, 88.0, 206.83594770475375)
[21:28:24] [Server thread/INFO]: Riskywinte entrou na partida
[21:28:24] [main/INFO]: [CHAT] Riskywinte entrou na partida
[21:28:41] [Server thread/INFO]: Riskywinte lost connection: Tempo esgotado
[21:28:41] [Server thread/INFO]: Riskywinte saiu da partida
[21:28:41] [main/INFO]: [CHAT] Riskywinte saiu da partida
[21:28:45] [Server thread/INFO]: WeirdCat esbarrou violentamente no chão
[21:28:45] [main/INFO]: [CHAT] WeirdCat esbarrou violentamente no chão
[21:28:51] [User Authenticator #23/WARN]: Failed to verify username but will let them in anyway!
[21:28:51] [Server thread/INFO]: Riskywinte[/26.126.204.53:50380] logged in with entity id 181961 at (-614.7197771299765, 88.0, 206.83594770475375)
[21:28:51] [Server thread/INFO]: Riskywinte entrou na partida
[21:28:51] [main/INFO]: [CHAT] Riskywinte entrou na partida
[21:29:07] [Server thread/INFO]: Riskywinte lost connection: Tempo esgotado
[21:29:07] [Server thread/INFO]: Riskywinte saiu da partida
[21:29:07] [main/INFO]: [CHAT] Riskywinte saiu da partida
[21:29:19] [User Authenticator #24/WARN]: Failed to verify username but will let them in anyway!
[21:29:19] [Server thread/INFO]: Riskywinte[/26.126.204.53:50390] logged in with entity id 182219 at (-614.7197771299765, 88.0, 206.83594770475375)
[21:29:19] [Server thread/INFO]: Riskywinte entrou na partida
[21:29:19] [main/INFO]: [CHAT] Riskywinte entrou na partida
[21:29:46] [Server thread/INFO]: WeirdCat esbarrou violentamente no chão
[21:29:46] [main/INFO]: [CHAT] WeirdCat esbarrou violentamente no chão
[21:30:39] [Server thread/INFO]: Golem de ferro matou WeirdCat
[21:30:39] [main/INFO]: [CHAT] Golem de ferro matou WeirdCat
[21:31:57] [Server thread/INFO]: Golem de ferro matou WeirdCat
[21:31:57] [main/INFO]: [CHAT] Golem de ferro matou WeirdCat
[21:32:19] [Server thread/INFO]: Golem de ferro matou WeirdCat
[21:32:19] [main/INFO]: [CHAT] Golem de ferro matou WeirdCat
[21:32:20] [Server thread/INFO]: Um cacto espetou lepskaleps até a morte
[21:32:20] [main/INFO]: [CHAT] Um cacto espetou lepskaleps até a morte
[21:32:49] [Server thread/INFO]: Golem de ferro matou WeirdCat
[21:32:49] [main/INFO]: [CHAT] Golem de ferro matou WeirdCat
[21:33:16] [Server thread/INFO]: Golem de ferro matou WeirdCat
[21:33:16] [main/INFO]: [CHAT] Golem de ferro matou WeirdCat
[21:33:38] [Server thread/INFO]: Golem de ferro matou WeirdCat
[21:33:38] [main/INFO]: [CHAT] Golem de ferro matou WeirdCat
[21:34:01] [Server thread/INFO]: Golem de ferro matou WeirdCat
[21:34:01] [main/INFO]: [CHAT] Golem de ferro matou WeirdCat
[21:34:32] [Server thread/INFO]: Golem de ferro matou WeirdCat
[21:34:32] [main/INFO]: [CHAT] Golem de ferro matou WeirdCat
[21:35:47] [main/INFO]: Loaded 379 advancements
[21:36:12] [Server thread/INFO]: [WeirdCat: WeirdCat foi teletransportado(a) para lepskaleps]
[21:36:12] [main/INFO]: [CHAT] WeirdCat foi teletransportado(a) para lepskaleps
[21:37:35] [Server thread/INFO]: WeirdCat sufocou-se numa parede
[21:37:35] [main/INFO]: [CHAT] WeirdCat sufocou-se numa parede
[21:37:39] [Server thread/INFO]: felpspintudo lost connection: Desconectado
[21:37:39] [Server thread/INFO]: felpspintudo saiu da partida
[21:37:39] [main/INFO]: [CHAT] felpspintudo saiu da partida
[21:39:01] [Server thread/INFO]: Villager bfj['Cartógrafo'/136292, l='ServerLevel[Só na brotheragem]', x=-688.70, y=71.00, z=125.47] died, message: 'Zumbi-múmia matou Cartógrafo'
[21:39:01] [main/INFO]: Villager bfj['Cartógrafo'/136292, l='ClientLevel', x=-688.70, y=71.00, z=125.39] died, message: 'Cartógrafo morreu'
[21:39:23] [Server thread/INFO]: Aldeão zumbi matou lepskaleps
[21:39:23] [main/INFO]: [CHAT] Aldeão zumbi matou lepskaleps
[21:40:58] [Server thread/INFO]: [Riskywinte: O tempo foi definido para 1000 ciclos]
[21:40:58] [main/INFO]: [CHAT] [Riskywinte: O tempo foi definido para 1000 ciclos]
[21:43:28] [User Authenticator #25/WARN]: Failed to verify username but will let them in anyway!
[21:43:28] [Server thread/INFO]: xadumTt[/26.168.74.204:62542] logged in with entity id 191285 at (-684.2151938250022, 71.0, 127.17780719109255)
[21:43:28] [Server thread/INFO]: xadumTt entrou na partida
[21:43:28] [main/INFO]: [CHAT] xadumTt entrou na partida
[21:44:15] [Server thread/INFO]: <Riskywinte> jean
[21:44:15] [main/INFO]: [CHAT] <Riskywinte> jean
[21:44:34] [Server thread/INFO]: <WeirdCat> oi
[21:44:34] [main/INFO]: [CHAT] <WeirdCat> oi
[21:44:40] [Server thread/INFO]: <Riskywinte> desmuta
[21:44:40] [main/INFO]: [CHAT] <Riskywinte> desmuta
[21:44:41] [Server thread/INFO]: <xadumTt> fala conosco :c
[21:44:41] [main/INFO]: [CHAT] <xadumTt> fala conosco :c
[21:44:50] [Server thread/INFO]: <WeirdCat> nn
[21:44:50] [main/INFO]: [CHAT] <WeirdCat> nn
[21:46:57] [Server thread/INFO]: lepskaleps caiu de um lugar alto
[21:46:57] [main/INFO]: [CHAT] lepskaleps caiu de um lugar alto
[21:47:09] [Server thread/INFO]: WeirdCat conquistou o progresso [Negócio fechado!]
[21:47:09] [main/INFO]: [CHAT] WeirdCat conquistou o progresso [Negócio fechado!]
[21:47:09] [main/INFO]: Loaded 379 advancements
[21:51:56] [Server thread/INFO]: Riskywinte conquistou o progresso [Amigos para sempre]
[21:51:56] [main/INFO]: [CHAT] Riskywinte conquistou o progresso [Amigos para sempre]
[21:53:42] [Server thread/INFO]: xadumTt conquistou o progresso [Hoje não, valeu]
[21:53:42] [main/INFO]: [CHAT] xadumTt conquistou o progresso [Hoje não, valeu]
[21:53:52] [Server thread/INFO]: Zumbi matou xadumTt
[21:53:52] [main/INFO]: [CHAT] Zumbi matou xadumTt
[21:56:50] [Server thread/INFO]: lepskaleps esbarrou violentamente no chão
[21:56:50] [main/INFO]: [CHAT] lepskaleps esbarrou violentamente no chão
[21:59:05] [Server thread/INFO]: Riskywinte lost connection: Desconectado
[21:59:05] [Server thread/INFO]: Riskywinte saiu da partida
[21:59:05] [main/INFO]: [CHAT] Riskywinte saiu da partida
[21:59:13] [Server thread/INFO]: Esqueleto atingiu xadumTt
[21:59:13] [main/INFO]: [CHAT] Esqueleto atingiu xadumTt
[21:59:49] [Server thread/INFO]: Creeper explodiu xadumTt
[21:59:49] [main/INFO]: [CHAT] Creeper explodiu xadumTt
[22:00:44] [Server thread/INFO]: xadumTt lost connection: Desconectado
[22:00:44] [Server thread/INFO]: xadumTt saiu da partida
[22:00:44] [main/INFO]: [CHAT] xadumTt saiu da partida
[22:01:07] [Server thread/INFO]: lepskaleps lost connection: Desconectado
[22:01:07] [Server thread/INFO]: lepskaleps saiu da partida
[22:01:07] [main/INFO]: [CHAT] lepskaleps saiu da partida
[22:02:37] [main/INFO]: [CHAT] O ponto de renascimento foi definido
[22:02:55] [Server thread/INFO]: WeirdCat lost connection: Desconectado
[22:02:55] [Server thread/INFO]: WeirdCat saiu da partida
[22:02:55] [Server thread/INFO]: Stopping singleplayer server as player logged out
[22:02:55] [Server thread/INFO]: Stopping server
[22:02:55] [Server thread/INFO]: Saving players
[22:02:55] [Server thread/INFO]: Saving worlds
[22:02:55] [Server thread/INFO]: Saving chunks for level 'ServerLevel[Só na brotheragem]'/minecraft:overworld
[22:03:00] [Server thread/INFO]: ThreadedAnvilChunkStorage (Só na brotheragem): All chunks are saved
[22:03:00] [Server thread/INFO]: Saving chunks for level 'ServerLevel[Só na brotheragem]'/minecraft:the_nether
[22:03:00] [Server thread/INFO]: ThreadedAnvilChunkStorage (DIM-1): All chunks are saved
[22:03:00] [Server thread/INFO]: Saving chunks for level 'ServerLevel[Só na brotheragem]'/minecraft:the_end
[22:03:00] [Server thread/INFO]: ThreadedAnvilChunkStorage (DIM1): All chunks are saved
[22:03:00] [Server thread/INFO]: ThreadedAnvilChunkStorage (Só na brotheragem): All chunks are saved
[22:03:01] [Server thread/INFO]: ThreadedAnvilChunkStorage (DIM-1): All chunks are saved
[22:03:01] [Server thread/INFO]: ThreadedAnvilChunkStorage (DIM1): All chunks are saved
[22:03:03] [main/INFO]: Stopping!
