
-------------------------------------------------------------------
[Downloader2] Loaded configuration: normal
[Bootstrapper] createLauncher
[Bootstrapper] choose jvm:C:\Users\Suturn\AppData\Roaming\.tlauncher\jvms\jre1.8.0_281\bin\javaw.exe
[Bootstrapper] validate files
[Bootstrapper] end validated files
[Bootstrapper] Starting launcher...
[Double running] clear time label
> Loading configuration from file: C:\Users\Suturn\AppData\Roaming\.tlauncher\tlauncher-2.0.properties
> [Configuration] Constant values: {}
> [Loading] INITIALIZING
> Starting TLauncher 2.82 RELEASE
> For more information, visit https://tlauncher.org/
> Startup time: 20/12/2021 20:48:12
> Running folder C:\Users\Suturn\AppData\Roaming\.minecraft
> ---
> [Loading] LOADING_CONFIGURATION
> Machine info: -------------------------------------------------------
> Windows 10 10.0, Java 1.8.0_281, jvm bit x64, 6074 MB RAM
> java path=C:\Users\Suturn\AppData\Roaming\.tlauncher\jvms\jre1.8.0_281\bin\javaw.exe
> AMD Ryzen 5 3400G with Radeon Vega Graphics
>  AMD Radeon(TM) RX Vega 11 Graphics, AMD Radeon Graphics Processor (0x15D8), 5079 MB
> -------------------------------------------------------
> Selected locale: pt_PT
> [Loading] LOADING_CONSOLE
> [Downloader2] Loaded configuration: good
> [Updater] Requesting an update...
> [Updater] Requesting from: http://repo.tlauncher.org/update/lch/update_2.0.json
> [Updater] Making request: http://repo.tlauncher.org/update/lch/update_2.0.json?version=2.82&client=58c9f680-2261-48ed-ac80-620ef7b530f5
> [Updater] Request time: 1047 ms
> [Updater] Successfully requested from: http://repo.tlauncher.org/update/lch/update_2.0.json
> [Browser] Loading resources...
> [Browser] Loading background...
> [Browser] Cleaning up after loading:
> Starting garbage collector: 26 / 87 MB
> Garbage collector completed: 19 / 114 MB
> [Loading] LOADING_MANAGERS
> [LocalVersionList] Base directory: C:\Users\Suturn\AppData\Roaming\.minecraft
> [ProfileManager] Refreshing profiles from: C:\Users\Suturn\AppData\Roaming\.minecraft\TlauncherProfiles.json
> [AdvertisingStatusObserver]  started to get ad information
> [AdvertisingStatusObserver]  finished to get add information
> save profiles
> [Loading] LOADING_WINDOW
> [GsonUtil]  request to http://repo.tlauncher.org/update/downloads/libraries/org/tlauncher/authlib/libraries-1.7.json
> [REPO][SERVER_LIST_REPO] Success: Reached the repo in 182 ms.
> [Swing] Favicons loaded: 256px, 128px, 96px, 64px, 48px, 32px, 24px, 16px
> [Loading] PREPARING_MAINPANE
> [JFXStartPageLoader]  start load page: https://page.tlauncher.org/update/downloads/configs/client/index_pt.htm
> [Browser] Running in JavaFX Thread
> [Browser] Preparing JavaFX...
> [Browser] Initializing...
[Bootstrapper] I can be terminated now: 0
