[Loading] INITIALIZING
Starting TLauncher 2.839 RELEASE
For more information, visit https://tlauncher.org/
Startup time: 02/01/2022 17:42:00
Running folder C:\Users\Suturn\AppData\Roaming\.minecraft
---
[Loading] LOADING_CONFIGURATION
Machine info: -------------------------------------------------------
Windows 10 10.0, Java 1.8.0_281, jvm bit x64, 6074 MB RAM
java path=C:\Users\Suturn\AppData\Roaming\.tlauncher\jvms\jre1.8.0_281\bin\javaw.exe
AMD Ryzen 5 3400G with Radeon Vega Graphics
 AMD Radeon(TM) RX Vega 11 Graphics, AMD Radeon Graphics Processor (0x15D8), 5079 MB
-------------------------------------------------------
Selected locale: pt_PT
[Loading] LOADING_CONSOLE
[Downloader2] Loaded configuration: good
[Updater] Requesting an update...
[Updater] Requesting from: https://repo.tlauncher.org/update/lch/update_2.0.json
[Updater] Making request: https://repo.tlauncher.org/update/lch/update_2.0.json?version=2.839&client=58c9f680-2261-48ed-ac80-620ef7b530f5
[Browser] Loading resources...
[Browser] Loading background...
[Browser] Cleaning up after loading:
Starting garbage collector: 40 / 110 MB
Garbage collector completed: 16 / 110 MB
[Loading] LOADING_MANAGERS
[LocalVersionList] Base directory: C:\Users\Suturn\AppData\Roaming\.minecraft
[ProfileManager] Refreshing profiles from: C:\Users\Suturn\AppData\Roaming\.minecraft\TlauncherProfiles.json
[AdvertisingStatusObserver]  started to get ad information
[GsonUtil]  request to https://repo.tlauncher.org/update/downloads/libraries/org/tlauncher/authlib/libraries-1.7.json
[AdvertisingStatusObserver]  finished to get add information
save profiles
[Loading] LOADING_WINDOW
[Swing] Favicons loaded: 256px, 128px, 96px, 64px, 48px, 32px, 24px, 16px
[Loading] PREPARING_MAINPANE
[JFXStartPageLoader]  start load page: https://page.tlauncher.org/update/downloads/configs/client/index_pt.htm
[Browser] Running in JavaFX Thread
[Browser] Preparing JavaFX...
[REPO][SERVER_LIST_REPO] Success: Reached the repo in 172 ms.
[Browser] Initializing...
[Updater] Request time: 1235 ms
[Updater] Successfully requested from: https://repo.tlauncher.org/update/lch/update_2.0.json
[Downloader2] Loaded configuration: good
[JFXStartPageLoader]  succeeded load page: https://page.tlauncher.org/update/downloads/configs/client/index_pt.htm during 1
[Browser@57771146] Loaded successfully: "https://page.tlauncher.org/update/downloads/configs/client/index_pt.htm"
[Browser] add listens into server_choose
[Browser] finished listens into server_choose
[Loading] POSTINIT_GUI
[Frame] Packing main frame...
[Frame] Resizing main pane...
Updater is already closed. Showing up...
Visibility set.
[Loading] REFRESHING_INFO
[VersionManager] Refreshing versions remotely...
[REPO][EXTRA_VERSION_REPO] Attempt #1; timeout: 20000 ms; url: https://repo.tlauncher.org/update/downloads/versions/new4/
Started! (5007 ms.)
[Loading] SUCCESS
[TLauncher] show tlauncher!!!
[REPO][EXTRA_VERSION_REPO] Success: Reached the repo in 160 ms.
set logging 1.12.json version type 1.16, version id 1.16.5
[REPO][EXTRA_VERSION_REPO] Attempt #1; timeout: 20000 ms; url: https://repo.tlauncher.org/update/downloads/versions/new4/
[REPO][OFFICIAL_VERSION_REPO] Attempt #1; timeout: 20000 ms; url: https://launchermeta.mojang.com/mc/game/
[REPO][SKIN_VERSION_REPO] Attempt #1; timeout: 20000 ms; url: https://repo.tlauncher.org/update/downloads/versions/new4/skin/versions/
[REPO][SKIN_VERSION_REPO] Success: Reached the repo in 80 ms.
[REPO][EXTRA_VERSION_REPO] Success: Reached the repo in 86 ms.
[SkinVersionList] Got in 111 ms
[ExtraVersionList] Got in 152 ms
[REPO][OFFICIAL_VERSION_REPO] Success: Reached the repo in 2105 ms.
[OfficialVersionList] Got in 2192 ms
[VersionManager] Versions has been refreshed (2458 ms)
local server started
[REPO][ADD_HOT_SERVERS_REPO] Attempt #1; timeout: 20000 ms; url: https://repo.tlauncher.org/update/lch/additional_hot_servers-1.0.json
[REPO][HOT_SERVERS_REPO] Attempt #1; timeout: 20000 ms; url: https://repo.tlauncher.org/update/lch/servers/hot_servers-1.0.json
[REPO][ADD_HOT_SERVERS_REPO] Success: Reached the repo in 85 ms.
[REPO][HOT_SERVERS_REPO] Success: Reached the repo in 161 ms.
[Double running] clear time label
AccountComboBox.validte pre game launch username Account{displayName=WeirdCat, userid=WeirdCat, uuid=759619128d6b4389a6e90446af5afc1f, username=WeirdCat} FREE
onAuthPassed
saved account Account{displayName=WeirdCat, userid=WeirdCat, uuid=759619128d6b4389a6e90446af5afc1f, username=WeirdCat}
save profiles
[LoginForm] Login was OK. Trying to launch now.
[Launcher] Running under TLauncher 2.839
[Launcher] Collecting info...
[TLauncherManager] before clearLibrary 
[TLauncherManager] written:  []
[TLauncherManager] after clearLibrary 
[Launcher] Force update: false
[Launcher] Selected version: OptiFine 1.16.5
[Launcher] Selected account: Account{displayName=WeirdCat, userid=WeirdCat, uuid=759619128d6b4389a6e90446af5afc1f, username=WeirdCat}
[Launcher] Version sync info: VersionSyncInfo{id='OptiFine 1.16.5',
local=null,
remote=PartialVersion{id='OptiFine 1.16.5', time=Mon Dec 13 06:15:30 BRT 2021, release=Wed Jan 13 13:05:36 BRT 2021, type=modified, source=EXTRA_VERSION_REPO, list=net.minecraft.launcher.updater.ExtraVersionList@53954b3a}, isInstalled=false, hasRemote=true, isUpToDate=false}
[REPO][EMPTY] Attempt #1; timeout: 20000 ms; url: 
[REPO][EMPTY] Success: Reached the repo in 233 ms.
[Version:OptiFine 1.16.5] Resolving...
[Version:OptiFine 1.16.5] Inherits from 1.16.5
[GsonUtil]  request to https://res.tlauncher.org/b/jvm/java_configuration.json
[Launcher] Checking conditions...
[Launcher] Comparing assets...
[AssetsManager] Checking resources...
[AssetsManager] Reading indexes from file C:\Users\Suturn\AppData\Roaming\.minecraft\assets\indexes\1.16.json
[AssetsManager] Fast comparing: true
[Launcher] finished comparing assets: 9174 ms.
[TLauncherManager] add required libraries: OptiFine 1.16.5
getting downloadable org.tlauncher:tl_skin_cape_opti_1.16.5:1.19_opti EXTRA_VERSION_REPO C:\Users\Suturn\AppData\Roaming\.minecraft\libraries\org\tlauncher\tl_skin_cape_opti_1.16.5\1.19_opti\tl_skin_cape_opti_1.16.5-1.19_opti.jar WINDOWS
getting downloadable org.tlauncher:tl_skin_cape_opti_1.16.5:1.19_opti_d EXTRA_VERSION_REPO C:\Users\Suturn\AppData\Roaming\.minecraft\libraries\org\tlauncher\tl_skin_cape_opti_1.16.5\1.19_opti_d\tl_skin_cape_opti_1.16.5-1.19_opti_d.jar WINDOWS
[VersionManager] Required for version OptiFine 1.16.5: [Downloadable{path='optifine/OptiFine/OptiFine-1.16.5_HD_U_G8/OptiFine-1.16.5_HD_U_G8.jar'; repo=MODPACK_REPO; destinations=C:\Users\Suturn\AppData\Roaming\.minecraft\libraries\optifine\OptiFine\1.16.5_HD_U_G8\OptiFine-1.16.5_HD_U_G8.jar,[]; force=false; fast=false; locked=false; container=org.tlauncher.tlauncher.managers.VersionSyncInfoContainer@4c9d248a; handlers=[]; error=null;}, Downloadable{path='org/tlauncher/tl_skin_cape_1.16.5/1.19_opti/tl_skin_cape_1.16.5-1.19_opti.jar'; repo=MODPACK_REPO; destinations=C:\Users\Suturn\AppData\Roaming\.minecraft\libraries\org\tlauncher\tl_skin_cape_opti_1.16.5\1.19_opti\tl_skin_cape_opti_1.16.5-1.19_opti.jar,[]; force=false; fast=false; locked=false; container=org.tlauncher.tlauncher.managers.VersionSyncInfoContainer@4c9d248a; handlers=[]; error=null;}, Downloadable{path='optifine/launchwrapper-of/2.2/launchwrapper-of-2.2.jar'; repo=MODPACK_REPO; destinations=C:\Users\Suturn\AppData\Roaming\.minecraft\libraries\optifine\launchwrapper-of\2.2\launchwrapper-of-2.2.jar,[]; force=false; fast=false; locked=false; container=org.tlauncher.tlauncher.managers.VersionSyncInfoContainer@4c9d248a; handlers=[]; error=null;}, Downloadable{path='org/tlauncher/tl_skin_cape_1.16.5/1.19_opti/tl_skin_cape_1.16.5-1.19_opti.jar'; repo=MODPACK_REPO; destinations=C:\Users\Suturn\AppData\Roaming\.minecraft\libraries\org\tlauncher\tl_skin_cape_opti_1.16.5\1.19_opti_d\tl_skin_cape_opti_1.16.5-1.19_opti_d.jar,[]; force=false; fast=false; locked=false; container=org.tlauncher.tlauncher.managers.VersionSyncInfoContainer@4c9d248a; handlers=[]; error=null;}]
[TLauncherManager] add required libraries: OptiFine 1.16.5
[REPO][EMPTY] Attempt #1; timeout: 20000 ms; url: 
[REPO][EMPTY] Success: Reached the repo in 920 ms.
Minecraft requires java version: 8, java path: C:\Users\Suturn\AppData\Roaming\.minecraft\runtime\jre-legacy\windows\jre-legacy\bin\javaw.exe
[Downloader2] Files in queue 5
[Downloader2] Starting download 5 files...
[D#3] >  https://res.tlauncher.org/b/libraries/org/tlauncher/tl_skin_cape_1.16.5/1.19_opti/tl_skin_cape_1.16.5-1.19_opti.jar 
[D#1] >  https://launcher.mojang.com/v1/objects/bd65e7d2e3c237be76cfbef4c2405033d7f91521/client-1.12.xml 
[D#2] >  https://res.tlauncher.org/b/libraries/optifine/OptiFine/1.16.5_HD_U_G8/OptiFine-1.16.5_HD_U_G8.jar 
[D#1] >  https://res.tlauncher.org/b/libraries/optifine/launchwrapper-of/2.2/launchwrapper-of-2.2.jar 
[D#2] >  https://res.tlauncher.org/b/libraries/org/tlauncher/tl_skin_cape_1.16.5/1.19_opti/tl_skin_cape_1.16.5-1.19_opti.jar 
[VersionManager] Refreshing versions locally...
[VersionManager] Versions has been refreshed (71 ms)
[Launcher] Error occurred:
org.tlauncher.tlauncher.minecraft.launcher.MinecraftLauncher$MinecraftLauncherAborted: shown skin message
at org.tlauncher.tlauncher.minecraft.launcher.MinecraftLauncher.checkExtraConditions(MinecraftLauncher.java:719)
at org.tlauncher.tlauncher.minecraft.launcher.MinecraftLauncher.start(MinecraftLauncher.java:275)
at org.tlauncher.tlauncher.rmo.TLauncher.launch(TLauncher.java:511)
at org.tlauncher.tlauncher.ui.login.LoginForm.runProcess(LoginForm.java:166)
at org.tlauncher.tlauncher.ui.login.LoginForm.access$000(LoginForm.java:44)
at org.tlauncher.tlauncher.ui.login.LoginForm$StartThread.iterateOnce(LoginForm.java:384)
at org.tlauncher.util.async.LoopedThread.run(LoopedThread.java:38)
Thread called by: org.tlauncher.util.async.ExtendedThread$ExtendedThreadCaller
at org.tlauncher.util.async.ExtendedThread.<init>(ExtendedThread.java:17)
at org.tlauncher.util.async.LoopedThread.<init>(LoopedThread.java:7)
at org.tlauncher.util.async.LoopedThread.<init>(LoopedThread.java:11)
at org.tlauncher.tlauncher.ui.login.LoginForm$StartThread.<init>(LoginForm.java:377)
at org.tlauncher.tlauncher.ui.login.LoginForm.<init>(LoginForm.java:82)
at org.tlauncher.tlauncher.ui.scenes.DefaultScene.<init>(DefaultScene.java:47)
at org.tlauncher.tlauncher.ui.MainPane.<init>(MainPane.java:53)
at org.tlauncher.tlauncher.ui.TLauncherFrame.<init>(TLauncherFrame.java:95)
at org.tlauncher.tlauncher.rmo.TLauncher.launch(TLauncher.java:338)
at org.tlauncher.tlauncher.rmo.TLauncher.main(TLauncher.java:211)

[Launcher] Launcher exited.
AccountComboBox.validte pre game launch username Account{displayName=WeirdCat, userid=WeirdCat, uuid=759619128d6b4389a6e90446af5afc1f, username=WeirdCat} FREE
onAuthPassed
saved account Account{displayName=WeirdCat, userid=WeirdCat, uuid=759619128d6b4389a6e90446af5afc1f, username=WeirdCat}
save profiles
[LoginForm] Login was OK. Trying to launch now.
[Launcher] Running under TLauncher 2.839
[Launcher] Collecting info...
[TLauncherManager] before clearLibrary 
[TLauncherManager] written:  []
[TLauncherManager] after clearLibrary 
[Launcher] Force update: false
[Launcher] Selected version: OptiFine 1.16.5
[Launcher] Selected account: Account{displayName=WeirdCat, userid=WeirdCat, uuid=759619128d6b4389a6e90446af5afc1f, username=WeirdCat}
[Launcher] Version sync info: VersionSyncInfo{id='OptiFine 1.16.5',
local=CompleteVersion{id='OptiFine 1.16.5', time=Wed Jan 13 13:09:18 BRT 2021, release=Thu Jan 14 13:05:32 BRT 2021, type=modified, class=net.minecraft.launchwrapper.Launch, minimumVersion=21, assets='1.16', source=LOCAL_VERSION_REPO, list=net.minecraft.launcher.updater.ExtraVersionList@53954b3a, libraries=[Library{name='optifine:OptiFine:1.16.5_HD_U_G8', rules=null, natives=null, extract=null, packed='null'}, Library{name='optifine:launchwrapper-of:2.2', rules=null, natives=null, extract=null, packed='null'}, Library{name='com.mojang:patchy:1.2.3', rules=null, natives=null, extract=null, packed='null'}, Library{name='oshi-project:oshi-core:1.1', rules=null, natives=null, extract=null, packed='null'}, Library{name='net.java.dev.jna:jna:4.4.0', rules=null, natives=null, extract=null, packed='null'}, Library{name='net.java.dev.jna:platform:3.4.0', rules=null, natives=null, extract=null, packed='null'}, Library{name='com.ibm.icu:icu4j:66.1', rules=null, natives=null, extract=null, packed='null'}, Library{name='com.mojang:javabridge:1.0.22', rules=null, natives=null, extract=null, packed='null'}, Library{name='net.sf.jopt-simple:jopt-simple:5.0.3', rules=null, natives=null, extract=null, packed='null'}, Library{name='io.netty:netty-all:4.1.25.Final', rules=null, natives=null, extract=null, packed='null'}, Library{name='com.google.guava:guava:21.0', rules=null, natives=null, extract=null, packed='null'}, Library{name='org.apache.commons:commons-lang3:3.5', rules=null, natives=null, extract=null, packed='null'}, Library{name='commons-io:commons-io:2.5', rules=null, natives=null, extract=null, packed='null'}, Library{name='commons-codec:commons-codec:1.10', rules=null, natives=null, extract=null, packed='null'}, Library{name='net.java.jinput:jinput:2.0.5', rules=null, natives=null, extract=null, packed='null'}, Library{name='net.java.jutils:jutils:1.0.0', rules=null, natives=null, extract=null, packed='null'}, Library{name='com.mojang:brigadier:1.0.17', rules=null, natives=null, extract=null, packed='null'}, Library{name='com.mojang:datafixerupper:4.0.26', rules=null, natives=null, extract=null, packed='null'}, Library{name='com.google.code.gson:gson:2.8.0', rules=null, natives=null, extract=null, packed='null'}, Library{name='com.mojang:authlib:2.1.28', rules=null, natives=null, extract=null, packed='null'}, Library{name='org.apache.commons:commons-compress:1.8.1', rules=null, natives=null, extract=null, packed='null'}, Library{name='org.apache.httpcomponents:httpclient:4.3.3', rules=null, natives=null, extract=null, packed='null'}, Library{name='commons-logging:commons-logging:1.1.3', rules=null, natives=null, extract=null, packed='null'}, Library{name='org.apache.httpcomponents:httpcore:4.3.2', rules=null, natives=null, extract=null, packed='null'}, Library{name='it.unimi.dsi:fastutil:8.2.1', rules=null, natives=null, extract=null, packed='null'}, Library{name='org.apache.logging.log4j:log4j-api:2.8.1', rules=null, natives=null, extract=null, packed='null'}, Library{name='org.apache.logging.log4j:log4j-core:2.8.1', rules=null, natives=null, extract=null, packed='null'}, Library{name='org.lwjgl:lwjgl:3.2.1', rules=[Rule{action=ALLOW, os=OSRestriction{name=OSX, version='null'}, features=null}], natives=null, extract=null, packed='null'}, Library{name='org.lwjgl:lwjgl:3.2.2', rules=[Rule{action=ALLOW, os=null, features=null}, Rule{action=DISALLOW, os=OSRestriction{name=OSX, version='null'}, features=null}], natives=null, extract=null, packed='null'}, Library{name='org.lwjgl:lwjgl-jemalloc:3.2.1', rules=[Rule{action=ALLOW, os=OSRestriction{name=OSX, version='null'}, features=null}], natives=null, extract=null, packed='null'}, Library{name='org.lwjgl:lwjgl-jemalloc:3.2.2', rules=[Rule{action=ALLOW, os=null, features=null}, Rule{action=DISALLOW, os=OSRestriction{name=OSX, version='null'}, features=null}], natives=null, extract=null, packed='null'}, Library{name='org.lwjgl:lwjgl-openal:3.2.1', rules=[Rule{action=ALLOW, os=OSRestriction{name=OSX, version='null'}, features=null}], natives=null, extract=null, packed='null'}, Library{name='org.lwjgl:lwjgl-openal:3.2.2', rules=[Rule{action=ALLOW, os=null, features=null}, Rule{action=DISALLOW, os=OSRestriction{name=OSX, version='null'}, features=null}], natives=null, extract=null, packed='null'}, Library{name='org.lwjgl:lwjgl-opengl:3.2.1', rules=[Rule{action=ALLOW, os=OSRestriction{name=OSX, version='null'}, features=null}], natives=null, extract=null, packed='null'}, Library{name='org.lwjgl:lwjgl-opengl:3.2.2', rules=[Rule{action=ALLOW, os=null, features=null}, Rule{action=DISALLOW, os=OSRestriction{name=OSX, version='null'}, features=null}], natives=null, extract=null, packed='null'}, Library{name='org.lwjgl:lwjgl-glfw:3.2.1', rules=[Rule{action=ALLOW, os=OSRestriction{name=OSX, version='null'}, features=null}], natives=null, extract=null, packed='null'}, Library{name='org.lwjgl:lwjgl-glfw:3.2.2', rules=[Rule{action=ALLOW, os=null, features=null}, Rule{action=DISALLOW, os=OSRestriction{name=OSX, version='null'}, features=null}], natives=null, extract=null, packed='null'}, Library{name='org.lwjgl:lwjgl-stb:3.2.1', rules=[Rule{action=ALLOW, os=OSRestriction{name=OSX, version='null'}, features=null}], natives=null, extract=null, packed='null'}, Library{name='org.lwjgl:lwjgl-stb:3.2.2', rules=[Rule{action=ALLOW, os=null, features=null}, Rule{action=DISALLOW, os=OSRestriction{name=OSX, version='null'}, features=null}], natives=null, extract=null, packed='null'}, Library{name='org.lwjgl:lwjgl-tinyfd:3.2.1', rules=[Rule{action=ALLOW, os=OSRestriction{name=OSX, version='null'}, features=null}], natives=null, extract=null, packed='null'}, Library{name='org.lwjgl:lwjgl-tinyfd:3.2.2', rules=[Rule{action=ALLOW, os=null, features=null}, Rule{action=DISALLOW, os=OSRestriction{name=OSX, version='null'}, features=null}], natives=null, extract=null, packed='null'}, Library{name='org.lwjgl:lwjgl:3.2.1', rules=[Rule{action=ALLOW, os=OSRestriction{name=OSX, version='null'}, features=null}], natives={OSX=natives-macos}, extract=null, packed='null'}, Library{name='org.lwjgl:lwjgl:3.2.2', rules=[Rule{action=ALLOW, os=null, features=null}, Rule{action=DISALLOW, os=OSRestriction{name=OSX, version='null'}, features=null}], natives={LINUX=natives-linux, WINDOWS=natives-windows}, extract=null, packed='null'}, Library{name='org.lwjgl:lwjgl-jemalloc:3.2.1', rules=[Rule{action=ALLOW, os=OSRestriction{name=OSX, version='null'}, features=null}], natives={OSX=natives-macos}, extract=null, packed='null'}, Library{name='org.lwjgl:lwjgl-jemalloc:3.2.2', rules=[Rule{action=ALLOW, os=null, features=null}, Rule{action=DISALLOW, os=OSRestriction{name=OSX, version='null'}, features=null}], natives={LINUX=natives-linux, WINDOWS=natives-windows}, extract=null, packed='null'}, Library{name='org.lwjgl:lwjgl-openal:3.2.1', rules=[Rule{action=ALLOW, os=OSRestriction{name=OSX, version='null'}, features=null}], natives={OSX=natives-macos}, extract=null, packed='null'}, Library{name='org.lwjgl:lwjgl-openal:3.2.2', rules=[Rule{action=ALLOW, os=null, features=null}, Rule{action=DISALLOW, os=OSRestriction{name=OSX, version='null'}, features=null}], natives={LINUX=natives-linux, WINDOWS=natives-windows}, extract=null, packed='null'}, Library{name='org.lwjgl:lwjgl-opengl:3.2.1', rules=[Rule{action=ALLOW, os=OSRestriction{name=OSX, version='null'}, features=null}], natives={OSX=natives-macos}, extract=null, packed='null'}, Library{name='org.lwjgl:lwjgl-opengl:3.2.2', rules=[Rule{action=ALLOW, os=null, features=null}, Rule{action=DISALLOW, os=OSRestriction{name=OSX, version='null'}, features=null}], natives={LINUX=natives-linux, WINDOWS=natives-windows}, extract=null, packed='null'}, Library{name='org.lwjgl:lwjgl-glfw:3.2.1', rules=[Rule{action=ALLOW, os=OSRestriction{name=OSX, version='null'}, features=null}], natives={OSX=natives-macos}, extract=null, packed='null'}, Library{name='org.lwjgl:lwjgl-glfw:3.2.2', rules=[Rule{action=ALLOW, os=null, features=null}, Rule{action=DISALLOW, os=OSRestriction{name=OSX, version='null'}, features=null}], natives={LINUX=natives-linux, WINDOWS=natives-windows}, extract=null, packed='null'}, Library{name='org.lwjgl:lwjgl-stb:3.2.1', rules=[Rule{action=ALLOW, os=OSRestriction{name=OSX, version='null'}, features=null}], natives={OSX=natives-macos}, extract=null, packed='null'}, Library{name='org.lwjgl:lwjgl-tinyfd:3.2.2', rules=[Rule{action=ALLOW, os=null, features=null}, Rule{action=DISALLOW, os=OSRestriction{name=OSX, version='null'}, features=null}], natives={LINUX=natives-linux, WINDOWS=natives-windows}, extract=null, packed='null'}, Library{name='org.lwjgl:lwjgl-tinyfd:3.2.1', rules=[Rule{action=ALLOW, os=OSRestriction{name=OSX, version='null'}, features=null}], natives={OSX=natives-macos}, extract=null, packed='null'}, Library{name='org.lwjgl:lwjgl-stb:3.2.2', rules=[Rule{action=ALLOW, os=null, features=null}, Rule{action=DISALLOW, os=OSRestriction{name=OSX, version='null'}, features=null}], natives={LINUX=natives-linux, WINDOWS=natives-windows}, extract=null, packed='null'}, Library{name='com.mojang:text2speech:1.11.3', rules=null, natives=null, extract=null, packed='null'}, Library{name='com.mojang:text2speech:1.11.3', rules=null, natives={LINUX=natives-linux, WINDOWS=natives-windows}, extract=net.minecraft.launcher.versions.ExtractRules@62798a9b, packed='null'}, Library{name='ca.weblite:java-objc-bridge:1.0.0', rules=[Rule{action=ALLOW, os=OSRestriction{name=OSX, version='null'}, features=null}], natives={OSX=natives-osx}, extract=net.minecraft.launcher.versions.ExtractRules@274f50fb, packed='null'}, Library{name='ca.weblite:java-objc-bridge:1.0.0', rules=[Rule{action=ALLOW, os=OSRestriction{name=OSX, version='null'}, features=null}], natives=null, extract=null, packed='null'}]},
remote=PartialVersion{id='OptiFine 1.16.5', time=Mon Dec 13 06:15:30 BRT 2021, release=Wed Jan 13 13:05:36 BRT 2021, type=modified, source=EXTRA_VERSION_REPO, list=net.minecraft.launcher.updater.ExtraVersionList@53954b3a}, isInstalled=true, hasRemote=true, isUpToDate=true}
[Launcher] Checking conditions...
[Launcher] Comparing assets...
[AssetsManager] Checking resources...
[AssetsManager] Reading indexes from file C:\Users\Suturn\AppData\Roaming\.minecraft\assets\indexes\1.16.json
[AssetsManager] Fast comparing: true
[Launcher] finished comparing assets: 353 ms.
[TLauncherManager] add required libraries: OptiFine 1.16.5
[VersionManager] Required for version OptiFine 1.16.5: []
[TLauncherManager] add required libraries: OptiFine 1.16.5
[REPO][EMPTY] Attempt #1; timeout: 20000 ms; url: 
[REPO][EMPTY] Success: Reached the repo in 838 ms.
Minecraft requires java version: 8, java path: C:\Users\Suturn\AppData\Roaming\.minecraft\runtime\jre-legacy\windows\jre-legacy\bin\javaw.exe
[TLauncherManager] library will be replaced: com.mojang:authlib:2.1.28
[TLauncherManager] library will be replaced: com.mojang:patchy:1.2.3
[TLauncherManager] library will be added as required: net.minecraft:launchwrapper:1.12
[TLauncherManager] library will be added as required: org.ow2.asm:asm-commons:6.2
[TLauncherManager] library will be added as required: org.ow2.asm:asm:6.2
[TLauncherManager] library will be added as required: org.ow2.asm:asm-tree:6.2
[TLauncherManager] library will be added: org.tlauncher:tl_skin_cape_opti_1.16.5:1.19_opti
[Launcher] Unpacking natives...
[Launcher] Constructing process...
[Launcher] Constructing classpath...
backup world is active: true
Add new world to backup list: blablablabal
Add new world to backup list: Mundo da Heloise
Add new world to backup list: Novo mundo
Add new world to backup list: Novo mundo (1)
[Launcher] Getting Minecraft arguments...
[Launcher] Full command: C:\Users\Suturn\AppData\Roaming\.minecraft\runtime\jre-legacy\windows\jre-legacy\bin\javaw.exe -Dos.name=Windows 10 -Dos.version=10.0 -XX:HeapDumpPath=MojangTricksIntelDriversForPerformance_javaw.exe_minecraft.exe.heapdump -Xss1M -Djava.library.path=C:\Users\Suturn\AppData\Roaming\.minecraft\versions\OptiFine 1.16.5\natives -Dminecraft.launcher.brand=minecraft-launcher -Dminecraft.launcher.version=2.0.1003 -cp C:\Users\Suturn\AppData\Roaming\.minecraft\libraries\org\tlauncher\tl_skin_cape_opti_1.16.5\1.19_opti\tl_skin_cape_opti_1.16.5-1.19_opti.jar;C:\Users\Suturn\AppData\Roaming\.minecraft\libraries\org\ow2\asm\asm-tree\6.2\asm-tree-6.2.jar;C:\Users\Suturn\AppData\Roaming\.minecraft\libraries\org\ow2\asm\asm\6.2\asm-6.2.jar;C:\Users\Suturn\AppData\Roaming\.minecraft\libraries\org\ow2\asm\asm-commons\6.2\asm-commons-6.2.jar;C:\Users\Suturn\AppData\Roaming\.minecraft\libraries\net\minecraft\launchwrapper\1.12\launchwrapper-1.12.jar;C:\Users\Suturn\AppData\Roaming\.minecraft\libraries\optifine\OptiFine\1.16.5_HD_U_G8\OptiFine-1.16.5_HD_U_G8.jar;C:\Users\Suturn\AppData\Roaming\.minecraft\libraries\optifine\launchwrapper-of\2.2\launchwrapper-of-2.2.jar;C:\Users\Suturn\AppData\Roaming\.minecraft\libraries\org\tlauncher\patchy\1.2.3\patchy-1.2.3.jar;C:\Users\Suturn\AppData\Roaming\.minecraft\libraries\oshi-project\oshi-core\1.1\oshi-core-1.1.jar;C:\Users\Suturn\AppData\Roaming\.minecraft\libraries\net\java\dev\jna\jna\4.4.0\jna-4.4.0.jar;C:\Users\Suturn\AppData\Roaming\.minecraft\libraries\net\java\dev\jna\platform\3.4.0\platform-3.4.0.jar;C:\Users\Suturn\AppData\Roaming\.minecraft\libraries\com\ibm\icu\icu4j\66.1\icu4j-66.1.jar;C:\Users\Suturn\AppData\Roaming\.minecraft\libraries\com\mojang\javabridge\1.0.22\javabridge-1.0.22.jar;C:\Users\Suturn\AppData\Roaming\.minecraft\libraries\net\sf\jopt-simple\jopt-simple\5.0.3\jopt-simple-5.0.3.jar;C:\Users\Suturn\AppData\Roaming\.minecraft\libraries\io\netty\netty-all\4.1.25.Final\netty-all-4.1.25.Final.jar;C:\Users\Suturn\AppData\Roaming\.minecraft\libraries\com\google\guava\guava\21.0\guava-21.0.jar;C:\Users\Suturn\AppData\Roaming\.minecraft\libraries\org\apache\commons\commons-lang3\3.5\commons-lang3-3.5.jar;C:\Users\Suturn\AppData\Roaming\.minecraft\libraries\commons-io\commons-io\2.5\commons-io-2.5.jar;C:\Users\Suturn\AppData\Roaming\.minecraft\libraries\commons-codec\commons-codec\1.10\commons-codec-1.10.jar;C:\Users\Suturn\AppData\Roaming\.minecraft\libraries\net\java\jinput\jinput\2.0.5\jinput-2.0.5.jar;C:\Users\Suturn\AppData\Roaming\.minecraft\libraries\net\java\jutils\jutils\1.0.0\jutils-1.0.0.jar;C:\Users\Suturn\AppData\Roaming\.minecraft\libraries\com\mojang\brigadier\1.0.17\brigadier-1.0.17.jar;C:\Users\Suturn\AppData\Roaming\.minecraft\libraries\com\mojang\datafixerupper\4.0.26\datafixerupper-4.0.26.jar;C:\Users\Suturn\AppData\Roaming\.minecraft\libraries\com\google\code\gson\gson\2.8.0\gson-2.8.0.jar;C:\Users\Suturn\AppData\Roaming\.minecraft\libraries\org\tlauncher\authlib\2.0.28.1\authlib-2.0.28.1.jar;C:\Users\Suturn\AppData\Roaming\.minecraft\libraries\org\apache\commons\commons-compress\1.8.1\commons-compress-1.8.1.jar;C:\Users\Suturn\AppData\Roaming\.minecraft\libraries\org\apache\httpcomponents\httpclient\4.3.3\httpclient-4.3.3.jar;C:\Users\Suturn\AppData\Roaming\.minecraft\libraries\commons-logging\commons-logging\1.1.3\commons-logging-1.1.3.jar;C:\Users\Suturn\AppData\Roaming\.minecraft\libraries\org\apache\httpcomponents\httpcore\4.3.2\httpcore-4.3.2.jar;C:\Users\Suturn\AppData\Roaming\.minecraft\libraries\it\unimi\dsi\fastutil\8.2.1\fastutil-8.2.1.jar;C:\Users\Suturn\AppData\Roaming\.minecraft\libraries\org\apache\logging\log4j\log4j-api\2.8.1\log4j-api-2.8.1.jar;C:\Users\Suturn\AppData\Roaming\.minecraft\libraries\org\apache\logging\log4j\log4j-core\2.8.1\log4j-core-2.8.1.jar;C:\Users\Suturn\AppData\Roaming\.minecraft\libraries\org\lwjgl\lwjgl\3.2.2\lwjgl-3.2.2.jar;C:\Users\Suturn\AppData\Roaming\.minecraft\libraries\org\lwjgl\lwjgl-jemalloc\3.2.2\lwjgl-jemalloc-3.2.2.jar;C:\Users\Suturn\AppData\Roaming\.minecraft\libraries\org\lwjgl\lwjgl-openal\3.2.2\lwjgl-openal-3.2.2.jar;C:\Users\Suturn\AppData\Roaming\.minecraft\libraries\org\lwjgl\lwjgl-opengl\3.2.2\lwjgl-opengl-3.2.2.jar;C:\Users\Suturn\AppData\Roaming\.minecraft\libraries\org\lwjgl\lwjgl-glfw\3.2.2\lwjgl-glfw-3.2.2.jar;C:\Users\Suturn\AppData\Roaming\.minecraft\libraries\org\lwjgl\lwjgl-stb\3.2.2\lwjgl-stb-3.2.2.jar;C:\Users\Suturn\AppData\Roaming\.minecraft\libraries\org\lwjgl\lwjgl-tinyfd\3.2.2\lwjgl-tinyfd-3.2.2.jar;C:\Users\Suturn\AppData\Roaming\.minecraft\libraries\com\mojang\text2speech\1.11.3\text2speech-1.11.3.jar;C:\Users\Suturn\AppData\Roaming\.minecraft\versions\OptiFine 1.16.5\OptiFine 1.16.5.jar -Xmn128M -Xmx3000M -XX:+UnlockExperimentalVMOptions -XX:+UseG1GC -XX:G1NewSizePercent=20 -XX:G1ReservePercent=20 -XX:MaxGCPauseMillis=50 -XX:G1HeapRegionSize=32M -Dfml.ignoreInvalidMinecraftCertificates=true -Dfml.ignorePatchDiscrepancies=true -Djava.net.preferIPv4Stack=true -Dminecraft.applet.TargetDirectory=C:\Users\Suturn\AppData\Roaming\.minecraft -Dlog4j.configurationFile=C:\Users\Suturn\AppData\Roaming\.minecraft\assets\log_configs\client-1.12.xml net.minecraft.launchwrapper.Launch --username WeirdCat --version OptiFine 1.16.5 --gameDir C:\Users\Suturn\AppData\Roaming\.minecraft --assetsDir C:\Users\Suturn\AppData\Roaming\.minecraft\assets --assetIndex 1.16 --uuid 759619128d6b4389a6e90446af5afc1f --accessToken null --userType mojang --versionType modified --width 925 --height 530 --tweakClass optifine.OptiFineTweaker --tweakClass org.tlauncher.tweaker.Tweaker
[Launcher] Launching Minecraft...
I'm hiding!
[TLauncherManager] mods after 
[InnerMinecraftServersImpl]  search changers of the servers
read servers from servers.dat [Server(name=Servidor de Minecraft, address=mc.argarian.net, ip=mc.argarian.net, port=null, hideAddress=false, acceptTextures=0), Server(name=Servidor de Minecraft, address=mc.universocraft.com, ip=mc.universocraft.com, port=null, hideAddress=false, acceptTextures=0), Server(name=Servidor de Minecraft, address=blocksmc.com, ip=blocksmc.com, port=null, hideAddress=false, acceptTextures=0), Server(name=Servidor de Minecraft, address=Jartexnetwork.com, ip=Jartexnetwork.com, port=null, hideAddress=false, acceptTextures=1), Server(name=Servidor de Minecraft, address=replay.craftlandia.com.br, ip=replay.craftlandia.com.br, port=null, hideAddress=false, acceptTextures=0), Server(name=Servidor de Minecraft, address=jogar.absolutgg.com.br, ip=jogar.absolutgg.com.br, port=null, hideAddress=false, acceptTextures=0), Server(name=Servidor de Minecraft, address=playnetwork.com.br, ip=playnetwork.com.br, port=null, hideAddress=false, acceptTextures=0)]
[InnerMinecraftServersImpl]  prepare inner servers
save servers to servers.dat
[Launcher] Starting Minecraft OptiFine 1.16.5...
[Launcher] Launching in: C:\Users\Suturn\AppData\Roaming\.minecraft
Starting garbage collector: 138 / 284 MB
Garbage collector completed: 39 / 284 MB
[Launcher] Processing post-launch actions. Assist launch: true
===============================================================================================
[17:46:91] [main/INFO]: Loading tweak class name optifine.OptiFineTweaker
[17:46:94] [main/INFO]: Using primary tweak class name optifine.OptiFineTweaker
[17:46:94] [main/INFO]: Loading tweak class name org.tlauncher.tweaker.Tweaker
[main INFO] Tweaker: OptiFine detected.
[17:46:24] [main/INFO]: Calling tweak class optifine.OptiFineTweaker
OptiFineTweaker: acceptOptions
OptiFineTweaker: injectIntoClassLoader
OptiFine ClassTransformer
OptiFine ZIP file: C:\Users\Suturn\AppData\Roaming\.minecraft\libraries\optifine\OptiFine\1.16.5_HD_U_G8\OptiFine-1.16.5_HD_U_G8.jar
[17:46:32] [main/INFO]: Calling tweak class org.tlauncher.tweaker.Tweaker
Log Path: C:\Users\Suturn\AppData\Roaming\.minecraft\.\tlLoader\Tweaker.log
[main INFO] Using Tweaker
[main INFO] Tweaker: acceptOptions
[main INFO] Tweaker: injectIntoClassLoader
[TLSkinCape] Current TLSkinCape version is 1.19
[TLSkinCape] Current Minecraft version is 1.16.5.
[TLSkinCape] OptiFine detected.
[main INFO] Loaded as a library.
OptiFineTweaker: getLaunchArguments
[main INFO] Tweaker: getLaunchArguments
OptiFineTweaker: getLaunchTarget
[Injection] Injection into net.minecraft.client.main.Main ended successfully with 1 injections.
[17:46:34] [main/INFO]: Launching wrapped minecraft {net.minecraft.client.main.Main}
[Injection] Injection into doy ended successfully with 1 injections.
[Injection] Injection into djz ended successfully with 1 injections.
[17:46:31] [main/INFO]: [OptiFine] (Reflector) Field not found: World.tileEntitiesToBeRemoved
[Injection] Injection into dzj ended successfully with 1 injections.
[17:46:07] [main/INFO]: [OptiFine] (Reflector) Class not present: net.minecraftforge.eventbus.api.Event$Result
[17:46:08] [main/INFO]: [OptiFine] (Reflector) Method not present: net.minecraftforge.common.extensions.IForgeBlockState.hasTileEntity
[17:46:09] [main/INFO]: [OptiFine] (Reflector) Class not present: net.minecraftforge.common.extensions.IForgeEntity
[17:46:17] [main/INFO]: [OptiFine] (Reflector) Class not present: net.minecraftforge.fml.CrashReportExtender
[17:46:94] [main/INFO]: [OptiFine] (Reflector) Method not present: aeg.createOptional
[17:47:35] [main/INFO]: [OptiFine] (Reflector) Class not present: net.minecraftforge.client.ForgeHooksClient
[17:47:75] [main/INFO]: Environment: authHost='https://authserver.mojang.com', accountsHost='https://api.mojang.com', sessionHost='https://sessionserver.mojang.com', servicesHost='https://api.minecraftservices.com', name='PROD'
[17:47:03] [main/INFO]: Setting user: WeirdCat
[17:47:57] [main/INFO]: [OptiFine] (Reflector) Class not present: net.minecraftforge.client.settings.KeyConflictContext
[17:47:85] [main/INFO]: [OptiFine] (Reflector) Class not present: net.minecraftforge.client.settings.KeyModifier
[17:47:99] [main/INFO]: Backend library: LWJGL version 3.2.2 build 10
[17:47:03] [main/INFO]: [OptiFine] (Reflector) Method not present: net.minecraftforge.fml.loading.progress.EarlyProgressVisualization.handOffWindow
[17:47:30] [main/INFO]: [OptiFine] 
[17:47:30] [main/INFO]: [OptiFine] OptiFine_1.16.5_HD_U_G8
[17:47:31] [main/INFO]: [OptiFine] Build: 20210515-161946
[17:47:31] [main/INFO]: [OptiFine] OS: Windows 10 (amd64) version 10.0
[17:47:31] [main/INFO]: [OptiFine] Java: 1.8.0_51, Oracle Corporation
[17:47:31] [main/INFO]: [OptiFine] VM: Java HotSpot(TM) 64-Bit Server VM (mixed mode), Oracle Corporation
[17:47:31] [main/INFO]: [OptiFine] LWJGL: 3.3.0 Win32 WGL EGL OSMesa VisualC DLL
[17:47:31] [main/INFO]: [OptiFine] OpenGL: AMD 15D8:C8, version 4.6.13596 Compatibility Profile Context 20.10.20 27.20.1020.1, ATI Technologies Inc.
[17:47:31] [main/INFO]: [OptiFine] OpenGL Version: 4.6.13596
[17:47:32] [main/INFO]: [OptiFine] OpenGL Fancy fog: Not available (GL_NV_fog_distance)
[17:47:44] [main/INFO]: [OptiFine] Maximum texture size: 16384x16384
[17:47:45] [VersionCheck/INFO]: [OptiFine] Checking for new version
[17:47:52] [main/INFO]: [Shaders] OpenGL Version: 4.6.13596 Compatibility Profile Context 20.10.20 27.20.1020.1
[17:47:52] [main/INFO]: [Shaders] Vendor:  ATI Technologies Inc.
[17:47:52] [main/INFO]: [Shaders] Renderer: AMD 15D8:C8
[17:47:52] [main/INFO]: [Shaders] Capabilities:  2.0  2.1  3.0  3.2  4.0 
[17:47:52] [main/INFO]: [Shaders] GL_MAX_DRAW_BUFFERS: 8
[17:47:52] [main/INFO]: [Shaders] GL_MAX_COLOR_ATTACHMENTS_EXT: 8
[17:47:52] [main/INFO]: [Shaders] GL_MAX_TEXTURE_IMAGE_UNITS: 32
[17:47:52] [main/INFO]: [Shaders] Load shaders configuration.
[17:47:52] [main/INFO]: [Shaders] Save shaders configuration.
[17:47:52] [main/INFO]: [Shaders] No shaderpack loaded.
[17:47:56] [main/INFO]: [OptiFine] (Reflector) Class not present: net.minecraftforge.fml.common.Loader
[17:47:78] [VersionCheck/INFO]: [OptiFine] Version found: G7
[17:47:63] [main/INFO]: [OptiFine] (Reflector) Class not present: net.minecraftforge.client.ItemModelMesherForge
[Injection] Injection into dvd ended successfully with 1 injections.
[Injection] Injection into ehu ended successfully with 1 injections.
[17:47:47] [main/INFO]: [OptiFine] (Reflector) Class not present: net.minecraftforge.client.model.pipeline.ForgeBlockModelRenderer
[17:47:24] [main/INFO]: Narrator library for x64 successfully loaded
[17:47:83] [main/INFO]: [OptiFine] (Reflector) Class not present: net.minecraftforge.fml.client.gui.screen.ModListScreen
[17:47:87] [main/INFO]: [OptiFine] (Reflector) Class not present: net.minecraftforge.client.gui.NotificationModUpdateScreen
[17:47:90] [main/INFO]: Reloading ResourceManager: Default
[17:47:93] [main/INFO]: [OptiFine] *** Reloading textures ***
[17:47:93] [main/INFO]: [OptiFine] Resource packs: Default
[17:47:33] [Worker-Main-9/INFO]: [OptiFine] (Reflector) Class not present: net.minecraftforge.client.model.ModelLoaderRegistry
[17:47:42] [main/INFO]: [OptiFine] (Reflector) Method not present: eab.canRenderInLayer
[17:47:42] [main/INFO]: [OptiFine] *** Reflector Forge ***
[17:47:42] [main/INFO]: [OptiFine] (Reflector) Class not present: mods.betterfoliage.client.BetterFoliageClient
[17:47:42] [main/INFO]: [OptiFine] (Reflector) Class not present: net.minecraftforge.fml.BrandingControl
[17:47:42] [main/INFO]: [OptiFine] (Reflector) Class not present: net.minecraftforge.common.capabilities.ICapabilityProvider
[17:47:42] [main/INFO]: [OptiFine] (Reflector) Class not present: net.minecraftforge.common.capabilities.CapabilityProvider
[17:47:42] [main/INFO]: [OptiFine] (Reflector) Class not present: net.minecraftforge.fml.client.ClientModLoader
[17:47:43] [main/INFO]: [OptiFine] (Reflector) Class not present: net.minecraftforge.event.world.ChunkDataEvent$Save
[17:47:43] [Worker-Main-13/INFO]: [OptiFine] Multitexture: false
[17:47:43] [Worker-Main-11/INFO]: [OptiFine] Multitexture: false
[17:47:43] [main/INFO]: [OptiFine] (Reflector) Class not present: net.minecraftforge.event.world.ChunkEvent$Load
[17:47:43] [main/INFO]: [OptiFine] (Reflector) Class not present: net.minecraftforge.event.world.ChunkEvent$Unload
[17:47:43] [main/INFO]: [OptiFine] (Reflector) Class not present: net.minecraftforge.fml.client.ClientHooks
[17:47:43] [main/INFO]: [OptiFine] (Reflector) Class not present: net.minecraftforge.client.event.GuiScreenEvent$DrawScreenEvent$Pre
[17:47:43] [Worker-Main-8/INFO]: [OptiFine] Multitexture: false
[17:47:43] [main/INFO]: [OptiFine] (Reflector) Class not present: net.minecraftforge.client.event.GuiScreenEvent$DrawScreenEvent$Post
[17:47:44] [main/INFO]: [OptiFine] (Reflector) Class not present: net.minecraftforge.event.entity.EntityLeaveWorldEvent
[17:47:49] [main/INFO]: [OptiFine] (Reflector) Class not present: net.minecraftforge.client.event.EntityViewRenderEvent$CameraSetup
[17:47:49] [main/INFO]: [OptiFine] (Reflector) Class not present: net.minecraftforge.client.event.EntityViewRenderEvent$FogColors
[17:47:49] [main/INFO]: [OptiFine] (Reflector) Class not present: net.minecraftforge.client.event.EntityViewRenderEvent$RenderFogEvent
[17:47:51] [main/INFO]: [OptiFine] (Reflector) Class not present: net.minecraftforge.event.entity.EntityJoinWorldEvent
[17:47:52] [main/INFO]: [OptiFine] (Reflector) Method not present: net.minecraftforge.eventbus.api.Event.isCanceled
[17:47:52] [main/INFO]: [OptiFine] (Reflector) Method not present: net.minecraftforge.eventbus.api.Event.getResult
[17:47:52] [main/INFO]: [OptiFine] (Reflector) Class not present: net.minecraftforge.eventbus.api.IEventBus
[17:47:52] [main/INFO]: [OptiFine] (Reflector) Class not present: net.minecraftforge.common.extensions.IForgeBlock
[17:47:52] [main/INFO]: [OptiFine] (Reflector) Method not present: eaw.getTexture
[17:47:52] [main/INFO]: [OptiFine] (Reflector) Method not present: net.minecraftforge.common.extensions.IForgeBlockState.addDestroyEffects
[17:47:52] [main/INFO]: [OptiFine] (Reflector) Method not present: net.minecraftforge.common.extensions.IForgeBlockState.addHitEffects
[17:47:52] [main/INFO]: [OptiFine] (Reflector) Method not present: net.minecraftforge.common.extensions.IForgeBlockState.getLightValue
[17:47:52] [main/INFO]: [OptiFine] (Reflector) Method not present: net.minecraftforge.common.extensions.IForgeBlockState.getSoundType
[17:47:52] [main/INFO]: [OptiFine] (Reflector) Method not present: net.minecraftforge.common.extensions.IForgeBlockState.getStateAtViewpoint
[17:47:52] [main/INFO]: [OptiFine] (Reflector) Method not present: net.minecraftforge.common.extensions.IForgeBlockState.isAir
[17:47:52] [main/INFO]: [OptiFine] (Reflector) Method not present: net.minecraftforge.common.extensions.IForgeBlockState.shouldDisplayFluidOverlay
[17:47:52] [main/INFO]: [OptiFine] (Reflector) Class not present: net.minecraftforge.common.extensions.IForgeFluid
[17:47:52] [main/INFO]: [OptiFine] (Reflector) Class not present: net.minecraftforge.fluids.FluidAttributes
[17:47:54] [main/INFO]: [OptiFine] (Reflector) Method not present: aqe.getTags
[17:47:54] [main/INFO]: [OptiFine] (Reflector) Class not present: net.minecraftforge.event.ForgeEventFactory
[17:47:54] [main/INFO]: [OptiFine] (Reflector) Method not present: cuw.getTags
[17:47:55] [main/INFO]: [OptiFine] (Reflector) Class not present: net.minecraftforge.common.ForgeHooks
[17:47:55] [main/INFO]: [OptiFine] (Reflector) Class not present: net.minecraftforge.common.ForgeConfig
[17:47:55] [main/INFO]: [OptiFine] (Reflector) Class not present: net.minecraftforge.common.ForgeConfig$Client
[17:47:57] [main/INFO]: [OptiFine] (Reflector) Class not present: net.minecraftforge.common.ForgeConfigSpec
[17:47:57] [main/INFO]: [OptiFine] (Reflector) Class not present: net.minecraftforge.common.ForgeConfigSpec$ConfigValue
[17:47:69] [main/INFO]: [OptiFine] (Reflector) Method not present: cfw.getWorldForge
[17:47:69] [main/INFO]: [OptiFine] (Reflector) Class not present: net.minecraftforge.common.extensions.IForgeItem
[17:47:74] [main/INFO]: [OptiFine] (Reflector) Class not present: net.minecraftforge.common.extensions.IForgeItemStack
[17:47:75] [main/INFO]: [OptiFine] (Reflector) Class not present: net.minecraftforge.fml.ForgeI18n
[17:47:75] [main/INFO]: [OptiFine] (Reflector) Method not present: djw.setKeyConflictContext
[17:47:75] [main/INFO]: [OptiFine] (Reflector) Method not present: djw.setKeyModifierAndCode
[17:47:75] [main/INFO]: [OptiFine] (Reflector) Method not present: djw.getKeyModifier
[17:47:77] [main/INFO]: [OptiFine] (Reflector) Class not present: net.minecraftforge.common.extensions.IForgeEffectInstance
[17:47:77] [main/INFO]: [OptiFine] (Reflector) Class not present: net.minecraftforge.registries.ForgeRegistryEntry
[17:47:77] [main/INFO]: [OptiFine] (Reflector) Method not present: eab.canRenderInLayer
[17:47:78] [main/INFO]: [OptiFine] (Reflector) Constructor not present: aak, params: class aal, int, class java.lang.Object, boolean
[17:47:78] [main/INFO]: [OptiFine] (Reflector) Method not present: aak.isForceTicks
[17:47:79] [main/INFO]: [OptiFine] (Reflector) Class not present: net.minecraftforge.common.extensions.IForgeTileEntity
[17:47:80] [main/INFO]: [OptiFine] (Reflector) Method not present: dzv.getCloudRenderHandler
[17:47:80] [main/INFO]: [OptiFine] (Reflector) Method not present: dzv.getSkyRenderHandler
[17:47:80] [main/INFO]: [OptiFine] (Reflector) Method not present: dzv.getWeatherParticleRenderHandler
[17:47:80] [main/INFO]: [OptiFine] (Reflector) Method not present: dzv.getWeatherRenderHandler
[17:47:81] [main/INFO]: [OptiFine] (Reflector) Class not present: net.minecraftforge.client.IRenderHandler
[17:47:81] [main/INFO]: [OptiFine] (Reflector) Class not present: net.minecraftforge.client.model.pipeline.LightUtil
[17:47:82] [main/INFO]: [OptiFine] (Reflector) Class not present: net.minecraftforge.common.MinecraftForge
[17:47:82] [main/INFO]: [OptiFine] (Reflector) Class not present: net.minecraftforge.client.MinecraftForgeClient
[17:47:82] [main/INFO]: [OptiFine] (Reflector) Class not present: net.minecraftforge.fml.common.ModContainer
[17:47:82] [main/INFO]: [OptiFine] (Reflector) Class not present: net.minecraftforge.entity.PartEntity
[17:47:82] [main/INFO]: [OptiFine] (Reflector) Class not present: net.minecraftforge.event.entity.PlaySoundAtEntityEvent
[17:47:82] [main/INFO]: [OptiFine] (Reflector) Class not present: net.minecraftforge.client.event.RenderBlockOverlayEvent$OverlayType
[17:47:82] [main/INFO]: [OptiFine] (Reflector) Class not present: net.minecraftforge.fml.client.registry.RenderingRegistry
[17:47:83] [main/INFO]: [OptiFine] (Reflector) Class not present: net.minecraftforge.client.event.RenderGameOverlayEvent$BossInfo
[17:47:83] [main/INFO]: [OptiFine] (Reflector) Class not present: net.minecraftforge.client.event.RenderItemInFrameEvent
[17:47:83] [main/INFO]: [OptiFine] (Reflector) Class not present: net.minecraftforge.client.event.RenderLivingEvent$Pre
[17:47:83] [main/INFO]: [OptiFine] (Reflector) Class not present: net.minecraftforge.client.event.RenderLivingEvent$Post
[17:47:83] [main/INFO]: [OptiFine] (Reflector) Class not present: net.minecraftforge.client.event.RenderNameplateEvent
[17:47:83] [main/INFO]: [OptiFine] (Reflector) Class not present: net.minecraftforge.client.event.ScreenshotEvent
[17:47:84] [main/INFO]: [OptiFine] (Reflector) Class not present: net.minecraftforge.fml.server.ServerLifecycleHooks
[17:47:86] [main/INFO]: [OptiFine] (Reflector) Class not present: net.minecraftforge.event.world.WorldEvent$Load
[17:47:86] [main/INFO]: [OptiFine] *** Reflector Vanilla ***
[17:47:75] [Realms Notification Availability checker #1/INFO]: Could not authorize you against Realms server: Invalid session id
[17:47:29] [Worker-Main-9/INFO]: [OptiFine] Multitexture: false
[17:47:37] [Worker-Main-9/INFO]: [OptiFine] ConnectedTextures: optifine/ctm/default/00_glass_white/glass_pane_white.properties
[17:47:39] [Worker-Main-9/INFO]: [OptiFine] ConnectedTextures: optifine/ctm/default/00_glass_white/glass_white.properties
[17:47:39] [Worker-Main-9/INFO]: [OptiFine] ConnectedTextures: optifine/ctm/default/01_glass_orange/glass_orange.properties
[17:47:40] [Worker-Main-9/INFO]: [OptiFine] ConnectedTextures: optifine/ctm/default/01_glass_orange/glass_pane_orange.properties
[17:47:40] [Worker-Main-9/INFO]: [OptiFine] ConnectedTextures: optifine/ctm/default/02_glass_magenta/glass_magenta.properties
[17:47:41] [Worker-Main-9/INFO]: [OptiFine] ConnectedTextures: optifine/ctm/default/02_glass_magenta/glass_pane_magenta.properties
[17:47:41] [Worker-Main-9/INFO]: [OptiFine] ConnectedTextures: optifine/ctm/default/03_glass_light_blue/glass_light_blue.properties
[17:47:41] [Worker-Main-9/INFO]: [OptiFine] ConnectedTextures: optifine/ctm/default/03_glass_light_blue/glass_pane_light_blue.properties
[17:47:42] [Worker-Main-9/INFO]: [OptiFine] ConnectedTextures: optifine/ctm/default/04_glass_yellow/glass_pane_yellow.properties
[17:47:42] [Worker-Main-9/INFO]: [OptiFine] ConnectedTextures: optifine/ctm/default/04_glass_yellow/glass_yellow.properties
[17:47:42] [Worker-Main-9/INFO]: [OptiFine] ConnectedTextures: optifine/ctm/default/05_glass_lime/glass_lime.properties
[17:47:43] [Worker-Main-9/INFO]: [OptiFine] ConnectedTextures: optifine/ctm/default/05_glass_lime/glass_pane_lime.properties
[17:47:43] [Worker-Main-9/INFO]: [OptiFine] ConnectedTextures: optifine/ctm/default/06_glass_pink/glass_pane_pink.properties
[17:47:44] [Worker-Main-9/INFO]: [OptiFine] ConnectedTextures: optifine/ctm/default/06_glass_pink/glass_pink.properties
[17:47:44] [Worker-Main-9/INFO]: [OptiFine] ConnectedTextures: optifine/ctm/default/07_glass_gray/glass_gray.properties
[17:47:44] [Worker-Main-9/INFO]: [OptiFine] ConnectedTextures: optifine/ctm/default/07_glass_gray/glass_pane_gray.properties
[17:47:45] [Worker-Main-9/INFO]: [OptiFine] ConnectedTextures: optifine/ctm/default/08_glass_light_gray/glass_light_gray.properties
[17:47:45] [Worker-Main-9/INFO]: [OptiFine] ConnectedTextures: optifine/ctm/default/08_glass_light_gray/glass_pane_light_gray.properties
[17:47:46] [Worker-Main-9/INFO]: [OptiFine] ConnectedTextures: optifine/ctm/default/09_glass_cyan/glass_cyan.properties
[17:47:46] [Worker-Main-9/INFO]: [OptiFine] ConnectedTextures: optifine/ctm/default/09_glass_cyan/glass_pane_cyan.properties
[17:47:47] [Worker-Main-9/INFO]: [OptiFine] ConnectedTextures: optifine/ctm/default/10_glass_purple/glass_pane_purple.properties
[17:47:47] [Worker-Main-9/INFO]: [OptiFine] ConnectedTextures: optifine/ctm/default/10_glass_purple/glass_purple.properties
[17:47:48] [Worker-Main-9/INFO]: [OptiFine] ConnectedTextures: optifine/ctm/default/11_glass_blue/glass_blue.properties
[17:47:48] [Worker-Main-9/INFO]: [OptiFine] ConnectedTextures: optifine/ctm/default/11_glass_blue/glass_pane_blue.properties
[17:47:48] [Worker-Main-9/INFO]: [OptiFine] ConnectedTextures: optifine/ctm/default/12_glass_brown/glass_brown.properties
[17:47:49] [Worker-Main-9/INFO]: [OptiFine] ConnectedTextures: optifine/ctm/default/12_glass_brown/glass_pane_brown.properties
[17:47:49] [Worker-Main-9/INFO]: [OptiFine] ConnectedTextures: optifine/ctm/default/13_glass_green/glass_green.properties
[17:47:49] [Worker-Main-9/INFO]: [OptiFine] ConnectedTextures: optifine/ctm/default/13_glass_green/glass_pane_green.properties
[17:47:49] [Worker-Main-9/INFO]: [OptiFine] ConnectedTextures: optifine/ctm/default/14_glass_red/glass_pane_red.properties
[17:47:50] [Worker-Main-9/INFO]: [OptiFine] ConnectedTextures: optifine/ctm/default/14_glass_red/glass_red.properties
[17:47:50] [Worker-Main-9/INFO]: [OptiFine] ConnectedTextures: optifine/ctm/default/15_glass_black/glass_black.properties
[17:47:50] [Worker-Main-9/INFO]: [OptiFine] ConnectedTextures: optifine/ctm/default/15_glass_black/glass_pane_black.properties
[17:47:51] [Worker-Main-9/INFO]: [OptiFine] ConnectedTextures: optifine/ctm/default/20_glass/glass.properties
[17:47:51] [Worker-Main-9/INFO]: [OptiFine] ConnectedTextures: optifine/ctm/default/20_glass/glass_pane.properties
[17:47:51] [Worker-Main-9/INFO]: [OptiFine] ConnectedTextures: optifine/ctm/default/30_bookshelf/bookshelf.properties
[17:47:51] [Worker-Main-9/INFO]: [OptiFine] ConnectedTextures: optifine/ctm/default/40_sandstone/sandstone.properties
[17:47:51] [Worker-Main-9/INFO]: [OptiFine] ConnectedTextures: optifine/ctm/default/41_red_sandstone/red_sandstone.properties
[17:47:52] [Worker-Main-9/INFO]: [OptiFine] Multipass connected textures: false
[17:47:52] [Worker-Main-9/INFO]: [OptiFine] BetterGrass: Parsing default configuration optifine/bettergrass.properties
[17:47:30] [Worker-Main-9/INFO]: [OptiFine] Mipmap levels: 4
[17:47:01] [Worker-Main-9/INFO]: [OptiFine] Multitexture: false
[17:47:17] [Worker-Main-9/INFO]: [OptiFine] Sprite size: 64
[17:47:17] [Worker-Main-9/INFO]: [OptiFine] Mipmap levels: 6
[17:47:18] [Worker-Main-9/INFO]: [OptiFine] Multitexture: false
[17:47:36] [Worker-Main-9/INFO]: [OptiFine] Sprite size: 64
[17:47:36] [Worker-Main-9/INFO]: [OptiFine] Mipmap levels: 6
[17:47:37] [Worker-Main-9/INFO]: [OptiFine] Multitexture: false
[17:47:43] [Worker-Main-9/INFO]: [OptiFine] Sprite size: 64
[17:47:43] [Worker-Main-9/INFO]: [OptiFine] Mipmap levels: 6
[17:47:44] [Worker-Main-9/INFO]: [OptiFine] Multitexture: false
[17:47:45] [Worker-Main-9/INFO]: [OptiFine] Sprite size: 64
[17:47:45] [Worker-Main-9/INFO]: [OptiFine] Mipmap levels: 6
[17:47:45] [Worker-Main-9/INFO]: [OptiFine] Multitexture: false
[17:47:49] [Worker-Main-9/INFO]: [OptiFine] Sprite size: 64
[17:47:49] [Worker-Main-9/INFO]: [OptiFine] Mipmap levels: 6
[17:47:50] [Worker-Main-9/INFO]: [OptiFine] Multitexture: false
[17:47:51] [Worker-Main-9/INFO]: [OptiFine] Sprite size: 64
[17:47:51] [Worker-Main-9/INFO]: [OptiFine] Mipmap levels: 6
[17:47:63] [main/INFO]: OpenAL initialized.
[17:47:63] [main/INFO]: Sound engine started
[17:47:30] [main/INFO]: Created: 1024x512x4 minecraft:textures/atlas/blocks.png-atlas
[17:47:56] [main/INFO]: [OptiFine] Animated sprites: 43
[17:47:56] [main/INFO]: Created: 256x128x4 minecraft:textures/atlas/signs.png-atlas
[17:47:56] [main/INFO]: [OptiFine] Animated sprites: 0
[17:47:57] [main/INFO]: Created: 512x512x4 minecraft:textures/atlas/banner_patterns.png-atlas
[17:47:57] [main/INFO]: [OptiFine] Animated sprites: 0
[17:47:57] [main/INFO]: Created: 512x512x4 minecraft:textures/atlas/shield_patterns.png-atlas
[17:47:57] [main/INFO]: [OptiFine] Animated sprites: 0
[17:47:57] [main/INFO]: Created: 256x256x4 minecraft:textures/atlas/chest.png-atlas
[17:47:58] [main/INFO]: [OptiFine] Animated sprites: 0
[17:47:58] [main/INFO]: Created: 512x256x4 minecraft:textures/atlas/beds.png-atlas
[17:47:58] [main/INFO]: [OptiFine] Animated sprites: 0
[17:47:58] [main/INFO]: Created: 512x256x4 minecraft:textures/atlas/shulker_boxes.png-atlas
[17:47:58] [main/INFO]: [OptiFine] Animated sprites: 0
[17:47:21] [main/INFO]: Created: 256x256x0 minecraft:textures/atlas/particles.png-atlas
[17:47:21] [main/INFO]: [OptiFine] Animated sprites: 0
[17:47:22] [main/INFO]: Created: 256x256x0 minecraft:textures/atlas/paintings.png-atlas
[17:47:22] [main/INFO]: [OptiFine] Animated sprites: 0
[17:47:22] [main/INFO]: Created: 128x128x0 minecraft:textures/atlas/mob_effects.png-atlas
[17:47:22] [main/INFO]: [OptiFine] Animated sprites: 0
[17:47:52] [main/INFO]: [OptiFine] *** Reloading custom textures ***
[17:47:98] [main/INFO]: [OptiFine] Disable Forge light pipeline
[17:56:49] [main/WARN]: Ambiguity between arguments [teleport, destination] and [teleport, targets] with inputs: [Player, 0123, @e, dd12be42-52a9-4a91-a8a1-11c01849e498]
[17:56:49] [main/WARN]: Ambiguity between arguments [teleport, location] and [teleport, destination] with inputs: [0.1 -0.5 .9, 0 0 0]
[17:56:49] [main/WARN]: Ambiguity between arguments [teleport, location] and [teleport, targets] with inputs: [0.1 -0.5 .9, 0 0 0]
[17:56:49] [main/WARN]: Ambiguity between arguments [teleport, targets] and [teleport, destination] with inputs: [Player, 0123, dd12be42-52a9-4a91-a8a1-11c01849e498]
[17:56:49] [main/WARN]: Ambiguity between arguments [teleport, targets, location] and [teleport, targets, destination] with inputs: [0.1 -0.5 .9, 0 0 0]
[17:56:50] [main/INFO]: Reloading ResourceManager: Default
[17:56:21] [main/INFO]: Loaded 7 recipes
[17:56:67] [main/INFO]: Loaded 927 advancements
[17:56:03] [main/INFO]: Environment: authHost='https://authserver.mojang.com', accountsHost='https://api.mojang.com', sessionHost='https://sessionserver.mojang.com', servicesHost='https://api.minecraftservices.com', name='PROD'
[17:56:30] [Server thread/INFO]: Starting integrated minecraft server version 1.16.5
[17:56:30] [Server thread/INFO]: Generating keypair
[17:56:38] [Server thread/INFO]: Preparing start region for dimension minecraft:overworld
[17:56:46] [main/INFO]: Preparando rea de nascimento: 0%
[17:56:90] [main/INFO]: Preparando rea de nascimento: 0%
[17:56:41] [main/INFO]: Preparando rea de nascimento: 0%
[17:56:91] [main/INFO]: Preparando rea de nascimento: 1%
[17:56:54] [main/INFO]: Preparando rea de nascimento: 2%
[17:56:89] [main/INFO]: Preparando rea de nascimento: 3%
[17:56:40] [main/INFO]: Preparando rea de nascimento: 9%
[17:56:89] [main/INFO]: Preparando rea de nascimento: 10%
[17:56:81] [main/INFO]: Preparando rea de nascimento: 13%
[17:56:90] [main/INFO]: Preparando rea de nascimento: 13%
[17:56:40] [main/INFO]: Preparando rea de nascimento: 20%
[17:56:91] [main/INFO]: Preparando rea de nascimento: 23%
[17:56:39] [main/INFO]: Preparando rea de nascimento: 24%
[17:56:90] [main/INFO]: Preparando rea de nascimento: 30%
[17:56:39] [main/INFO]: Preparando rea de nascimento: 30%
[17:56:91] [main/INFO]: Preparando rea de nascimento: 35%
[17:57:41] [main/INFO]: Preparando rea de nascimento: 35%
[17:57:89] [main/INFO]: Preparando rea de nascimento: 42%
[17:57:40] [main/INFO]: Preparando rea de nascimento: 42%
[17:57:95] [main/INFO]: Preparando rea de nascimento: 50%
[17:57:41] [main/INFO]: Preparando rea de nascimento: 54%
[17:57:18] [main/INFO]: Preparando rea de nascimento: 54%
[17:57:42] [main/INFO]: Preparando rea de nascimento: 62%
[17:57:99] [main/INFO]: Preparando rea de nascimento: 66%
[17:57:42] [main/INFO]: Preparando rea de nascimento: 69%
[17:57:91] [main/INFO]: Preparando rea de nascimento: 74%
[17:57:71] [main/INFO]: Preparando rea de nascimento: 75%
[17:57:27] [main/INFO]: Preparando rea de nascimento: 82%
[17:57:39] [main/INFO]: Preparando rea de nascimento: 86%
[17:57:90] [main/INFO]: Preparando rea de nascimento: 92%
[17:57:47] [main/INFO]: Preparando rea de nascimento: 97%
[17:57:52] [main/INFO]: Time elapsed: 15131 ms
[17:57:96] [Server thread/INFO]: Changing view distance to 11, from 10
[17:57:08] [Server thread/INFO]: WeirdCat[local:E:04c862e9] logged in with entity id 328 at (-119.5, 69.0, -89.5)
[17:57:27] [Server thread/INFO]: WeirdCat entrou na partida
[17:57:83] [Server thread/INFO]: Saving and pausing game...
[17:57:91] [Server thread/INFO]: Saving chunks for level 'ServerLevel[Suturn&Lunamiibunny]'/minecraft:overworld
[17:57:47] [main/INFO]: Loaded 0 advancements
[17:57:69] [Server thread/INFO]: Saving chunks for level 'ServerLevel[Suturn&Lunamiibunny]'/minecraft:the_nether
[17:57:69] [Server thread/INFO]: Saving chunks for level 'ServerLevel[Suturn&Lunamiibunny]'/minecraft:the_end
[17:57:89] [Server thread/WARN]: Can't keep up! Is the server overloaded? Running 2932ms or 58 ticks behind
[17:57:06] [main/INFO]: calculated cape performance:TEXTURE_272, middle time: 8.166666666666666
[17:57:61] [Server thread/INFO]: Saving and pausing game...
[17:57:62] [Server thread/INFO]: Saving chunks for level 'ServerLevel[Suturn&Lunamiibunny]'/minecraft:overworld
[17:57:54] [Server thread/INFO]: Saving chunks for level 'ServerLevel[Suturn&Lunamiibunny]'/minecraft:the_nether
[17:57:54] [Server thread/INFO]: Saving chunks for level 'ServerLevel[Suturn&Lunamiibunny]'/minecraft:the_end
[17:57:82] [main/INFO]: textures 'elitra_test_272' was added, skin: false,cape: true, max waiting: 596 ,during : 630720 
[17:57:82] [main/INFO]: can use texture size:TEXTURE_136, middle time: 101.5
[17:57:39] [main/INFO]: Using default channel type
[17:57:42] [main/INFO]: Started serving on 51100
[17:57:51] [main/INFO]: [CHAT] A partida local foi hospedada na porta 51100
[17:57:62] [main/INFO]: Loaded 4 advancements
[17:58:39] [User Authenticator #1/WARN]: Failed to verify username but will let them in anyway!
[17:58:43] [Server thread/INFO]: lunamiibunny[/26.252.3.25:63574] logged in with entity id 846 at (-130.5, 70.0, -100.5)
[17:58:45] [Server thread/INFO]: lunamiibunny entrou na partida
[17:58:46] [main/INFO]: [CHAT] lunamiibunny entrou na partida
[17:59:59] [main/INFO]: Loaded 16 advancements
[17:59:29] [main/INFO]: Loaded 25 advancements
[17:59:65] [main/INFO]: Loaded 28 advancements
[18:00:66] [Server thread/INFO]: WeirdCat conquistou o progresso [A Idade da Pedra]
[18:00:69] [main/INFO]: [CHAT] WeirdCat conquistou o progresso [A Idade da Pedra]
[18:00:73] [main/INFO]: Loaded 43 advancements
[18:00:07] [main/WARN]: Unable to play empty soundEvent: minecraft:entity.salmon.ambient
[18:02:52] [Server thread/INFO]: WeirdCat conquistou o progresso [Salto de qualidade]
[18:02:53] [main/INFO]: [CHAT] WeirdCat conquistou o progresso [Salto de qualidade]
[18:02:55] [main/INFO]: Loaded 48 advancements
[18:02:04] [main/INFO]: Loaded 62 advancements
[18:02:52] [main/INFO]: Loaded 65 advancements
[18:02:30] [main/INFO]: Loaded 66 advancements
[18:03:83] [main/INFO]: Loaded 72 advancements
[18:03:43] [main/INFO]: Loaded 74 advancements
[18:03:18] [main/INFO]: Loaded 77 advancements
[18:03:67] [main/INFO]: Loaded 78 advancements
[18:03:43] [Server thread/INFO]: WeirdCat conquistou o progresso [Caador de monstros]
[18:03:45] [main/INFO]: [CHAT] WeirdCat conquistou o progresso [Caador de monstros]
[18:03:48] [main/INFO]: Loaded 81 advancements
[18:04:18] [main/INFO]: Loaded 82 advancements
[18:06:07] [main/INFO]: Loaded 94 advancements
[18:07:12] [Server thread/INFO]: <lunamiibunny> -152.790 72 -111
[18:07:14] [main/INFO]: [CHAT] <lunamiibunny> -152.790 72 -111
[18:07:77] [main/INFO]: Loaded 95 advancements
[18:07:47] [main/INFO]: Loaded 96 advancements
[18:07:77] [main/INFO]: Loaded 97 advancements
[18:07:83] [main/INFO]: Loaded 98 advancements
[18:07:57] [main/INFO]: Loaded 99 advancements
[18:07:73] [main/INFO]: Loaded 100 advancements
[18:09:87] [main/INFO]: Loaded 110 advancements
[18:09:44] [Server thread/INFO]: lunamiibunny conquistou o progresso [A Idade da Pedra]
[18:09:45] [main/INFO]: [CHAT] lunamiibunny conquistou o progresso [A Idade da Pedra]
[18:09:27] [Server thread/INFO]: lunamiibunny conquistou o progresso [Salto de qualidade]
[18:09:27] [main/INFO]: [CHAT] lunamiibunny conquistou o progresso [Salto de qualidade]
[18:12:13] [main/INFO]: Loaded 110 advancements
[18:15:14] [Server thread/INFO]: lunamiibunny conquistou o progresso [Caador de monstros]
[18:15:14] [main/INFO]: [CHAT] lunamiibunny conquistou o progresso [Caador de monstros]
[18:15:73] [Server thread/INFO]: Zumbi matou lunamiibunny
[18:15:73] [main/INFO]: [CHAT] Zumbi matou lunamiibunny
[18:15:85] [main/INFO]: Loaded 110 advancements
[18:15:99] [main/INFO]: Loaded 111 advancements
[18:15:49] [main/INFO]: Loaded 113 advancements
[18:19:48] [main/INFO]: Loaded 114 advancements
[18:19:18] [main/INFO]: Loaded 116 advancements
[18:19:93] [main/INFO]: Loaded 116 advancements
[18:20:98] [main/INFO]: Loaded 131 advancements
[18:20:91] [main/INFO]: Loaded 131 advancements
[18:21:84] [main/INFO]: Loaded 150 advancements
[18:21:95] [main/INFO]: Loaded 153 advancements
[18:24:62] [main/INFO]: Loaded 155 advancements
[18:25:06] [Server thread/INFO]: WeirdCat conquistou o progresso [A Idade do Ferro]
[18:25:07] [main/INFO]: [CHAT] WeirdCat conquistou o progresso [A Idade do Ferro]
[18:25:09] [main/INFO]: Loaded 181 advancements
[18:25:83] [main/INFO]: Loaded 183 advancements
[18:26:77] [Server thread/WARN]: Mismatch in destroy block pos: fx{x=-439, y=59, z=26} fx{x=-439, y=60, z=26}
[18:26:64] [main/INFO]: Loaded 186 advancements
[18:27:43] [main/INFO]: Loaded 192 advancements
[18:28:48] [main/INFO]: Loaded 193 advancements
[18:28:51] [Server thread/INFO]: lunamiibunny conquistou o progresso [Bons sonhos]
[18:28:55] [main/INFO]: [CHAT] lunamiibunny conquistou o progresso [Bons sonhos]
[18:28:66] [Server thread/INFO]: WeirdCat conquistou o progresso [Bons sonhos]
[18:28:68] [main/INFO]: [CHAT] O ponto de renascimento foi definido
[18:28:68] [main/INFO]: [CHAT] WeirdCat conquistou o progresso [Bons sonhos]
[18:28:68] [main/INFO]: Loaded 193 advancements
[18:31:78] [main/INFO]: Loaded 196 advancements
[18:31:78] [main/INFO]: Loaded 197 advancements
[18:32:91] [Server thread/INFO]: Villager bfj['Armadureiro'/2505, l='ServerLevel[Suturn&Lunamiibunny]', x=-373.72, y=69.00, z=-23.29] died, message: 'WeirdCat matou Armadureiro'
[18:32:93] [main/INFO]: Villager bfj['Armadureiro'/2505, l='ClientLevel', x=-373.54, y=69.00, z=-23.49] died, message: 'Armadureiro morreu'
[18:37:79] [main/INFO]: Loaded 197 advancements
[18:39:73] [main/INFO]: [CHAT] O ponto de renascimento foi definido
[18:39:27] [Server thread/INFO]: <lunamiibunny> 3
[18:39:29] [main/INFO]: [CHAT] <lunamiibunny> 3
[18:42:71] [main/INFO]: [CHAT] O ponto de renascimento foi definido
[18:51:00] [main/INFO]: Loaded 197 advancements
[18:51:34] [main/INFO]: Loaded 202 advancements
[18:52:04] [Server thread/INFO]: <WeirdCat> zz
[18:52:04] [main/INFO]: [CHAT] <WeirdCat> zz
[18:52:23] [Server thread/INFO]: Esqueleto atingiu lunamiibunny
[18:52:24] [main/INFO]: [CHAT] Esqueleto atingiu lunamiibunny
[18:53:30] [main/INFO]: Loaded 203 advancements
[18:53:89] [main/INFO]: Loaded 212 advancements
[18:53:88] [main/INFO]: Loaded 213 advancements
[18:53:52] [main/INFO]: Loaded 219 advancements
[18:53:02] [main/INFO]: Loaded 220 advancements
[18:54:92] [main/INFO]: [CHAT] O ponto de renascimento foi definido
[18:55:14] [main/INFO]: Loaded 221 advancements
[18:56:29] [Server thread/INFO]: lunamiibunny conquistou o progresso [A Idade do Ferro]
[18:56:33] [main/INFO]: [CHAT] lunamiibunny conquistou o progresso [A Idade do Ferro]
[19:00:88] [main/INFO]: Loaded 221 advancements
[19:00:88] [main/INFO]: Loaded 221 advancements
[19:00:78] [main/INFO]: Loaded 223 advancements
[19:05:68] [main/INFO]: [CHAT] O ponto de renascimento foi definido
[19:11:88] [Server thread/INFO]: lunamiibunny conquistou o progresso [Amigos para sempre]
[19:11:90] [main/INFO]: [CHAT] lunamiibunny conquistou o progresso [Amigos para sempre]
[19:12:59] [main/INFO]: Loaded 225 advancements
[19:13:89] [Server thread/INFO]: WeirdCat conquistou o progresso [Amigos para sempre]
[19:13:90] [main/INFO]: [CHAT] WeirdCat conquistou o progresso [Amigos para sempre]
[19:13:92] [main/INFO]: Loaded 225 advancements
[19:18:17] [main/INFO]: [CHAT] O ponto de renascimento foi definido
[19:18:94] [Server thread/INFO]: Villager bfj['Aldeo'/2000, l='ServerLevel[Suturn&Lunamiibunny]', x=-381.83, y=71.00, z=-114.36] died, message: 'lunamiibunny matou Aldeo'
[19:18:94] [main/INFO]: Villager bfj['Aldeo'/2000, l='ClientLevel', x=-381.97, y=71.00, z=-114.49] died, message: 'Aldeo morreu'
[19:21:95] [main/INFO]: Loaded 232 advancements
[19:32:38] [Server thread/INFO]: <lunamiibunny> to me sentindo meios em proposito
[19:32:41] [main/INFO]: [CHAT] <lunamiibunny> to me sentindo meios em proposito
[19:32:83] [Server thread/INFO]: <WeirdCat> um
[19:32:86] [main/INFO]: [CHAT] <WeirdCat> um
[19:32:58] [Server thread/INFO]: <WeirdCat> vc gostaria de fazer algo importante?
[19:32:58] [main/INFO]: [CHAT] <WeirdCat> vc gostaria de fazer algo importante?
[19:32:88] [Server thread/INFO]: <lunamiibunny> nao sei
[19:32:91] [main/INFO]: [CHAT] <lunamiibunny> nao sei
[19:32:38] [Server thread/INFO]: <lunamiibunny> nao sei se da
[19:32:38] [main/INFO]: [CHAT] <lunamiibunny> nao sei se da
[19:32:30] [Server thread/INFO]: <lunamiibunny> eu nao consigo fazer nd
[19:32:33] [main/INFO]: [CHAT] <lunamiibunny> eu nao consigo fazer nd
[19:41:59] [Server thread/INFO]: lunamiibunny lost connection: Desconectado
[19:41:59] [Server thread/INFO]: lunamiibunny saiu da partida
[19:41:61] [main/INFO]: [CHAT] lunamiibunny saiu da partida
[19:41:82] [Server thread/INFO]: WeirdCat lost connection: Desconectado
[19:41:82] [Server thread/INFO]: WeirdCat saiu da partida
[19:41:83] [Server thread/INFO]: Stopping singleplayer server as player logged out
[19:41:87] [Server thread/INFO]: Stopping server
[19:41:87] [Server thread/INFO]: Saving players
[19:41:87] [Server thread/INFO]: Saving worlds
[19:41:87] [Server thread/INFO]: Saving chunks for level 'ServerLevel[Suturn&Lunamiibunny]'/minecraft:overworld
[19:41:45] [Server thread/INFO]: ThreadedAnvilChunkStorage (Suturn&Lunamiibunny): All chunks are saved
[19:41:45] [Server thread/INFO]: Saving chunks for level 'ServerLevel[Suturn&Lunamiibunny]'/minecraft:the_nether
[19:41:45] [Server thread/INFO]: ThreadedAnvilChunkStorage (DIM-1): All chunks are saved
[19:41:45] [Server thread/INFO]: Saving chunks for level 'ServerLevel[Suturn&Lunamiibunny]'/minecraft:the_end
[19:41:45] [Server thread/INFO]: ThreadedAnvilChunkStorage (DIM1): All chunks are saved
[19:41:63] [Server thread/INFO]: ThreadedAnvilChunkStorage (Suturn&Lunamiibunny): All chunks are saved
[19:41:01] [Server thread/INFO]: ThreadedAnvilChunkStorage (DIM-1): All chunks are saved
[19:41:01] [Server thread/INFO]: ThreadedAnvilChunkStorage (DIM1): All chunks are saved
[19:41:27] [main/INFO]: Stopping!
Here I am!
[VersionManager] Refreshing versions locally...
[VersionManager] Versions has been refreshed (184 ms)
[Launcher] Minecraft closed with exit code: 0
[Launcher] Launcher exited.
Good bye!
[Double running] clear time label
[TLauncherManager] before clearLibrary 
[TLauncherManager] written:  []
[TLauncherManager] after clearLibrary 
flush now
